2025-03-03 22:34:37.696 [info] [main] Log level: Info
2025-03-03 22:34:37.696 [info] [main] Validating found git in: "git"
2025-03-03 22:34:37.696 [info] [main] Using git "2.48.1" from "git"
2025-03-03 22:34:37.696 [info] [Model][doInitialScan] Initial repository scan started
2025-03-03 22:34:37.696 [info] > git rev-parse --show-toplevel [7ms]
2025-03-03 22:34:37.696 [info] > git rev-parse --git-dir --git-common-dir [3ms]
2025-03-03 22:34:37.696 [info] [Model][openRepository] Opened repository: /home/ben/code/unity_projects/blood-bath
2025-03-03 22:34:37.696 [info] > git rev-parse --show-toplevel [60ms]
2025-03-03 22:34:37.697 [info] > git config --get commit.template [68ms]
2025-03-03 22:34:37.724 [info] > git for-each-ref --format=%(refname)%00%(upstream:short)%00%(objectname)%00%(upstream:track)%00%(upstream:remotename)%00%(upstream:remoteref) refs/heads/DialogueTest refs/remotes/DialogueTest [2ms]
2025-03-03 22:34:37.725 [info] > git rev-parse --show-toplevel [10ms]
2025-03-03 22:34:37.734 [info] > git rev-parse --show-toplevel [2ms]
2025-03-03 22:34:37.757 [info] > git for-each-ref --sort -committerdate --format %(refname) %(objectname) %(*objectname) [7ms]
2025-03-03 22:34:37.759 [info] > git rev-parse --show-toplevel [2ms]
2025-03-03 22:34:37.766 [info] > git rev-parse --show-toplevel [2ms]
2025-03-03 22:34:37.773 [info] > git rev-parse --show-toplevel [2ms]
2025-03-03 22:34:37.780 [info] > git rev-parse --show-toplevel [2ms]
2025-03-03 22:34:37.786 [info] > git rev-parse --show-toplevel [1ms]
2025-03-03 22:34:37.787 [info] [Model][doInitialScan] Initial repository scan completed - repositories (1), closed repositories (0), parent repositories (0), unsafe repositories (0)
2025-03-03 22:34:37.874 [info] > git status -z -uall [134ms]
2025-03-03 22:34:37.905 [info] > git for-each-ref --format=%(refname)%00%(upstream:short)%00%(objectname)%00%(upstream:track)%00%(upstream:remotename)%00%(upstream:remoteref) refs/heads/DialogueTest refs/remotes/DialogueTest [9ms]
2025-03-03 22:34:37.913 [info] > git config --get commit.template [9ms]
2025-03-03 22:34:37.914 [info] > git config --get --local branch.DialogueTest.vscode-merge-base [2ms]
2025-03-03 22:34:37.914 [warning] [Git][config] git config failed: Failed to execute git
2025-03-03 22:34:37.929 [info] > git reflog DialogueTest --grep-reflog=branch: Created from *. [9ms]
2025-03-03 22:34:37.939 [info] > git for-each-ref --format=%(refname)%00%(upstream:short)%00%(objectname)%00%(upstream:track)%00%(upstream:remotename)%00%(upstream:remoteref) refs/heads/DialogueTest refs/remotes/DialogueTest [13ms]
2025-03-03 22:34:37.960 [info] > git for-each-ref --format=%(refname)%00%(upstream:short)%00%(objectname)%00%(upstream:track)%00%(upstream:remotename)%00%(upstream:remoteref) refs/remotes/origin/DialogueTest [24ms]
2025-03-03 22:34:37.985 [info] > git show --textconv :Assets/Scripts/playerScripts/ComboSystem.cs [11ms]
2025-03-03 22:34:37.986 [info] > git ls-files --stage -- /home/ben/code/unity_projects/blood-bath/Assets/Scripts/playerScripts/ComboSystem.cs [2ms]
2025-03-03 22:34:37.993 [info] > git config --add --local branch.DialogueTest.vscode-merge-base origin/DialogueTest [26ms]
2025-03-03 22:34:38.000 [info] > git cat-file -s 4a157ce5757acf6de3e40dd21b36c07184645d5e [8ms]
2025-03-03 22:34:38.012 [info] > git config --get commit.template [11ms]
2025-03-03 22:34:38.013 [info] > git for-each-ref --format=%(refname)%00%(upstream:short)%00%(objectname)%00%(upstream:track)%00%(upstream:remotename)%00%(upstream:remoteref) refs/heads/DialogueTest refs/remotes/DialogueTest [4ms]
2025-03-03 22:34:38.027 [info] > git config --get --local branch.DialogueTest.vscode-merge-base [8ms]
2025-03-03 22:34:38.036 [info] > git for-each-ref --format=%(refname)%00%(upstream:short)%00%(objectname)%00%(upstream:track)%00%(upstream:remotename)%00%(upstream:remoteref) refs/heads/origin/DialogueTest refs/remotes/origin/DialogueTest [3ms]
2025-03-03 22:34:38.043 [info] > git for-each-ref --format=%(refname)%00%(upstream:short)%00%(objectname)%00%(upstream:track)%00%(upstream:remotename)%00%(upstream:remoteref) refs/heads/DialogueTest refs/remotes/DialogueTest [17ms]
2025-03-03 22:34:38.055 [info] > git merge-base refs/heads/DialogueTest refs/remotes/origin/DialogueTest [13ms]
2025-03-03 22:34:38.077 [info] > git diff --name-status -z --diff-filter=ADMR 7eadd51a5330d0e65142008b53a3cba221892078...refs/remotes/origin/DialogueTest [15ms]
2025-03-03 22:34:38.085 [info] > git for-each-ref --sort -committerdate --format %(refname) %(objectname) %(*objectname) [9ms]
2025-03-03 22:34:38.090 [info] > git blame --root --incremental 7eadd51a5330d0e65142008b53a3cba221892078 -- /home/ben/code/unity_projects/blood-bath/Assets/Scripts/playerScripts/ComboSystem.cs [6ms]
2025-03-03 22:34:38.204 [info] > git status -z -uall [135ms]
2025-03-03 22:34:38.209 [info] > git check-ignore -v -z --stdin [9ms]
2025-03-03 22:35:12.581 [info] > git show --textconv :Assets/Scripts/playerScripts/CombatScript.cs [10ms]
2025-03-03 22:35:12.582 [info] > git ls-files --stage -- /home/ben/code/unity_projects/blood-bath/Assets/Scripts/playerScripts/CombatScript.cs [2ms]
2025-03-03 22:35:12.591 [info] > git cat-file -s 2a2226adc0de9650080c719f4ef521c1bd2e0f22 [1ms]
2025-03-03 22:35:28.535 [info] > git blame --root --incremental 7eadd51a5330d0e65142008b53a3cba221892078 -- /home/ben/code/unity_projects/blood-bath/Assets/Scripts/playerScripts/CombatScript.cs [5ms]
2025-03-03 22:36:55.174 [info] > git config --get commit.template [8ms]
2025-03-03 22:36:55.175 [info] > git for-each-ref --format=%(refname)%00%(upstream:short)%00%(objectname)%00%(upstream:track)%00%(upstream:remotename)%00%(upstream:remoteref) refs/heads/DialogueTest refs/remotes/DialogueTest [2ms]
2025-03-03 22:36:55.193 [info] > git for-each-ref --sort -committerdate --format %(refname) %(objectname) %(*objectname) [1ms]
2025-03-03 22:36:55.308 [info] > git status -z -uall [125ms]
2025-03-03 22:37:01.806 [info] > git config --get commit.template [1ms]
2025-03-03 22:37:01.815 [info] > git for-each-ref --format=%(refname)%00%(upstream:short)%00%(objectname)%00%(upstream:track)%00%(upstream:remotename)%00%(upstream:remoteref) refs/heads/DialogueTest refs/remotes/DialogueTest [1ms]
2025-03-03 22:37:01.831 [info] > git for-each-ref --sort -committerdate --format %(refname) %(objectname) %(*objectname) [2ms]
2025-03-03 22:37:01.947 [info] > git status -z -uall [125ms]
2025-03-03 22:37:09.457 [info] > git config --get commit.template [9ms]
2025-03-03 22:37:09.458 [info] > git for-each-ref --format=%(refname)%00%(upstream:short)%00%(objectname)%00%(upstream:track)%00%(upstream:remotename)%00%(upstream:remoteref) refs/heads/DialogueTest refs/remotes/DialogueTest [2ms]
2025-03-03 22:37:09.476 [info] > git for-each-ref --sort -committerdate --format %(refname) %(objectname) %(*objectname) [2ms]
2025-03-03 22:37:09.594 [info] > git status -z -uall [127ms]
2025-03-03 22:37:18.324 [info] > git config --get commit.template [1ms]
2025-03-03 22:37:18.333 [info] > git for-each-ref --format=%(refname)%00%(upstream:short)%00%(objectname)%00%(upstream:track)%00%(upstream:remotename)%00%(upstream:remoteref) refs/heads/DialogueTest refs/remotes/DialogueTest [1ms]
2025-03-03 22:37:18.348 [info] > git status -z -uall [9ms]
2025-03-03 22:37:18.349 [info] > git for-each-ref --sort -committerdate --format %(refname) %(objectname) %(*objectname) [1ms]
2025-03-03 22:37:19.435 [info] > git config --get commit.template [1ms]
2025-03-03 22:37:19.443 [info] > git for-each-ref --format=%(refname)%00%(upstream:short)%00%(objectname)%00%(upstream:track)%00%(upstream:remotename)%00%(upstream:remoteref) refs/heads/DialogueTest refs/remotes/DialogueTest [1ms]
2025-03-03 22:37:19.458 [info] > git status -z -uall [8ms]
2025-03-03 22:37:19.459 [info] > git for-each-ref --sort -committerdate --format %(refname) %(objectname) %(*objectname) [2ms]
2025-03-03 22:37:19.536 [info] > git ls-files --stage -- /home/ben/code/unity_projects/blood-bath/Assets/Scripts/playerScripts/CombatScript.cs [2ms]
2025-03-03 22:37:19.545 [info] > git cat-file -s 2a2226adc0de9650080c719f4ef521c1bd2e0f22 [2ms]
2025-03-03 22:37:19.555 [info] > git show --textconv :Assets/Scripts/playerScripts/CombatScript.cs [2ms]
2025-03-03 22:37:21.323 [info] > git config --get commit.template [9ms]
2025-03-03 22:37:21.324 [info] > git for-each-ref --format=%(refname)%00%(upstream:short)%00%(objectname)%00%(upstream:track)%00%(upstream:remotename)%00%(upstream:remoteref) refs/heads/DialogueTest refs/remotes/DialogueTest [2ms]
2025-03-03 22:37:21.339 [info] > git status -z -uall [7ms]
2025-03-03 22:37:21.340 [info] > git for-each-ref --sort -committerdate --format %(refname) %(objectname) %(*objectname) [1ms]
2025-03-03 22:37:22.483 [info] > git ls-files --stage -- /home/ben/code/unity_projects/blood-bath/Assets/Scripts/playerScripts/CombatScript.cs [1ms]
2025-03-03 22:37:22.492 [info] > git cat-file -s 2a2226adc0de9650080c719f4ef521c1bd2e0f22 [1ms]
2025-03-03 22:37:22.504 [info] > git show --textconv :Assets/Scripts/playerScripts/CombatScript.cs [2ms]
2025-03-03 22:37:24.482 [info] > git config --get commit.template [9ms]
2025-03-03 22:37:24.483 [info] > git for-each-ref --format=%(refname)%00%(upstream:short)%00%(objectname)%00%(upstream:track)%00%(upstream:remotename)%00%(upstream:remoteref) refs/heads/DialogueTest refs/remotes/DialogueTest [2ms]
2025-03-03 22:37:24.506 [info] > git status -z -uall [12ms]
2025-03-03 22:37:24.508 [info] > git for-each-ref --sort -committerdate --format %(refname) %(objectname) %(*objectname) [3ms]
2025-03-03 22:37:41.582 [info] > git config --get commit.template [8ms]
2025-03-03 22:37:41.583 [info] > git for-each-ref --format=%(refname)%00%(upstream:short)%00%(objectname)%00%(upstream:track)%00%(upstream:remotename)%00%(upstream:remoteref) refs/heads/DialogueTest refs/remotes/DialogueTest [1ms]
2025-03-03 22:37:41.597 [info] > git status -z -uall [7ms]
2025-03-03 22:37:41.598 [info] > git for-each-ref --sort -committerdate --format %(refname) %(objectname) %(*objectname) [1ms]
2025-03-03 22:37:43.544 [info] > git config --get commit.template [8ms]
2025-03-03 22:37:43.545 [info] > git for-each-ref --format=%(refname)%00%(upstream:short)%00%(objectname)%00%(upstream:track)%00%(upstream:remotename)%00%(upstream:remoteref) refs/heads/DialogueTest refs/remotes/DialogueTest [1ms]
2025-03-03 22:37:43.561 [info] > git status -z -uall [9ms]
2025-03-03 22:37:43.562 [info] > git for-each-ref --sort -committerdate --format %(refname) %(objectname) %(*objectname) [2ms]
2025-03-03 22:37:43.642 [info] > git ls-files --stage -- /home/ben/code/unity_projects/blood-bath/Assets/Scripts/playerScripts/CombatScript.cs [1ms]
2025-03-03 22:37:43.650 [info] > git cat-file -s 2a2226adc0de9650080c719f4ef521c1bd2e0f22 [2ms]
2025-03-03 22:37:43.659 [info] > git show --textconv :Assets/Scripts/playerScripts/CombatScript.cs [1ms]
2025-03-03 22:37:44.215 [info] > git config --get commit.template [8ms]
2025-03-03 22:37:44.216 [info] > git for-each-ref --format=%(refname)%00%(upstream:short)%00%(objectname)%00%(upstream:track)%00%(upstream:remotename)%00%(upstream:remoteref) refs/heads/main refs/remotes/main [1ms]
2025-03-03 22:37:44.233 [info] > git status -z -uall [10ms]
2025-03-03 22:37:44.234 [info] > git for-each-ref --sort -committerdate --format %(refname) %(objectname) %(*objectname) [2ms]
2025-03-03 22:37:44.247 [info] > git for-each-ref --format=%(refname)%00%(upstream:short)%00%(objectname)%00%(upstream:track)%00%(upstream:remotename)%00%(upstream:remoteref) refs/heads/main refs/remotes/main [2ms]
2025-03-03 22:37:44.255 [info] > git config --get --local branch.main.vscode-merge-base [1ms]
2025-03-03 22:37:44.267 [info] > git for-each-ref --format=%(refname)%00%(upstream:short)%00%(objectname)%00%(upstream:track)%00%(upstream:remotename)%00%(upstream:remoteref) refs/heads/origin/main refs/remotes/origin/main [2ms]
2025-03-03 22:37:44.284 [info] > git merge-base refs/heads/main refs/remotes/origin/main [2ms]
2025-03-03 22:37:44.295 [info] > git diff --name-status -z --diff-filter=ADMR 7eadd51a5330d0e65142008b53a3cba221892078...refs/remotes/origin/main [1ms]
2025-03-03 22:37:45.376 [info] > git ls-files --stage -- /home/ben/code/unity_projects/blood-bath/Assets/Scripts/playerScripts/CombatScript.cs [1ms]
2025-03-03 22:37:45.385 [info] > git cat-file -s 2a2226adc0de9650080c719f4ef521c1bd2e0f22 [2ms]
2025-03-03 22:37:45.394 [info] > git show --textconv :Assets/Scripts/playerScripts/CombatScript.cs [1ms]
2025-03-03 22:37:48.584 [info] > git config --get commit.template [9ms]
2025-03-03 22:37:48.585 [info] > git for-each-ref --format=%(refname)%00%(upstream:short)%00%(objectname)%00%(upstream:track)%00%(upstream:remotename)%00%(upstream:remoteref) refs/heads/main refs/remotes/main [1ms]
2025-03-03 22:37:48.600 [info] > git status -z -uall [8ms]
2025-03-03 22:37:48.601 [info] > git for-each-ref --sort -committerdate --format %(refname) %(objectname) %(*objectname) [2ms]
2025-03-03 22:38:38.311 [info] > git config --get commit.template [1ms]
2025-03-03 22:38:38.320 [info] > git for-each-ref --format=%(refname)%00%(upstream:short)%00%(objectname)%00%(upstream:track)%00%(upstream:remotename)%00%(upstream:remoteref) refs/heads/main refs/remotes/main [1ms]
2025-03-03 22:38:38.335 [info] > git status -z -uall [7ms]
2025-03-03 22:38:38.337 [info] > git for-each-ref --sort -committerdate --format %(refname) %(objectname) %(*objectname) [2ms]
2025-03-03 22:38:44.435 [info] > git check-ignore -v -z --stdin [1ms]
2025-03-03 22:38:59.713 [info] > git config --get commit.template [9ms]
2025-03-03 22:38:59.714 [info] > git for-each-ref --format=%(refname)%00%(upstream:short)%00%(objectname)%00%(upstream:track)%00%(upstream:remotename)%00%(upstream:remoteref) refs/heads/main refs/remotes/main [2ms]
2025-03-03 22:38:59.728 [info] > git status -z -uall [7ms]
2025-03-03 22:38:59.730 [info] > git for-each-ref --sort -committerdate --format %(refname) %(objectname) %(*objectname) [2ms]
2025-03-03 22:39:04.750 [info] > git config --get commit.template [8ms]
2025-03-03 22:39:04.751 [info] > git for-each-ref --format=%(refname)%00%(upstream:short)%00%(objectname)%00%(upstream:track)%00%(upstream:remotename)%00%(upstream:remoteref) refs/heads/main refs/remotes/main [2ms]
2025-03-03 22:39:04.764 [info] > git status -z -uall [7ms]
2025-03-03 22:39:04.765 [info] > git for-each-ref --sort -committerdate --format %(refname) %(objectname) %(*objectname) [1ms]
2025-03-03 22:39:09.779 [info] > git config --get commit.template [1ms]
2025-03-03 22:39:09.787 [info] > git for-each-ref --format=%(refname)%00%(upstream:short)%00%(objectname)%00%(upstream:track)%00%(upstream:remotename)%00%(upstream:remoteref) refs/heads/main refs/remotes/main [1ms]
2025-03-03 22:39:09.801 [info] > git status -z -uall [7ms]
2025-03-03 22:39:09.803 [info] > git for-each-ref --sort -committerdate --format %(refname) %(objectname) %(*objectname) [2ms]
2025-03-03 22:39:14.824 [info] > git config --get commit.template [9ms]
2025-03-03 22:39:14.824 [info] > git for-each-ref --format=%(refname)%00%(upstream:short)%00%(objectname)%00%(upstream:track)%00%(upstream:remotename)%00%(upstream:remoteref) refs/heads/main refs/remotes/main [1ms]
2025-03-03 22:39:14.839 [info] > git status -z -uall [7ms]
2025-03-03 22:39:14.840 [info] > git for-each-ref --sort -committerdate --format %(refname) %(objectname) %(*objectname) [2ms]
2025-03-03 22:39:15.273 [info] > git config --get commit.template [8ms]
2025-03-03 22:39:15.274 [info] > git for-each-ref --format=%(refname)%00%(upstream:short)%00%(objectname)%00%(upstream:track)%00%(upstream:remotename)%00%(upstream:remoteref) refs/heads/main refs/remotes/main [1ms]
2025-03-03 22:39:15.289 [info] > git status -z -uall [8ms]
2025-03-03 22:39:15.291 [info] > git for-each-ref --sort -committerdate --format %(refname) %(objectname) %(*objectname) [2ms]
2025-03-03 22:39:15.613 [info] > git show --textconv HEAD:Assets/Scripts/playerScripts/CombatScript.cs [8ms]
2025-03-03 22:39:15.615 [info] > git ls-tree -l HEAD -- /home/ben/code/unity_projects/blood-bath/Assets/Scripts/playerScripts/CombatScript.cs [2ms]
2025-03-03 22:39:16.432 [info] > git ls-files --stage -- /home/ben/code/unity_projects/blood-bath/Assets/Scripts/playerScripts/CombatScript.cs [8ms]
2025-03-03 22:39:16.440 [info] > git ls-tree -l HEAD -- /home/ben/code/unity_projects/blood-bath/Assets/Scripts/playerScripts/CombatScript.cs [9ms]
2025-03-03 22:39:16.441 [info] > git cat-file -s 15053ec00cfa9638f9d35f369726307627b2deda [2ms]
2025-03-03 22:39:16.456 [info] > git show --textconv HEAD:Assets/Scripts/playerScripts/CombatScript.cs [8ms]
2025-03-03 22:39:16.457 [info] > git show --textconv :Assets/Scripts/playerScripts/CombatScript.cs [2ms]
2025-03-03 22:39:19.861 [info] > git config --get commit.template [8ms]
2025-03-03 22:39:19.862 [info] > git for-each-ref --format=%(refname)%00%(upstream:short)%00%(objectname)%00%(upstream:track)%00%(upstream:remotename)%00%(upstream:remoteref) refs/heads/main refs/remotes/main [1ms]
2025-03-03 22:39:19.876 [info] > git status -z -uall [7ms]
2025-03-03 22:39:19.877 [info] > git for-each-ref --sort -committerdate --format %(refname) %(objectname) %(*objectname) [2ms]
2025-03-03 22:39:24.693 [info] > git config --get commit.template [10ms]
2025-03-03 22:39:24.694 [info] > git for-each-ref --format=%(refname)%00%(upstream:short)%00%(objectname)%00%(upstream:track)%00%(upstream:remotename)%00%(upstream:remoteref) refs/heads/main refs/remotes/main [2ms]
2025-03-03 22:39:24.708 [info] > git status -z -uall [7ms]
2025-03-03 22:39:24.710 [info] > git for-each-ref --sort -committerdate --format %(refname) %(objectname) %(*objectname) [2ms]
2025-03-03 22:39:24.729 [info] > git merge-base refs/heads/main refs/remotes/origin/main [1ms]
2025-03-03 22:39:24.738 [info] > git blame --root --incremental 44a4b80c0e509326d079763c49d25b735e275430 -- /home/ben/code/unity_projects/blood-bath/Assets/Scripts/playerScripts/CombatScript.cs [18ms]
2025-03-03 22:39:24.739 [info] > git diff --name-status -z --diff-filter=ADMR 7eadd51a5330d0e65142008b53a3cba221892078...refs/remotes/origin/main [2ms]
2025-03-03 22:39:25.758 [info] > git config --get commit.template [8ms]
2025-03-03 22:39:25.759 [info] > git for-each-ref --format=%(refname)%00%(upstream:short)%00%(objectname)%00%(upstream:track)%00%(upstream:remotename)%00%(upstream:remoteref) refs/heads/main refs/remotes/main [2ms]
2025-03-03 22:39:25.773 [info] > git status -z -uall [6ms]
2025-03-03 22:39:25.774 [info] > git for-each-ref --sort -committerdate --format %(refname) %(objectname) %(*objectname) [2ms]
2025-03-03 22:39:25.853 [info] > git ls-files --stage -- /home/ben/code/unity_projects/blood-bath/Assets/Scripts/playerScripts/CombatScript.cs [2ms]
2025-03-03 22:39:25.861 [info] > git cat-file -s 15053ec00cfa9638f9d35f369726307627b2deda [1ms]
2025-03-03 22:39:25.870 [info] > git show --textconv :Assets/Scripts/playerScripts/CombatScript.cs [2ms]
2025-03-03 22:39:28.405 [info] > git config --get commit.template [1ms]
2025-03-03 22:39:28.414 [info] > git for-each-ref --format=%(refname)%00%(upstream:short)%00%(objectname)%00%(upstream:track)%00%(upstream:remotename)%00%(upstream:remoteref) refs/heads/main refs/remotes/main [2ms]
2025-03-03 22:39:28.428 [info] > git status -z -uall [7ms]
2025-03-03 22:39:28.430 [info] > git for-each-ref --sort -committerdate --format %(refname) %(objectname) %(*objectname) [2ms]
2025-03-03 22:39:28.442 [info] > git merge-base refs/heads/main refs/remotes/origin/main [3ms]
2025-03-03 22:39:28.451 [info] > git diff --name-status -z --diff-filter=ADMR 44a4b80c0e509326d079763c49d25b735e275430...refs/remotes/origin/main [1ms]
2025-03-03 22:39:29.570 [info] > git ls-files --stage -- /home/ben/code/unity_projects/blood-bath/Assets/Scripts/playerScripts/CombatScript.cs [2ms]
2025-03-03 22:39:29.578 [info] > git cat-file -s 15053ec00cfa9638f9d35f369726307627b2deda [1ms]
2025-03-03 22:39:29.588 [info] > git show --textconv :Assets/Scripts/playerScripts/CombatScript.cs [2ms]
2025-03-03 22:39:30.795 [info] > git config --get commit.template [8ms]
2025-03-03 22:39:30.796 [info] > git for-each-ref --format=%(refname)%00%(upstream:short)%00%(objectname)%00%(upstream:track)%00%(upstream:remotename)%00%(upstream:remoteref) refs/heads/main refs/remotes/main [1ms]
2025-03-03 22:39:30.813 [info] > git status -z -uall [8ms]
2025-03-03 22:39:30.814 [info] > git for-each-ref --sort -committerdate --format %(refname) %(objectname) %(*objectname) [1ms]
2025-03-03 22:40:45.500 [info] > git config --get commit.template [10ms]
2025-03-03 22:40:45.501 [info] > git for-each-ref --format=%(refname)%00%(upstream:short)%00%(objectname)%00%(upstream:track)%00%(upstream:remotename)%00%(upstream:remoteref) refs/heads/main refs/remotes/main [2ms]
2025-03-03 22:40:45.519 [info] > git status -z -uall [10ms]
2025-03-03 22:40:45.521 [info] > git for-each-ref --sort -committerdate --format %(refname) %(objectname) %(*objectname) [3ms]
2025-03-03 22:41:00.757 [info] > git config --get commit.template [1ms]
2025-03-03 22:41:00.766 [info] > git for-each-ref --format=%(refname)%00%(upstream:short)%00%(objectname)%00%(upstream:track)%00%(upstream:remotename)%00%(upstream:remoteref) refs/heads/main refs/remotes/main [2ms]
2025-03-03 22:41:00.782 [info] > git status -z -uall [8ms]
2025-03-03 22:41:00.784 [info] > git for-each-ref --sort -committerdate --format %(refname) %(objectname) %(*objectname) [2ms]
2025-03-03 22:41:05.906 [info] > git config --get commit.template [9ms]
2025-03-03 22:41:05.907 [info] > git for-each-ref --format=%(refname)%00%(upstream:short)%00%(objectname)%00%(upstream:track)%00%(upstream:remotename)%00%(upstream:remoteref) refs/heads/main refs/remotes/main [1ms]
2025-03-03 22:41:05.924 [info] > git status -z -uall [9ms]
2025-03-03 22:41:05.926 [info] > git for-each-ref --sort -committerdate --format %(refname) %(objectname) %(*objectname) [2ms]
2025-03-03 22:41:08.011 [info] > git check-ignore -v -z --stdin [2ms]
2025-03-03 22:41:13.766 [info] > git check-ignore -v -z --stdin [1ms]
2025-03-03 22:41:27.711 [info] > git config --get commit.template [8ms]
2025-03-03 22:41:27.712 [info] > git for-each-ref --format=%(refname)%00%(upstream:short)%00%(objectname)%00%(upstream:track)%00%(upstream:remotename)%00%(upstream:remoteref) refs/heads/main refs/remotes/main [1ms]
2025-03-03 22:41:27.730 [info] > git status -z -uall [10ms]
2025-03-03 22:41:27.731 [info] > git for-each-ref --sort -committerdate --format %(refname) %(objectname) %(*objectname) [2ms]
2025-03-03 22:41:52.625 [info] > git config --get commit.template [8ms]
2025-03-03 22:41:52.626 [info] > git for-each-ref --format=%(refname)%00%(upstream:short)%00%(objectname)%00%(upstream:track)%00%(upstream:remotename)%00%(upstream:remoteref) refs/heads/main refs/remotes/main [2ms]
2025-03-03 22:41:52.642 [info] > git status -z -uall [9ms]
2025-03-03 22:41:52.644 [info] > git for-each-ref --sort -committerdate --format %(refname) %(objectname) %(*objectname) [2ms]
2025-03-03 22:42:43.701 [info] > git config --get commit.template [13ms]
2025-03-03 22:42:43.703 [info] > git for-each-ref --format=%(refname)%00%(upstream:short)%00%(objectname)%00%(upstream:track)%00%(upstream:remotename)%00%(upstream:remoteref) refs/heads/main refs/remotes/main [2ms]
2025-03-03 22:42:43.725 [info] > git status -z -uall [12ms]
2025-03-03 22:42:43.726 [info] > git for-each-ref --sort -committerdate --format %(refname) %(objectname) %(*objectname) [2ms]
2025-03-03 22:42:48.750 [info] > git config --get commit.template [8ms]
2025-03-03 22:42:48.751 [info] > git for-each-ref --format=%(refname)%00%(upstream:short)%00%(objectname)%00%(upstream:track)%00%(upstream:remotename)%00%(upstream:remoteref) refs/heads/main refs/remotes/main [1ms]
2025-03-03 22:42:48.766 [info] > git status -z -uall [9ms]
2025-03-03 22:42:48.767 [info] > git for-each-ref --sort -committerdate --format %(refname) %(objectname) %(*objectname) [2ms]
2025-03-03 23:07:47.304 [info] > git config --get commit.template [9ms]
2025-03-03 23:07:47.305 [info] > git for-each-ref --format=%(refname)%00%(upstream:short)%00%(objectname)%00%(upstream:track)%00%(upstream:remotename)%00%(upstream:remoteref) refs/heads/main refs/remotes/main [2ms]
2025-03-03 23:07:47.320 [info] > git status -z -uall [8ms]
2025-03-03 23:07:47.321 [info] > git for-each-ref --sort -committerdate --format %(refname) %(objectname) %(*objectname) [2ms]
2025-03-03 23:07:52.343 [info] > git config --get commit.template [7ms]
2025-03-03 23:07:52.344 [info] > git for-each-ref --format=%(refname)%00%(upstream:short)%00%(objectname)%00%(upstream:track)%00%(upstream:remotename)%00%(upstream:remoteref) refs/heads/main refs/remotes/main [1ms]
2025-03-03 23:07:52.362 [info] > git status -z -uall [9ms]
2025-03-03 23:07:52.362 [info] > git for-each-ref --sort -committerdate --format %(refname) %(objectname) %(*objectname) [2ms]
2025-03-03 23:08:54.279 [info] > git config --get commit.template [8ms]
2025-03-03 23:08:54.280 [info] > git for-each-ref --format=%(refname)%00%(upstream:short)%00%(objectname)%00%(upstream:track)%00%(upstream:remotename)%00%(upstream:remoteref) refs/heads/main refs/remotes/main [2ms]
2025-03-03 23:08:54.297 [info] > git status -z -uall [8ms]
2025-03-03 23:08:54.301 [info] > git for-each-ref --sort -committerdate --format %(refname) %(objectname) %(*objectname) [5ms]
2025-03-03 23:09:41.720 [info] > git config --get commit.template [9ms]
2025-03-03 23:09:41.721 [info] > git for-each-ref --format=%(refname)%00%(upstream:short)%00%(objectname)%00%(upstream:track)%00%(upstream:remotename)%00%(upstream:remoteref) refs/heads/main refs/remotes/main [2ms]
2025-03-03 23:09:41.736 [info] > git status -z -uall [8ms]
2025-03-03 23:09:41.738 [info] > git for-each-ref --sort -committerdate --format %(refname) %(objectname) %(*objectname) [2ms]
2025-03-03 23:12:56.698 [info] > git for-each-ref --format=%(refname)%00%(upstream:short)%00%(objectname)%00%(upstream:track)%00%(upstream:remotename)%00%(upstream:remoteref) refs/heads/main refs/remotes/main [2ms]
2025-03-03 23:12:56.698 [info] > git config --get commit.template [11ms]
2025-03-03 23:12:56.713 [info] > git status -z -uall [8ms]
2025-03-03 23:12:56.714 [info] > git for-each-ref --sort -committerdate --format %(refname) %(objectname) %(*objectname) [1ms]
2025-03-03 23:13:01.736 [info] > git config --get commit.template [8ms]
2025-03-03 23:13:01.736 [info] > git for-each-ref --format=%(refname)%00%(upstream:short)%00%(objectname)%00%(upstream:track)%00%(upstream:remotename)%00%(upstream:remoteref) refs/heads/main refs/remotes/main [1ms]
2025-03-03 23:13:01.751 [info] > git status -z -uall [8ms]
2025-03-03 23:13:01.752 [info] > git for-each-ref --sort -committerdate --format %(refname) %(objectname) %(*objectname) [1ms]
2025-03-03 23:13:07.438 [info] > git config --get commit.template [10ms]
2025-03-03 23:13:07.438 [info] > git for-each-ref --format=%(refname)%00%(upstream:short)%00%(objectname)%00%(upstream:track)%00%(upstream:remotename)%00%(upstream:remoteref) refs/heads/main refs/remotes/main [1ms]
2025-03-03 23:13:07.454 [info] > git status -z -uall [8ms]
2025-03-03 23:13:07.455 [info] > git for-each-ref --sort -committerdate --format %(refname) %(objectname) %(*objectname) [2ms]
2025-03-03 23:13:07.551 [info] > git ls-files --stage -- /home/ben/code/unity_projects/blood-bath/Assets/Scripts/playerScripts/CombatScript.cs [2ms]
2025-03-03 23:13:07.559 [info] > git cat-file -s 15053ec00cfa9638f9d35f369726307627b2deda [1ms]
2025-03-03 23:13:07.569 [info] > git show --textconv :Assets/Scripts/playerScripts/CombatScript.cs [1ms]
2025-03-03 23:13:11.012 [info] > git ls-files --stage -- /home/ben/code/unity_projects/blood-bath/Assets/Scripts/playerScripts/CombatScript.cs [2ms]
2025-03-03 23:13:11.021 [info] > git cat-file -s 15053ec00cfa9638f9d35f369726307627b2deda [2ms]
2025-03-03 23:13:11.029 [info] > git show --textconv :Assets/Scripts/playerScripts/CombatScript.cs [1ms]
2025-03-03 23:13:12.476 [info] > git config --get commit.template [8ms]
2025-03-03 23:13:12.476 [info] > git for-each-ref --format=%(refname)%00%(upstream:short)%00%(objectname)%00%(upstream:track)%00%(upstream:remotename)%00%(upstream:remoteref) refs/heads/main refs/remotes/main [1ms]
2025-03-03 23:13:12.492 [info] > git status -z -uall [9ms]
2025-03-03 23:13:12.494 [info] > git for-each-ref --sort -committerdate --format %(refname) %(objectname) %(*objectname) [1ms]
2025-03-03 23:13:20.918 [info] > git config --get commit.template [8ms]
2025-03-03 23:13:20.919 [info] > git for-each-ref --format=%(refname)%00%(upstream:short)%00%(objectname)%00%(upstream:track)%00%(upstream:remotename)%00%(upstream:remoteref) refs/heads/main refs/remotes/main [1ms]
2025-03-03 23:13:20.932 [info] > git status -z -uall [7ms]
2025-03-03 23:13:20.934 [info] > git for-each-ref --sort -committerdate --format %(refname) %(objectname) %(*objectname) [2ms]
2025-03-03 23:13:20.952 [info] > git blame --root --incremental f3dc4cbfee2b6cfabe3cfea1a87ed4b11b60f838 -- /home/ben/code/unity_projects/blood-bath/Assets/Scripts/playerScripts/CombatScript.cs [9ms]
2025-03-03 23:13:20.953 [info] > git merge-base refs/heads/main refs/remotes/origin/main [2ms]
2025-03-03 23:13:20.962 [info] > git diff --name-status -z --diff-filter=ADMR 44a4b80c0e509326d079763c49d25b735e275430...refs/remotes/origin/main [2ms]
2025-03-03 23:13:21.007 [info] > git ls-files --stage -- /home/ben/code/unity_projects/blood-bath/Assets/Scripts/playerScripts/CombatScript.cs [1ms]
2025-03-03 23:13:21.015 [info] > git cat-file -s 15053ec00cfa9638f9d35f369726307627b2deda [2ms]
2025-03-03 23:13:21.023 [info] > git show --textconv :Assets/Scripts/playerScripts/CombatScript.cs [1ms]
2025-03-03 23:13:30.253 [info] > git config --get commit.template [10ms]
2025-03-03 23:13:30.261 [info] > git for-each-ref --format=%(refname)%00%(upstream:short)%00%(objectname)%00%(upstream:track)%00%(upstream:remotename)%00%(upstream:remoteref) refs/heads/main refs/remotes/main [9ms]
2025-03-03 23:13:30.262 [info] > git ls-files --stage -- /home/ben/code/unity_projects/blood-bath/Assets/Scripts/playerScripts/CombatScript.cs [1ms]
2025-03-03 23:13:30.289 [info] > git status -z -uall [10ms]
2025-03-03 23:13:30.289 [info] > git cat-file -s 15053ec00cfa9638f9d35f369726307627b2deda [18ms]
2025-03-03 23:13:30.290 [info] > git for-each-ref --sort -committerdate --format %(refname) %(objectname) %(*objectname) [3ms]
2025-03-03 23:13:30.311 [info] > git merge-base refs/heads/main refs/remotes/origin/main [11ms]
2025-03-03 23:13:30.320 [info] > git show --textconv :Assets/Scripts/playerScripts/CombatScript.cs [10ms]
2025-03-03 23:13:30.320 [info] > git diff --name-status -z --diff-filter=ADMR f3dc4cbfee2b6cfabe3cfea1a87ed4b11b60f838...refs/remotes/origin/main [1ms]
2025-03-03 23:13:35.878 [info] > git config --get commit.template [1ms]
2025-03-03 23:13:35.888 [info] > git for-each-ref --format=%(refname)%00%(upstream:short)%00%(objectname)%00%(upstream:track)%00%(upstream:remotename)%00%(upstream:remoteref) refs/heads/main refs/remotes/main [2ms]
2025-03-03 23:13:35.908 [info] > git status -z -uall [12ms]
2025-03-03 23:13:35.914 [info] > git for-each-ref --sort -committerdate --format %(refname) %(objectname) %(*objectname) [8ms]
2025-03-03 23:15:11.343 [info] > git config --get commit.template [9ms]
2025-03-03 23:15:11.343 [info] > git for-each-ref --format=%(refname)%00%(upstream:short)%00%(objectname)%00%(upstream:track)%00%(upstream:remotename)%00%(upstream:remoteref) refs/heads/main refs/remotes/main [2ms]
2025-03-03 23:15:11.360 [info] > git status -z -uall [8ms]
2025-03-03 23:15:11.362 [info] > git for-each-ref --sort -committerdate --format %(refname) %(objectname) %(*objectname) [2ms]
2025-03-03 23:16:23.779 [info] > git config --get commit.template [9ms]
2025-03-03 23:16:23.781 [info] > git for-each-ref --format=%(refname)%00%(upstream:short)%00%(objectname)%00%(upstream:track)%00%(upstream:remotename)%00%(upstream:remoteref) refs/heads/main refs/remotes/main [3ms]
2025-03-03 23:16:23.800 [info] > git status -z -uall [10ms]
2025-03-03 23:16:23.802 [info] > git for-each-ref --sort -committerdate --format %(refname) %(objectname) %(*objectname) [2ms]
2025-03-03 23:17:59.454 [info] > git config --get commit.template [11ms]
2025-03-03 23:17:59.455 [info] > git for-each-ref --format=%(refname)%00%(upstream:short)%00%(objectname)%00%(upstream:track)%00%(upstream:remotename)%00%(upstream:remoteref) refs/heads/main refs/remotes/main [2ms]
2025-03-03 23:17:59.473 [info] > git status -z -uall [10ms]
2025-03-03 23:17:59.474 [info] > git for-each-ref --sort -committerdate --format %(refname) %(objectname) %(*objectname) [2ms]
2025-03-03 23:18:36.403 [info] > git config --get commit.template [10ms]
2025-03-03 23:18:36.405 [info] > git for-each-ref --format=%(refname)%00%(upstream:short)%00%(objectname)%00%(upstream:track)%00%(upstream:remotename)%00%(upstream:remoteref) refs/heads/main refs/remotes/main [2ms]
2025-03-03 23:18:36.423 [info] > git status -z -uall [8ms]
2025-03-03 23:18:36.424 [info] > git for-each-ref --sort -committerdate --format %(refname) %(objectname) %(*objectname) [1ms]
2025-03-03 23:18:55.580 [info] > git config --get commit.template [10ms]
2025-03-03 23:18:55.580 [info] > git for-each-ref --format=%(refname)%00%(upstream:short)%00%(objectname)%00%(upstream:track)%00%(upstream:remotename)%00%(upstream:remoteref) refs/heads/main refs/remotes/main [2ms]
2025-03-03 23:18:55.598 [info] > git status -z -uall [9ms]
2025-03-03 23:18:55.600 [info] > git for-each-ref --sort -committerdate --format %(refname) %(objectname) %(*objectname) [2ms]
2025-03-03 23:19:31.801 [info] > git config --get commit.template [2ms]
2025-03-03 23:19:31.817 [info] > git for-each-ref --format=%(refname)%00%(upstream:short)%00%(objectname)%00%(upstream:track)%00%(upstream:remotename)%00%(upstream:remoteref) refs/heads/main refs/remotes/main [5ms]
2025-03-03 23:19:31.839 [info] > git status -z -uall [11ms]
2025-03-03 23:19:31.841 [info] > git for-each-ref --sort -committerdate --format %(refname) %(objectname) %(*objectname) [2ms]
2025-03-03 23:20:14.897 [info] > git config --get commit.template [9ms]
2025-03-03 23:20:14.898 [info] > git for-each-ref --format=%(refname)%00%(upstream:short)%00%(objectname)%00%(upstream:track)%00%(upstream:remotename)%00%(upstream:remoteref) refs/heads/main refs/remotes/main [2ms]
2025-03-03 23:20:14.915 [info] > git status -z -uall [8ms]
2025-03-03 23:20:14.916 [info] > git for-each-ref --sort -committerdate --format %(refname) %(objectname) %(*objectname) [2ms]
2025-03-03 23:20:19.938 [info] > git config --get commit.template [8ms]
2025-03-03 23:20:19.939 [info] > git for-each-ref --format=%(refname)%00%(upstream:short)%00%(objectname)%00%(upstream:track)%00%(upstream:remotename)%00%(upstream:remoteref) refs/heads/main refs/remotes/main [1ms]
2025-03-03 23:20:19.953 [info] > git status -z -uall [7ms]
2025-03-03 23:20:19.954 [info] > git for-each-ref --sort -committerdate --format %(refname) %(objectname) %(*objectname) [2ms]
2025-03-03 23:20:31.594 [info] > git config --get commit.template [9ms]
2025-03-03 23:20:31.594 [info] > git for-each-ref --format=%(refname)%00%(upstream:short)%00%(objectname)%00%(upstream:track)%00%(upstream:remotename)%00%(upstream:remoteref) refs/heads/main refs/remotes/main [1ms]
2025-03-03 23:20:31.610 [info] > git status -z -uall [8ms]
2025-03-03 23:20:31.612 [info] > git for-each-ref --sort -committerdate --format %(refname) %(objectname) %(*objectname) [2ms]
2025-03-03 23:21:29.186 [info] > git config --get commit.template [11ms]
2025-03-03 23:21:29.188 [info] > git for-each-ref --format=%(refname)%00%(upstream:short)%00%(objectname)%00%(upstream:track)%00%(upstream:remotename)%00%(upstream:remoteref) refs/heads/main refs/remotes/main [2ms]
2025-03-03 23:21:29.208 [info] > git status -z -uall [11ms]
2025-03-03 23:21:29.209 [info] > git for-each-ref --sort -committerdate --format %(refname) %(objectname) %(*objectname) [2ms]
2025-03-03 23:21:34.232 [info] > git config --get commit.template [8ms]
2025-03-03 23:21:34.232 [info] > git for-each-ref --format=%(refname)%00%(upstream:short)%00%(objectname)%00%(upstream:track)%00%(upstream:remotename)%00%(upstream:remoteref) refs/heads/main refs/remotes/main [1ms]
2025-03-03 23:21:34.247 [info] > git status -z -uall [7ms]
2025-03-03 23:21:34.248 [info] > git for-each-ref --sort -committerdate --format %(refname) %(objectname) %(*objectname) [2ms]
2025-03-03 23:21:58.374 [info] > git config --get commit.template [9ms]
2025-03-03 23:21:58.375 [info] > git for-each-ref --format=%(refname)%00%(upstream:short)%00%(objectname)%00%(upstream:track)%00%(upstream:remotename)%00%(upstream:remoteref) refs/heads/main refs/remotes/main [1ms]
2025-03-03 23:21:58.393 [info] > git status -z -uall [11ms]
2025-03-03 23:21:58.395 [info] > git for-each-ref --sort -committerdate --format %(refname) %(objectname) %(*objectname) [2ms]
2025-03-03 23:22:03.417 [info] > git config --get commit.template [7ms]
2025-03-03 23:22:03.418 [info] > git for-each-ref --format=%(refname)%00%(upstream:short)%00%(objectname)%00%(upstream:track)%00%(upstream:remotename)%00%(upstream:remoteref) refs/heads/main refs/remotes/main [2ms]
2025-03-03 23:22:03.432 [info] > git status -z -uall [7ms]
2025-03-03 23:22:03.433 [info] > git for-each-ref --sort -committerdate --format %(refname) %(objectname) %(*objectname) [1ms]
2025-03-03 23:22:22.221 [info] > git config --get commit.template [11ms]
2025-03-03 23:22:22.221 [info] > git for-each-ref --format=%(refname)%00%(upstream:short)%00%(objectname)%00%(upstream:track)%00%(upstream:remotename)%00%(upstream:remoteref) refs/heads/main refs/remotes/main [1ms]
2025-03-03 23:22:22.237 [info] > git status -z -uall [8ms]
2025-03-03 23:22:22.239 [info] > git for-each-ref --sort -committerdate --format %(refname) %(objectname) %(*objectname) [2ms]
2025-03-03 23:22:27.265 [info] > git config --get commit.template [9ms]
2025-03-03 23:22:27.265 [info] > git for-each-ref --format=%(refname)%00%(upstream:short)%00%(objectname)%00%(upstream:track)%00%(upstream:remotename)%00%(upstream:remoteref) refs/heads/main refs/remotes/main [1ms]
2025-03-03 23:22:27.280 [info] > git status -z -uall [8ms]
2025-03-03 23:22:27.281 [info] > git for-each-ref --sort -committerdate --format %(refname) %(objectname) %(*objectname) [2ms]
2025-03-03 23:22:36.669 [info] > git config --get commit.template [9ms]
2025-03-03 23:22:36.670 [info] > git for-each-ref --format=%(refname)%00%(upstream:short)%00%(objectname)%00%(upstream:track)%00%(upstream:remotename)%00%(upstream:remoteref) refs/heads/main refs/remotes/main [1ms]
2025-03-03 23:22:36.689 [info] > git status -z -uall [10ms]
2025-03-03 23:22:36.690 [info] > git for-each-ref --sort -committerdate --format %(refname) %(objectname) %(*objectname) [2ms]
2025-03-03 23:22:37.724 [info] > git config --get commit.template [8ms]
2025-03-03 23:22:37.725 [info] > git for-each-ref --format=%(refname)%00%(upstream:short)%00%(objectname)%00%(upstream:track)%00%(upstream:remotename)%00%(upstream:remoteref) refs/heads/main refs/remotes/main [2ms]
2025-03-03 23:22:37.739 [info] > git status -z -uall [7ms]
2025-03-03 23:22:37.740 [info] > git for-each-ref --sort -committerdate --format %(refname) %(objectname) %(*objectname) [2ms]
2025-03-03 23:22:37.814 [info] > git ls-files --stage -- /home/ben/code/unity_projects/blood-bath/Assets/Scripts/playerScripts/CombatScript.cs [1ms]
2025-03-03 23:22:37.823 [info] > git cat-file -s 15053ec00cfa9638f9d35f369726307627b2deda [2ms]
2025-03-03 23:22:37.833 [info] > git show --textconv :Assets/Scripts/playerScripts/CombatScript.cs [1ms]
2025-03-03 23:22:48.019 [info] > git config --get commit.template [10ms]
2025-03-03 23:22:48.020 [info] > git for-each-ref --format=%(refname)%00%(upstream:short)%00%(objectname)%00%(upstream:track)%00%(upstream:remotename)%00%(upstream:remoteref) refs/heads/main refs/remotes/main [1ms]
2025-03-03 23:22:48.035 [info] > git status -z -uall [8ms]
2025-03-03 23:22:48.036 [info] > git for-each-ref --sort -committerdate --format %(refname) %(objectname) %(*objectname) [1ms]
2025-03-03 23:22:51.757 [info] > git config --get commit.template [1ms]
2025-03-03 23:22:51.766 [info] > git for-each-ref --format=%(refname)%00%(upstream:short)%00%(objectname)%00%(upstream:track)%00%(upstream:remotename)%00%(upstream:remoteref) refs/heads/main refs/remotes/main [1ms]
2025-03-03 23:22:51.781 [info] > git status -z -uall [8ms]
2025-03-03 23:22:51.782 [info] > git for-each-ref --sort -committerdate --format %(refname) %(objectname) %(*objectname) [1ms]
2025-03-03 23:22:51.856 [info] > git ls-files --stage -- /home/ben/code/unity_projects/blood-bath/Assets/Scripts/playerScripts/CombatScript.cs [1ms]
2025-03-03 23:22:51.865 [info] > git cat-file -s 15053ec00cfa9638f9d35f369726307627b2deda [1ms]
2025-03-03 23:22:51.875 [info] > git show --textconv :Assets/Scripts/playerScripts/CombatScript.cs [2ms]
2025-03-03 23:22:52.394 [info] > git config --get commit.template [8ms]
2025-03-03 23:22:52.396 [info] > git for-each-ref --format=%(refname)%00%(upstream:short)%00%(objectname)%00%(upstream:track)%00%(upstream:remotename)%00%(upstream:remoteref) refs/heads/main refs/remotes/main [1ms]
2025-03-03 23:22:52.412 [info] > git status -z -uall [9ms]
2025-03-03 23:22:52.414 [info] > git for-each-ref --sort -committerdate --format %(refname) %(objectname) %(*objectname) [2ms]
2025-03-03 23:22:52.439 [info] > git blame --root --incremental 8c40654fdd079adb1a1a719faa81b3e961c2fee9 -- /home/ben/code/unity_projects/blood-bath/Assets/Scripts/playerScripts/CombatScript.cs [14ms]
2025-03-03 23:22:52.441 [info] > git merge-base refs/heads/main refs/remotes/origin/main [4ms]
2025-03-03 23:22:52.455 [info] > git diff --name-status -z --diff-filter=ADMR 44a4b80c0e509326d079763c49d25b735e275430...refs/remotes/origin/main [2ms]
2025-03-03 23:22:53.551 [info] > git ls-files --stage -- /home/ben/code/unity_projects/blood-bath/Assets/Scripts/playerScripts/CombatScript.cs [2ms]
2025-03-03 23:22:53.558 [info] > git cat-file -s 15053ec00cfa9638f9d35f369726307627b2deda [1ms]
2025-03-03 23:22:53.570 [info] > git show --textconv :Assets/Scripts/playerScripts/CombatScript.cs [2ms]
2025-03-03 23:22:56.801 [info] > git config --get commit.template [8ms]
2025-03-03 23:22:56.802 [info] > git for-each-ref --format=%(refname)%00%(upstream:short)%00%(objectname)%00%(upstream:track)%00%(upstream:remotename)%00%(upstream:remoteref) refs/heads/main refs/remotes/main [2ms]
2025-03-03 23:22:56.815 [info] > git status -z -uall [7ms]
2025-03-03 23:22:56.816 [info] > git for-each-ref --sort -committerdate --format %(refname) %(objectname) %(*objectname) [2ms]
2025-03-03 23:23:00.254 [info] > git config --get commit.template [1ms]
2025-03-03 23:23:00.262 [info] > git for-each-ref --format=%(refname)%00%(upstream:short)%00%(objectname)%00%(upstream:track)%00%(upstream:remotename)%00%(upstream:remoteref) refs/heads/main refs/remotes/main [2ms]
2025-03-03 23:23:00.278 [info] > git status -z -uall [8ms]
2025-03-03 23:23:00.279 [info] > git for-each-ref --sort -committerdate --format %(refname) %(objectname) %(*objectname) [1ms]
2025-03-03 23:23:00.290 [info] > git merge-base refs/heads/main refs/remotes/origin/main [1ms]
2025-03-03 23:23:00.299 [info] > git diff --name-status -z --diff-filter=ADMR 8c40654fdd079adb1a1a719faa81b3e961c2fee9...refs/remotes/origin/main [1ms]
2025-03-03 23:23:01.421 [info] > git ls-files --stage -- /home/ben/code/unity_projects/blood-bath/Assets/Scripts/playerScripts/CombatScript.cs [3ms]
2025-03-03 23:23:01.433 [info] > git cat-file -s 15053ec00cfa9638f9d35f369726307627b2deda [2ms]
2025-03-03 23:23:01.446 [info] > git show --textconv :Assets/Scripts/playerScripts/CombatScript.cs [2ms]
2025-03-03 23:23:01.835 [info] > git config --get commit.template [8ms]
2025-03-03 23:23:01.836 [info] > git for-each-ref --format=%(refname)%00%(upstream:short)%00%(objectname)%00%(upstream:track)%00%(upstream:remotename)%00%(upstream:remoteref) refs/heads/main refs/remotes/main [2ms]
2025-03-03 23:23:01.850 [info] > git status -z -uall [8ms]
2025-03-03 23:23:01.851 [info] > git for-each-ref --sort -committerdate --format %(refname) %(objectname) %(*objectname) [1ms]
2025-03-03 23:23:07.146 [info] > git config --get commit.template [8ms]
2025-03-03 23:23:07.147 [info] > git for-each-ref --format=%(refname)%00%(upstream:short)%00%(objectname)%00%(upstream:track)%00%(upstream:remotename)%00%(upstream:remoteref) refs/heads/DialogueTest refs/remotes/DialogueTest [2ms]
2025-03-03 23:23:07.162 [info] > git status -z -uall [7ms]
2025-03-03 23:23:07.163 [info] > git for-each-ref --sort -committerdate --format %(refname) %(objectname) %(*objectname) [1ms]
2025-03-03 23:23:07.175 [info] > git for-each-ref --format=%(refname)%00%(upstream:short)%00%(objectname)%00%(upstream:track)%00%(upstream:remotename)%00%(upstream:remoteref) refs/heads/DialogueTest refs/remotes/DialogueTest [2ms]
2025-03-03 23:23:07.183 [info] > git config --get --local branch.DialogueTest.vscode-merge-base [1ms]
2025-03-03 23:23:07.191 [info] > git for-each-ref --format=%(refname)%00%(upstream:short)%00%(objectname)%00%(upstream:track)%00%(upstream:remotename)%00%(upstream:remoteref) refs/heads/origin/DialogueTest refs/remotes/origin/DialogueTest [2ms]
2025-03-03 23:23:07.200 [info] > git merge-base refs/heads/DialogueTest refs/remotes/origin/DialogueTest [1ms]
2025-03-03 23:23:07.208 [info] > git diff --name-status -z --diff-filter=ADMR 7eadd51a5330d0e65142008b53a3cba221892078...refs/remotes/origin/DialogueTest [1ms]
2025-03-03 23:23:08.226 [info] > git config --get commit.template [2ms]
2025-03-03 23:23:08.234 [info] > git for-each-ref --format=%(refname)%00%(upstream:short)%00%(objectname)%00%(upstream:track)%00%(upstream:remotename)%00%(upstream:remoteref) refs/heads/DialogueTest refs/remotes/DialogueTest [2ms]
2025-03-03 23:23:08.248 [info] > git status -z -uall [7ms]
2025-03-03 23:23:08.249 [info] > git for-each-ref --sort -committerdate --format %(refname) %(objectname) %(*objectname) [1ms]
2025-03-03 23:23:08.326 [info] > git ls-files --stage -- /home/ben/code/unity_projects/blood-bath/Assets/Scripts/playerScripts/CombatScript.cs [2ms]
2025-03-03 23:23:08.334 [info] > git cat-file -s 2a2226adc0de9650080c719f4ef521c1bd2e0f22 [1ms]
2025-03-03 23:23:08.343 [info] > git show --textconv :Assets/Scripts/playerScripts/CombatScript.cs [1ms]
2025-03-03 23:23:10.839 [info] > git config --get commit.template [9ms]
2025-03-03 23:23:10.840 [info] > git for-each-ref --format=%(refname)%00%(upstream:short)%00%(objectname)%00%(upstream:track)%00%(upstream:remotename)%00%(upstream:remoteref) refs/heads/DialogueTest refs/remotes/DialogueTest [1ms]
2025-03-03 23:23:10.857 [info] > git status -z -uall [9ms]
2025-03-03 23:23:10.859 [info] > git for-each-ref --sort -committerdate --format %(refname) %(objectname) %(*objectname) [2ms]
2025-03-03 23:23:10.872 [info] > git merge-base refs/heads/DialogueTest refs/remotes/origin/DialogueTest [2ms]
2025-03-03 23:23:10.881 [info] > git diff --name-status -z --diff-filter=ADMR 7eadd51a5330d0e65142008b53a3cba221892078...refs/remotes/origin/DialogueTest [1ms]
2025-03-03 23:23:11.996 [info] > git ls-files --stage -- /home/ben/code/unity_projects/blood-bath/Assets/Scripts/playerScripts/CombatScript.cs [1ms]
2025-03-03 23:23:12.004 [info] > git cat-file -s 15053ec00cfa9638f9d35f369726307627b2deda [1ms]
2025-03-03 23:23:12.016 [info] > git show --textconv :Assets/Scripts/playerScripts/CombatScript.cs [2ms]
2025-03-03 23:23:13.269 [info] > git config --get commit.template [9ms]
2025-03-03 23:23:13.270 [info] > git for-each-ref --format=%(refname)%00%(upstream:short)%00%(objectname)%00%(upstream:track)%00%(upstream:remotename)%00%(upstream:remoteref) refs/heads/DialogueTest refs/remotes/DialogueTest [1ms]
2025-03-03 23:23:13.283 [info] > git status -z -uall [7ms]
2025-03-03 23:23:13.284 [info] > git for-each-ref --sort -committerdate --format %(refname) %(objectname) %(*objectname) [2ms]
2025-03-03 23:23:16.007 [info] > git config --get commit.template [8ms]
2025-03-03 23:23:16.008 [info] > git for-each-ref --format=%(refname)%00%(upstream:short)%00%(objectname)%00%(upstream:track)%00%(upstream:remotename)%00%(upstream:remoteref) refs/heads/DialogueTest refs/remotes/DialogueTest [2ms]
2025-03-03 23:23:16.023 [info] > git status -z -uall [8ms]
2025-03-03 23:23:16.024 [info] > git for-each-ref --sort -committerdate --format %(refname) %(objectname) %(*objectname) [2ms]
2025-03-03 23:23:16.035 [info] > git merge-base refs/heads/DialogueTest refs/remotes/origin/DialogueTest [1ms]
2025-03-03 23:23:16.044 [info] > git diff --name-status -z --diff-filter=ADMR 8c40654fdd079adb1a1a719faa81b3e961c2fee9...refs/remotes/origin/DialogueTest [2ms]
2025-03-03 23:26:03.229 [info] > git config --get commit.template [10ms]
2025-03-03 23:26:03.237 [info] > git ls-files --stage -- /home/ben/code/unity_projects/blood-bath/Assets/Scripts/playerScripts/CombatScript.cs [9ms]
2025-03-03 23:26:03.244 [info] > git for-each-ref --format=%(refname)%00%(upstream:short)%00%(objectname)%00%(upstream:track)%00%(upstream:remotename)%00%(upstream:remoteref) refs/heads/DialogueTest refs/remotes/DialogueTest [8ms]
2025-03-03 23:26:03.261 [info] > git status -z -uall [9ms]
2025-03-03 23:26:03.261 [info] > git cat-file -s 15053ec00cfa9638f9d35f369726307627b2deda [17ms]
2025-03-03 23:26:03.262 [info] > git for-each-ref --sort -committerdate --format %(refname) %(objectname) %(*objectname) [2ms]
2025-03-03 23:26:03.282 [info] > git show --textconv :Assets/Scripts/playerScripts/CombatScript.cs [1ms]
2025-03-03 23:32:45.289 [info] > git config --get commit.template [11ms]
2025-03-03 23:32:45.291 [info] > git for-each-ref --format=%(refname)%00%(upstream:short)%00%(objectname)%00%(upstream:track)%00%(upstream:remotename)%00%(upstream:remoteref) refs/heads/DialogueTest refs/remotes/DialogueTest [3ms]
2025-03-03 23:32:45.312 [info] > git status -z -uall [12ms]
2025-03-03 23:32:45.313 [info] > git for-each-ref --sort -committerdate --format %(refname) %(objectname) %(*objectname) [2ms]
2025-03-03 23:33:24.226 [info] > git config --get commit.template [11ms]
2025-03-03 23:33:24.228 [info] > git for-each-ref --format=%(refname)%00%(upstream:short)%00%(objectname)%00%(upstream:track)%00%(upstream:remotename)%00%(upstream:remoteref) refs/heads/DialogueTest refs/remotes/DialogueTest [1ms]
2025-03-03 23:33:24.247 [info] > git status -z -uall [11ms]
2025-03-03 23:33:24.248 [info] > git for-each-ref --sort -committerdate --format %(refname) %(objectname) %(*objectname) [2ms]
2025-03-03 23:34:03.331 [info] > git config --get commit.template [10ms]
2025-03-03 23:34:03.332 [info] > git for-each-ref --format=%(refname)%00%(upstream:short)%00%(objectname)%00%(upstream:track)%00%(upstream:remotename)%00%(upstream:remoteref) refs/heads/DialogueTest refs/remotes/DialogueTest [2ms]
2025-03-03 23:34:03.349 [info] > git status -z -uall [8ms]
2025-03-03 23:34:03.350 [info] > git for-each-ref --sort -committerdate --format %(refname) %(objectname) %(*objectname) [2ms]
2025-03-03 23:34:07.762 [info] > git config --get commit.template [8ms]
2025-03-03 23:34:07.763 [info] > git for-each-ref --format=%(refname)%00%(upstream:short)%00%(objectname)%00%(upstream:track)%00%(upstream:remotename)%00%(upstream:remoteref) refs/heads/DialogueTest refs/remotes/DialogueTest [1ms]
2025-03-03 23:34:07.779 [info] > git status -z -uall [8ms]
2025-03-03 23:34:07.780 [info] > git for-each-ref --sort -committerdate --format %(refname) %(objectname) %(*objectname) [1ms]
2025-03-03 23:34:08.831 [info] > git config --get commit.template [8ms]
2025-03-03 23:34:08.832 [info] > git for-each-ref --format=%(refname)%00%(upstream:short)%00%(objectname)%00%(upstream:track)%00%(upstream:remotename)%00%(upstream:remoteref) refs/heads/DialogueTest refs/remotes/DialogueTest [1ms]
2025-03-03 23:34:08.849 [info] > git status -z -uall [9ms]
2025-03-03 23:34:08.850 [info] > git for-each-ref --sort -committerdate --format %(refname) %(objectname) %(*objectname) [2ms]
2025-03-03 23:34:10.927 [info] > git ls-files --stage -- /home/ben/code/unity_projects/blood-bath/Assets/Scripts/playerScripts/CombatScript.cs [3ms]
2025-03-03 23:34:10.936 [info] > git cat-file -s 15053ec00cfa9638f9d35f369726307627b2deda [1ms]
2025-03-03 23:34:11.004 [info] > git show --textconv :Assets/Scripts/playerScripts/CombatScript.cs [3ms]
2025-03-03 23:35:58.009 [info] > git config --get commit.template [9ms]
2025-03-03 23:35:58.009 [info] > git for-each-ref --format=%(refname)%00%(upstream:short)%00%(objectname)%00%(upstream:track)%00%(upstream:remotename)%00%(upstream:remoteref) refs/heads/DialogueTest refs/remotes/DialogueTest [1ms]
2025-03-03 23:35:58.026 [info] > git status -z -uall [10ms]
2025-03-03 23:35:58.026 [info] > git for-each-ref --sort -committerdate --format %(refname) %(objectname) %(*objectname) [1ms]
2025-03-03 23:38:22.899 [info] > git config --get commit.template [11ms]
2025-03-03 23:38:22.901 [info] > git for-each-ref --format=%(refname)%00%(upstream:short)%00%(objectname)%00%(upstream:track)%00%(upstream:remotename)%00%(upstream:remoteref) refs/heads/DialogueTest refs/remotes/DialogueTest [3ms]
2025-03-03 23:38:22.919 [info] > git status -z -uall [10ms]
2025-03-03 23:38:22.920 [info] > git for-each-ref --sort -committerdate --format %(refname) %(objectname) %(*objectname) [2ms]
2025-03-03 23:53:30.315 [info] > git config --get commit.template [9ms]
2025-03-03 23:53:30.316 [info] > git for-each-ref --format=%(refname)%00%(upstream:short)%00%(objectname)%00%(upstream:track)%00%(upstream:remotename)%00%(upstream:remoteref) refs/heads/DialogueTest refs/remotes/DialogueTest [2ms]
2025-03-03 23:53:30.336 [info] > git status -z -uall [9ms]
2025-03-03 23:53:30.337 [info] > git for-each-ref --sort -committerdate --format %(refname) %(objectname) %(*objectname) [2ms]
2025-03-03 23:53:35.244 [info] > git config --get commit.template [8ms]
2025-03-03 23:53:35.245 [info] > git for-each-ref --format=%(refname)%00%(upstream:short)%00%(objectname)%00%(upstream:track)%00%(upstream:remotename)%00%(upstream:remoteref) refs/heads/temporary refs/remotes/temporary [1ms]
2025-03-03 23:53:35.264 [info] > git for-each-ref --sort -committerdate --format %(refname) %(objectname) %(*objectname) [2ms]
2025-03-03 23:53:35.366 [info] > git status -z -uall [113ms]
2025-03-03 23:53:35.392 [info] > git for-each-ref --format=%(refname)%00%(upstream:short)%00%(objectname)%00%(upstream:track)%00%(upstream:remotename)%00%(upstream:remoteref) refs/heads/temporary refs/remotes/temporary [13ms]
2025-03-03 23:53:35.402 [info] > git config --get commit.template [11ms]
2025-03-03 23:53:35.413 [info] > git config --get --local branch.temporary.vscode-merge-base [11ms]
2025-03-03 23:53:35.413 [warning] [Git][config] git config failed: Failed to execute git
2025-03-03 23:53:35.424 [info] > git for-each-ref --format=%(refname)%00%(upstream:short)%00%(objectname)%00%(upstream:track)%00%(upstream:remotename)%00%(upstream:remoteref) refs/heads/temporary refs/remotes/temporary [11ms]
2025-03-03 23:53:35.446 [info] > git reflog temporary --grep-reflog=branch: Created from *. [24ms]
2025-03-03 23:53:35.455 [info] > git for-each-ref --sort -committerdate --format %(refname) %(objectname) %(*objectname) [10ms]
2025-03-03 23:53:35.456 [info] > git for-each-ref --format=%(refname)%00%(upstream:short)%00%(objectname)%00%(upstream:track)%00%(upstream:remotename)%00%(upstream:remoteref) refs/remotes/origin/temporary [2ms]
2025-03-03 23:53:35.466 [info] > git config --add --local branch.temporary.vscode-merge-base origin/temporary [1ms]
2025-03-03 23:53:35.484 [info] > git status -z -uall [48ms] (cancelled)
2025-03-03 23:53:35.485 [info] > git for-each-ref --format=%(refname)%00%(upstream:short)%00%(objectname)%00%(upstream:track)%00%(upstream:remotename)%00%(upstream:remoteref) refs/heads/temporary refs/remotes/temporary [10ms]
2025-03-03 23:53:35.494 [info] > git config --get commit.template [10ms]
2025-03-03 23:53:35.503 [info] > git config --get --local branch.temporary.vscode-merge-base [9ms]
2025-03-03 23:53:35.512 [info] > git for-each-ref --format=%(refname)%00%(upstream:short)%00%(objectname)%00%(upstream:track)%00%(upstream:remotename)%00%(upstream:remoteref) refs/heads/temporary refs/remotes/temporary [10ms]
2025-03-03 23:53:35.528 [info] > git for-each-ref --format=%(refname)%00%(upstream:short)%00%(objectname)%00%(upstream:track)%00%(upstream:remotename)%00%(upstream:remoteref) refs/heads/origin/temporary refs/remotes/origin/temporary [17ms]
2025-03-03 23:53:35.539 [info] > git for-each-ref --sort -committerdate --format %(refname) %(objectname) %(*objectname) [12ms]
2025-03-03 23:53:35.541 [info] > git merge-base refs/heads/temporary refs/remotes/origin/temporary [3ms]
2025-03-03 23:53:35.550 [info] > git diff --name-status -z --diff-filter=ADMR 9f79a786c81683edd9c3c1b298a5744b788a866f...refs/remotes/origin/temporary [1ms]
2025-03-03 23:53:35.627 [info] > git blame --root --incremental 9f79a786c81683edd9c3c1b298a5744b788a866f -- /home/ben/code/unity_projects/blood-bath/Assets/Scripts/playerScripts/CombatScript.cs [2ms]
2025-03-03 23:53:35.640 [info] > git status -z -uall [121ms]
2025-03-03 23:53:37.229 [info] > git ls-files --stage -- /home/ben/code/unity_projects/blood-bath/Assets/Scripts/playerScripts/CombatScript.cs [1ms]
2025-03-03 23:53:37.238 [info] > git cat-file -s a932147ea30b125de99e3b8f8e5e4257973785ce [2ms]
2025-03-03 23:53:37.249 [info] > git show --textconv :Assets/Scripts/playerScripts/CombatScript.cs [2ms]
2025-03-03 23:53:38.105 [info] > git config --get commit.template [9ms]
2025-03-03 23:53:38.106 [info] > git for-each-ref --format=%(refname)%00%(upstream:short)%00%(objectname)%00%(upstream:track)%00%(upstream:remotename)%00%(upstream:remoteref) refs/heads/temporary refs/remotes/temporary [2ms]
2025-03-03 23:53:38.123 [info] > git for-each-ref --sort -committerdate --format %(refname) %(objectname) %(*objectname) [2ms]
2025-03-03 23:53:38.201 [info] > git status -z -uall [88ms]
2025-03-03 23:53:38.216 [info] > git merge-base refs/heads/temporary refs/remotes/origin/temporary [4ms]
2025-03-03 23:53:38.226 [info] > git diff --name-status -z --diff-filter=ADMR 9f79a786c81683edd9c3c1b298a5744b788a866f...refs/remotes/origin/temporary [1ms]
2025-03-03 23:53:40.092 [info] > git ls-files --stage -- /home/ben/code/unity_projects/blood-bath/Assets/Scripts/playerScripts/CombatScript.cs [1ms]
2025-03-03 23:53:40.100 [info] > git cat-file -s 15053ec00cfa9638f9d35f369726307627b2deda [1ms]
2025-03-03 23:53:40.111 [info] > git show --textconv :Assets/Scripts/playerScripts/CombatScript.cs [2ms]
2025-03-03 23:53:40.494 [info] > git config --get commit.template [8ms]
2025-03-03 23:53:40.495 [info] > git for-each-ref --format=%(refname)%00%(upstream:short)%00%(objectname)%00%(upstream:track)%00%(upstream:remotename)%00%(upstream:remoteref) refs/heads/temporary refs/remotes/temporary [2ms]
2025-03-03 23:53:40.513 [info] > git for-each-ref --sort -committerdate --format %(refname) %(objectname) %(*objectname) [2ms]
2025-03-03 23:53:40.590 [info] > git status -z -uall [87ms]
2025-03-03 23:53:41.997 [info] > git config --get commit.template [1ms]
2025-03-03 23:53:42.006 [info] > git for-each-ref --format=%(refname)%00%(upstream:short)%00%(objectname)%00%(upstream:track)%00%(upstream:remotename)%00%(upstream:remoteref) refs/heads/temporary refs/remotes/temporary [2ms]
2025-03-03 23:53:42.023 [info] > git for-each-ref --sort -committerdate --format %(refname) %(objectname) %(*objectname) [2ms]
2025-03-03 23:53:42.100 [info] > git status -z -uall [87ms]
2025-03-03 23:53:42.112 [info] > git merge-base refs/heads/temporary refs/remotes/origin/temporary [2ms]
2025-03-03 23:53:42.121 [info] > git diff --name-status -z --diff-filter=ADMR 8c40654fdd079adb1a1a719faa81b3e961c2fee9...refs/remotes/origin/temporary [1ms]
2025-03-03 23:53:43.164 [info] > git ls-files --stage -- /home/ben/code/unity_projects/blood-bath/Assets/Scripts/playerScripts/CombatScript.cs [2ms]
2025-03-03 23:53:43.172 [info] > git cat-file -s 15053ec00cfa9638f9d35f369726307627b2deda [1ms]
2025-03-03 23:53:43.183 [info] > git show --textconv :Assets/Scripts/playerScripts/CombatScript.cs [2ms]
2025-03-03 23:53:43.948 [info] > git config --get commit.template [10ms]
2025-03-03 23:53:43.949 [info] > git for-each-ref --format=%(refname)%00%(upstream:short)%00%(objectname)%00%(upstream:track)%00%(upstream:remotename)%00%(upstream:remoteref) refs/heads/main refs/remotes/main [1ms]
2025-03-03 23:53:43.968 [info] > git status -z -uall [10ms]
2025-03-03 23:53:43.970 [info] > git for-each-ref --sort -committerdate --format %(refname) %(objectname) %(*objectname) [1ms]
2025-03-03 23:53:43.983 [info] > git for-each-ref --format=%(refname)%00%(upstream:short)%00%(objectname)%00%(upstream:track)%00%(upstream:remotename)%00%(upstream:remoteref) refs/heads/main refs/remotes/main [2ms]
2025-03-03 23:53:43.993 [info] > git config --get --local branch.main.vscode-merge-base [1ms]
2025-03-03 23:53:44.003 [info] > git for-each-ref --format=%(refname)%00%(upstream:short)%00%(objectname)%00%(upstream:track)%00%(upstream:remotename)%00%(upstream:remoteref) refs/heads/origin/main refs/remotes/origin/main [1ms]
2025-03-03 23:53:44.012 [info] > git merge-base refs/heads/main refs/remotes/origin/main [1ms]
2025-03-03 23:53:44.022 [info] > git diff --name-status -z --diff-filter=ADMR 8c40654fdd079adb1a1a719faa81b3e961c2fee9...refs/remotes/origin/main [1ms]
2025-03-04 01:38:28.270 [info] > git config --get commit.template [10ms]
2025-03-04 01:38:28.280 [info] > git for-each-ref --format=%(refname)%00%(upstream:short)%00%(objectname)%00%(upstream:track)%00%(upstream:remotename)%00%(upstream:remoteref) refs/heads/main refs/remotes/main [11ms]
2025-03-04 01:38:28.299 [info] > git status -z -uall [10ms]
2025-03-04 01:38:28.299 [info] > git ls-files --stage -- /home/ben/code/unity_projects/blood-bath/Assets/Scripts/playerScripts/CombatScript.cs [20ms]
2025-03-04 01:38:28.308 [info] > git for-each-ref --sort -committerdate --format %(refname) %(objectname) %(*objectname) [10ms]
2025-03-04 01:38:28.310 [info] > git cat-file -s 15053ec00cfa9638f9d35f369726307627b2deda [3ms]
2025-03-04 01:38:28.326 [info] > git show --textconv :Assets/Scripts/playerScripts/CombatScript.cs [2ms]
