2025-03-06 16:51:20.368 [info] [main] Log level: Info
2025-03-06 16:51:20.368 [info] [main] Validating found git in: "git"
2025-03-06 16:51:20.368 [info] [main] Using git "2.48.1" from "git"
2025-03-06 16:51:20.368 [info] [Model][doInitialScan] Initial repository scan started
2025-03-06 16:51:20.384 [info] > git rev-parse --show-toplevel [7ms]
2025-03-06 16:51:20.529 [info] > git rev-parse --git-dir --git-common-dir [131ms]
2025-03-06 16:51:20.540 [info] [Model][openRepository] Opened repository: /home/ben/code/unity_projects/blood-bath
2025-03-06 16:51:20.620 [info] > git rev-parse --show-toplevel [14ms]
2025-03-06 16:51:20.621 [info] > git config --get commit.template [23ms]
2025-03-06 16:51:20.641 [info] > git for-each-ref --format=%(refname)%00%(upstream:short)%00%(objectname)%00%(upstream:track)%00%(upstream:remotename)%00%(upstream:remoteref) refs/heads/main refs/remotes/main [11ms]
2025-03-06 16:51:20.643 [info] > git rev-parse --show-toplevel [4ms]
2025-03-06 16:51:20.670 [info] > git rev-parse --show-toplevel [19ms]
2025-03-06 16:51:20.678 [info] > git status -z -uall [17ms]
2025-03-06 16:51:20.679 [info] > git for-each-ref --sort -committerdate --format %(refname) %(objectname) %(*objectname) [10ms]
2025-03-06 16:51:20.701 [info] > git for-each-ref --format=%(refname)%00%(upstream:short)%00%(objectname)%00%(upstream:track)%00%(upstream:remotename)%00%(upstream:remoteref) refs/heads/main refs/remotes/main [10ms]
2025-03-06 16:51:20.708 [info] > git rev-parse --show-toplevel [31ms]
2025-03-06 16:51:20.718 [info] > git config --get --local branch.main.vscode-merge-base [10ms]
2025-03-06 16:51:20.728 [info] > git config --get commit.template [27ms]
2025-03-06 16:51:20.730 [info] > git for-each-ref --format=%(refname)%00%(upstream:short)%00%(objectname)%00%(upstream:track)%00%(upstream:remotename)%00%(upstream:remoteref) refs/heads/origin/main refs/remotes/origin/main [3ms]
2025-03-06 16:51:20.739 [info] > git rev-parse --show-toplevel [22ms]
2025-03-06 16:51:20.757 [info] > git merge-base refs/heads/main refs/remotes/origin/main [19ms]
2025-03-06 16:51:20.783 [info] > git diff --name-status -z --diff-filter=ADMR df71db5ab76a08746fb06273b36538581492da5d...refs/remotes/origin/main [19ms]
2025-03-06 16:51:20.784 [info] > git rev-parse --show-toplevel [27ms]
2025-03-06 16:51:20.784 [info] > git for-each-ref --format=%(refname)%00%(upstream:short)%00%(objectname)%00%(upstream:track)%00%(upstream:remotename)%00%(upstream:remoteref) refs/heads/main refs/remotes/main [34ms]
2025-03-06 16:51:20.794 [info] > git rev-parse --show-toplevel [2ms]
2025-03-06 16:51:20.816 [info] > git status -z -uall [14ms]
2025-03-06 16:51:20.816 [info] > git for-each-ref --sort -committerdate --format %(refname) %(objectname) %(*objectname) [8ms]
2025-03-06 16:51:20.830 [info] > git rev-parse --show-toplevel [15ms]
2025-03-06 16:51:20.830 [info] [Model][doInitialScan] Initial repository scan completed - repositories (1), closed repositories (0), parent repositories (0), unsafe repositories (0)
2025-03-06 16:51:20.865 [info] > git show --textconv :Assets/Scripts/playerScripts/CombatScript.cs [8ms]
2025-03-06 16:51:20.866 [info] > git ls-files --stage -- /home/ben/code/unity_projects/blood-bath/Assets/Scripts/playerScripts/CombatScript.cs [1ms]
2025-03-06 16:51:20.876 [info] > git cat-file -s c3229567632b5685e7fec542e36ab4308ded14f5 [1ms]
2025-03-06 16:51:20.915 [info] > git blame --root --incremental df71db5ab76a08746fb06273b36538581492da5d -- /home/ben/code/unity_projects/blood-bath/Assets/Scripts/playerScripts/CombatScript.cs [15ms]
2025-03-06 16:51:21.052 [info] > git check-ignore -v -z --stdin [2ms]
2025-03-06 16:51:29.100 [info] [main] Log level: Info
2025-03-06 16:51:29.100 [info] [main] Validating found git in: "git"
2025-03-06 16:51:29.100 [info] [main] Using git "2.48.1" from "git"
2025-03-06 16:51:29.100 [info] [Model][doInitialScan] Initial repository scan started
2025-03-06 16:51:29.100 [info] > git rev-parse --show-toplevel [8ms]
2025-03-06 16:51:29.109 [info] > git rev-parse --git-dir --git-common-dir [2ms]
2025-03-06 16:51:29.119 [info] [Model][openRepository] Opened repository: /home/ben/code/c/AdventCode
2025-03-06 16:51:29.257 [info] > git rev-parse --show-toplevel [123ms]
2025-03-06 16:51:29.258 [info] > git config --get commit.template [130ms]
2025-03-06 16:51:29.324 [info] > git rev-parse --show-toplevel [13ms]
2025-03-06 16:51:29.324 [info] [Model][doInitialScan] Initial repository scan completed - repositories (1), closed repositories (0), parent repositories (0), unsafe repositories (0)
2025-03-06 16:51:29.326 [info] > git for-each-ref --format=%(refname)%00%(upstream:short)%00%(objectname)%00%(upstream:track)%00%(upstream:remotename)%00%(upstream:remoteref) refs/heads/main refs/remotes/main [3ms]
2025-03-06 16:51:29.347 [info] > git status -z -uall [11ms]
2025-03-06 16:51:29.348 [info] > git for-each-ref --sort -committerdate --format %(refname) %(objectname) %(*objectname) [3ms]
2025-03-06 16:51:29.372 [info] > git for-each-ref --format=%(refname)%00%(upstream:short)%00%(objectname)%00%(upstream:track)%00%(upstream:remotename)%00%(upstream:remoteref) refs/heads/main refs/remotes/main [12ms]
2025-03-06 16:51:29.382 [info] > git config --get --local branch.main.vscode-merge-base [3ms]
2025-03-06 16:51:29.391 [info] > git config --get commit.template [19ms]
2025-03-06 16:51:29.391 [info] > git for-each-ref --format=%(refname)%00%(upstream:short)%00%(objectname)%00%(upstream:track)%00%(upstream:remotename)%00%(upstream:remoteref) refs/heads/origin/main refs/remotes/origin/main [1ms]
2025-03-06 16:51:29.425 [info] > git merge-base refs/heads/main refs/remotes/origin/main [25ms]
2025-03-06 16:51:29.436 [info] > git diff --name-status -z --diff-filter=ADMR 5166cd7a9dcc23ddb9c8f6db90e69e8cc7699e8e...refs/remotes/origin/main [3ms]
2025-03-06 16:51:29.437 [info] > git for-each-ref --format=%(refname)%00%(upstream:short)%00%(objectname)%00%(upstream:track)%00%(upstream:remotename)%00%(upstream:remoteref) refs/heads/main refs/remotes/main [11ms]
2025-03-06 16:51:29.456 [info] > git status -z -uall [10ms]
2025-03-06 16:51:29.456 [info] > git for-each-ref --sort -committerdate --format %(refname) %(objectname) %(*objectname) [3ms]
2025-03-06 16:51:29.764 [info] > git check-ignore -v -z --stdin [2ms]
2025-03-06 16:51:54.104 [info] > git config --get commit.template [10ms]
2025-03-06 16:51:54.105 [info] > git for-each-ref --format=%(refname)%00%(upstream:short)%00%(objectname)%00%(upstream:track)%00%(upstream:remotename)%00%(upstream:remoteref) refs/heads/main refs/remotes/main [1ms]
2025-03-06 16:51:54.122 [info] > git status -z -uall [9ms]
2025-03-06 16:51:54.122 [info] > git for-each-ref --sort -committerdate --format %(refname) %(objectname) %(*objectname) [1ms]
2025-03-06 16:52:44.985 [info] > git config --get commit.template [1ms]
2025-03-06 16:52:44.994 [info] > git for-each-ref --format=%(refname)%00%(upstream:short)%00%(objectname)%00%(upstream:track)%00%(upstream:remotename)%00%(upstream:remoteref) refs/heads/main refs/remotes/main [1ms]
2025-03-06 16:52:45.011 [info] > git status -z -uall [9ms]
2025-03-06 16:52:45.012 [info] > git for-each-ref --sort -committerdate --format %(refname) %(objectname) %(*objectname) [2ms]
2025-03-06 16:53:33.761 [info] > git show --textconv :2015/2015_1/main.c [9ms]
2025-03-06 16:53:33.762 [info] > git ls-files --stage -- /home/ben/code/c/AdventCode/2015/2015_1/main.c [2ms]
2025-03-06 16:53:33.770 [info] > git cat-file -s b56283f729c677140517eaa2687fe88f620e1e66 [1ms]
2025-03-06 16:53:33.790 [info] > git blame --root --incremental 5166cd7a9dcc23ddb9c8f6db90e69e8cc7699e8e -- /home/ben/code/c/AdventCode/2015/2015_1/main.c [3ms]
2025-03-06 16:54:21.113 [info] > git config --get commit.template [10ms]
2025-03-06 16:54:21.114 [info] > git for-each-ref --format=%(refname)%00%(upstream:short)%00%(objectname)%00%(upstream:track)%00%(upstream:remotename)%00%(upstream:remoteref) refs/heads/main refs/remotes/main [2ms]
2025-03-06 16:54:21.131 [info] > git status -z -uall [9ms]
2025-03-06 16:54:21.132 [info] > git for-each-ref --sort -committerdate --format %(refname) %(objectname) %(*objectname) [1ms]
2025-03-06 16:56:32.479 [info] > git config --get commit.template [9ms]
2025-03-06 16:56:32.480 [info] > git for-each-ref --format=%(refname)%00%(upstream:short)%00%(objectname)%00%(upstream:track)%00%(upstream:remotename)%00%(upstream:remoteref) refs/heads/main refs/remotes/main [2ms]
2025-03-06 16:56:32.496 [info] > git status -z -uall [9ms]
2025-03-06 16:56:32.497 [info] > git for-each-ref --sort -committerdate --format %(refname) %(objectname) %(*objectname) [1ms]
2025-03-06 16:56:38.931 [info] > git config --get commit.template [9ms]
2025-03-06 16:56:38.931 [info] > git for-each-ref --format=%(refname)%00%(upstream:short)%00%(objectname)%00%(upstream:track)%00%(upstream:remotename)%00%(upstream:remoteref) refs/heads/main refs/remotes/main [1ms]
2025-03-06 16:56:38.948 [info] > git status -z -uall [9ms]
2025-03-06 16:56:38.949 [info] > git for-each-ref --sort -committerdate --format %(refname) %(objectname) %(*objectname) [2ms]
2025-03-06 16:56:58.060 [info] > git config --get commit.template [1ms]
2025-03-06 16:56:58.070 [info] > git for-each-ref --format=%(refname)%00%(upstream:short)%00%(objectname)%00%(upstream:track)%00%(upstream:remotename)%00%(upstream:remoteref) refs/heads/main refs/remotes/main [2ms]
2025-03-06 16:56:58.087 [info] > git status -z -uall [10ms]
2025-03-06 16:56:58.087 [info] > git for-each-ref --sort -committerdate --format %(refname) %(objectname) %(*objectname) [1ms]
2025-03-06 16:57:54.160 [info] > git config --get commit.template [1ms]
2025-03-06 16:57:54.169 [info] > git for-each-ref --format=%(refname)%00%(upstream:short)%00%(objectname)%00%(upstream:track)%00%(upstream:remotename)%00%(upstream:remoteref) refs/heads/main refs/remotes/main [1ms]
2025-03-06 16:57:54.187 [info] > git status -z -uall [10ms]
2025-03-06 16:57:54.188 [info] > git for-each-ref --sort -committerdate --format %(refname) %(objectname) %(*objectname) [3ms]
2025-03-06 16:58:53.700 [info] > git config --get commit.template [11ms]
2025-03-06 16:58:53.701 [info] > git for-each-ref --format=%(refname)%00%(upstream:short)%00%(objectname)%00%(upstream:track)%00%(upstream:remotename)%00%(upstream:remoteref) refs/heads/main refs/remotes/main [2ms]
2025-03-06 16:58:53.721 [info] > git status -z -uall [11ms]
2025-03-06 16:58:53.722 [info] > git for-each-ref --sort -committerdate --format %(refname) %(objectname) %(*objectname) [2ms]
2025-03-06 16:59:05.980 [info] > git config --get commit.template [10ms]
2025-03-06 16:59:05.980 [info] > git for-each-ref --format=%(refname)%00%(upstream:short)%00%(objectname)%00%(upstream:track)%00%(upstream:remotename)%00%(upstream:remoteref) refs/heads/main refs/remotes/main [1ms]
2025-03-06 16:59:05.997 [info] > git status -z -uall [8ms]
2025-03-06 16:59:05.998 [info] > git for-each-ref --sort -committerdate --format %(refname) %(objectname) %(*objectname) [2ms]
2025-03-06 16:59:58.564 [info] > git config --get commit.template [10ms]
2025-03-06 16:59:58.565 [info] > git for-each-ref --format=%(refname)%00%(upstream:short)%00%(objectname)%00%(upstream:track)%00%(upstream:remotename)%00%(upstream:remoteref) refs/heads/main refs/remotes/main [2ms]
2025-03-06 16:59:58.582 [info] > git status -z -uall [10ms]
2025-03-06 16:59:58.582 [info] > git for-each-ref --sort -committerdate --format %(refname) %(objectname) %(*objectname) [2ms]
2025-03-06 17:00:04.027 [info] > git config --get commit.template [11ms]
2025-03-06 17:00:04.028 [info] > git for-each-ref --format=%(refname)%00%(upstream:short)%00%(objectname)%00%(upstream:track)%00%(upstream:remotename)%00%(upstream:remoteref) refs/heads/main refs/remotes/main [2ms]
2025-03-06 17:00:04.047 [info] > git status -z -uall [10ms]
2025-03-06 17:00:04.048 [info] > git for-each-ref --sort -committerdate --format %(refname) %(objectname) %(*objectname) [1ms]
2025-03-06 17:05:09.806 [info] > git config --get commit.template [9ms]
2025-03-06 17:05:09.807 [info] > git for-each-ref --format=%(refname)%00%(upstream:short)%00%(objectname)%00%(upstream:track)%00%(upstream:remotename)%00%(upstream:remoteref) refs/heads/main refs/remotes/main [1ms]
2025-03-06 17:05:09.823 [info] > git status -z -uall [8ms]
2025-03-06 17:05:09.824 [info] > git for-each-ref --sort -committerdate --format %(refname) %(objectname) %(*objectname) [2ms]
2025-03-06 17:05:11.062 [info] > git show --textconv :2015/2015_1/test.txt [11ms]
2025-03-06 17:05:11.063 [info] > git ls-files --stage -- /home/ben/code/c/AdventCode/2015/2015_1/test.txt [1ms]
2025-03-06 17:05:11.071 [info] > git cat-file -s 3c0ec7f710b86b98de4b44ac4e38a4d966f8ef48 [1ms]
2025-03-06 17:05:13.531 [info] > git show --textconv :2015/2015_1/main.c [9ms]
2025-03-06 17:05:13.532 [info] > git ls-files --stage -- /home/ben/code/c/AdventCode/2015/2015_1/main.c [2ms]
2025-03-06 17:05:13.542 [info] > git cat-file -s b56283f729c677140517eaa2687fe88f620e1e66 [2ms]
2025-03-06 17:05:17.293 [info] > git show --textconv :2015/2015_1/main.c [9ms]
2025-03-06 17:05:17.294 [info] > git ls-files --stage -- /home/ben/code/c/AdventCode/2015/2015_1/main.c [2ms]
2025-03-06 17:05:17.303 [info] > git cat-file -s b56283f729c677140517eaa2687fe88f620e1e66 [2ms]
2025-03-06 17:05:31.447 [info] > git config --get commit.template [10ms]
2025-03-06 17:05:31.447 [info] > git for-each-ref --format=%(refname)%00%(upstream:short)%00%(objectname)%00%(upstream:track)%00%(upstream:remotename)%00%(upstream:remoteref) refs/heads/main refs/remotes/main [1ms]
2025-03-06 17:05:31.463 [info] > git status -z -uall [8ms]
2025-03-06 17:05:31.464 [info] > git for-each-ref --sort -committerdate --format %(refname) %(objectname) %(*objectname) [1ms]
2025-03-06 17:07:46.684 [info] > git config --get commit.template [2ms]
2025-03-06 17:07:46.692 [info] > git for-each-ref --format=%(refname)%00%(upstream:short)%00%(objectname)%00%(upstream:track)%00%(upstream:remotename)%00%(upstream:remoteref) refs/heads/main refs/remotes/main [2ms]
2025-03-06 17:07:46.711 [info] > git status -z -uall [10ms]
2025-03-06 17:07:46.712 [info] > git for-each-ref --sort -committerdate --format %(refname) %(objectname) %(*objectname) [1ms]
2025-03-06 17:08:00.066 [info] > git config --get commit.template [11ms]
2025-03-06 17:08:00.067 [info] > git for-each-ref --format=%(refname)%00%(upstream:short)%00%(objectname)%00%(upstream:track)%00%(upstream:remotename)%00%(upstream:remoteref) refs/heads/main refs/remotes/main [2ms]
2025-03-06 17:08:00.086 [info] > git status -z -uall [10ms]
2025-03-06 17:08:00.087 [info] > git for-each-ref --sort -committerdate --format %(refname) %(objectname) %(*objectname) [1ms]
2025-03-06 17:08:13.172 [info] > git config --get commit.template [8ms]
2025-03-06 17:08:13.173 [info] > git for-each-ref --format=%(refname)%00%(upstream:short)%00%(objectname)%00%(upstream:track)%00%(upstream:remotename)%00%(upstream:remoteref) refs/heads/main refs/remotes/main [1ms]
2025-03-06 17:08:13.189 [info] > git status -z -uall [9ms]
2025-03-06 17:08:13.189 [info] > git for-each-ref --sort -committerdate --format %(refname) %(objectname) %(*objectname) [1ms]
2025-03-06 17:08:18.215 [info] > git config --get commit.template [10ms]
2025-03-06 17:08:18.216 [info] > git for-each-ref --format=%(refname)%00%(upstream:short)%00%(objectname)%00%(upstream:track)%00%(upstream:remotename)%00%(upstream:remoteref) refs/heads/main refs/remotes/main [1ms]
2025-03-06 17:08:18.232 [info] > git status -z -uall [9ms]
2025-03-06 17:08:18.233 [info] > git for-each-ref --sort -committerdate --format %(refname) %(objectname) %(*objectname) [1ms]
2025-03-06 17:08:23.257 [info] > git config --get commit.template [10ms]
2025-03-06 17:08:23.257 [info] > git for-each-ref --format=%(refname)%00%(upstream:short)%00%(objectname)%00%(upstream:track)%00%(upstream:remotename)%00%(upstream:remoteref) refs/heads/main refs/remotes/main [1ms]
2025-03-06 17:08:23.273 [info] > git status -z -uall [8ms]
2025-03-06 17:08:23.274 [info] > git for-each-ref --sort -committerdate --format %(refname) %(objectname) %(*objectname) [1ms]
2025-03-06 17:08:28.299 [info] > git config --get commit.template [10ms]
2025-03-06 17:08:28.300 [info] > git for-each-ref --format=%(refname)%00%(upstream:short)%00%(objectname)%00%(upstream:track)%00%(upstream:remotename)%00%(upstream:remoteref) refs/heads/main refs/remotes/main [2ms]
2025-03-06 17:08:28.317 [info] > git status -z -uall [9ms]
2025-03-06 17:08:28.317 [info] > git for-each-ref --sort -committerdate --format %(refname) %(objectname) %(*objectname) [1ms]
2025-03-06 17:08:37.871 [info] > git config --get commit.template [11ms]
2025-03-06 17:08:37.871 [info] > git for-each-ref --format=%(refname)%00%(upstream:short)%00%(objectname)%00%(upstream:track)%00%(upstream:remotename)%00%(upstream:remoteref) refs/heads/main refs/remotes/main [1ms]
2025-03-06 17:08:37.888 [info] > git status -z -uall [9ms]
2025-03-06 17:08:37.889 [info] > git for-each-ref --sort -committerdate --format %(refname) %(objectname) %(*objectname) [2ms]
2025-03-06 17:08:58.878 [info] > git config --get commit.template [11ms]
2025-03-06 17:08:58.879 [info] > git for-each-ref --format=%(refname)%00%(upstream:short)%00%(objectname)%00%(upstream:track)%00%(upstream:remotename)%00%(upstream:remoteref) refs/heads/main refs/remotes/main [2ms]
2025-03-06 17:08:58.895 [info] > git status -z -uall [9ms]
2025-03-06 17:08:58.896 [info] > git for-each-ref --sort -committerdate --format %(refname) %(objectname) %(*objectname) [2ms]
2025-03-06 17:10:39.747 [info] > git config --get commit.template [11ms]
2025-03-06 17:10:39.748 [info] > git for-each-ref --format=%(refname)%00%(upstream:short)%00%(objectname)%00%(upstream:track)%00%(upstream:remotename)%00%(upstream:remoteref) refs/heads/main refs/remotes/main [2ms]
2025-03-06 17:10:39.769 [info] > git status -z -uall [10ms]
2025-03-06 17:10:39.770 [info] > git for-each-ref --sort -committerdate --format %(refname) %(objectname) %(*objectname) [2ms]
2025-03-06 17:10:42.817 [info] > git show --textconv :2015/2015_1/test.txt [8ms]
2025-03-06 17:10:42.818 [info] > git ls-files --stage -- /home/ben/code/c/AdventCode/2015/2015_1/test.txt [2ms]
2025-03-06 17:10:42.826 [info] > git cat-file -s 3c0ec7f710b86b98de4b44ac4e38a4d966f8ef48 [1ms]
2025-03-06 17:10:44.593 [info] > git show --textconv :2015/2015_1/main.c [9ms]
2025-03-06 17:10:44.594 [info] > git ls-files --stage -- /home/ben/code/c/AdventCode/2015/2015_1/main.c [2ms]
2025-03-06 17:10:44.602 [info] > git cat-file -s b56283f729c677140517eaa2687fe88f620e1e66 [1ms]
2025-03-06 17:10:45.448 [info] > git config --get commit.template [1ms]
2025-03-06 17:10:45.458 [info] > git for-each-ref --format=%(refname)%00%(upstream:short)%00%(objectname)%00%(upstream:track)%00%(upstream:remotename)%00%(upstream:remoteref) refs/heads/main refs/remotes/main [1ms]
2025-03-06 17:10:45.480 [info] > git status -z -uall [11ms]
2025-03-06 17:10:45.481 [info] > git for-each-ref --sort -committerdate --format %(refname) %(objectname) %(*objectname) [2ms]
2025-03-06 17:10:49.714 [info] > git show --textconv :2015/2015_1/floors.txt [9ms]
2025-03-06 17:10:49.714 [info] > git ls-files --stage -- /home/ben/code/c/AdventCode/2015/2015_1/floors.txt [1ms]
2025-03-06 17:10:49.722 [info] > git cat-file -s 1855a96b947428794bf1897852f77a72776477b9 [1ms]
2025-03-06 17:10:51.403 [info] > git show --textconv :2015/2015_1/main.c [9ms]
2025-03-06 17:10:51.404 [info] > git ls-files --stage -- /home/ben/code/c/AdventCode/2015/2015_1/main.c [1ms]
2025-03-06 17:10:51.412 [info] > git cat-file -s b56283f729c677140517eaa2687fe88f620e1e66 [1ms]
2025-03-06 17:10:52.667 [info] > git show --textconv :2015/2015_1/floors.txt [8ms]
2025-03-06 17:10:52.668 [info] > git ls-files --stage -- /home/ben/code/c/AdventCode/2015/2015_1/floors.txt [2ms]
2025-03-06 17:10:52.677 [info] > git cat-file -s 1855a96b947428794bf1897852f77a72776477b9 [2ms]
2025-03-06 17:10:54.476 [info] > git show --textconv :2015/2015_1/main.c [10ms]
2025-03-06 17:10:54.477 [info] > git ls-files --stage -- /home/ben/code/c/AdventCode/2015/2015_1/main.c [3ms]
2025-03-06 17:10:54.486 [info] > git cat-file -s b56283f729c677140517eaa2687fe88f620e1e66 [1ms]
2025-03-06 17:10:58.651 [info] > git show --textconv :2015/2015_1/main.c [10ms]
2025-03-06 17:10:58.652 [info] > git ls-files --stage -- /home/ben/code/c/AdventCode/2015/2015_1/main.c [2ms]
2025-03-06 17:10:58.660 [info] > git cat-file -s b56283f729c677140517eaa2687fe88f620e1e66 [1ms]
2025-03-06 17:10:59.499 [info] > git config --get commit.template [9ms]
2025-03-06 17:10:59.500 [info] > git for-each-ref --format=%(refname)%00%(upstream:short)%00%(objectname)%00%(upstream:track)%00%(upstream:remotename)%00%(upstream:remoteref) refs/heads/main refs/remotes/main [1ms]
2025-03-06 17:10:59.517 [info] > git status -z -uall [9ms]
2025-03-06 17:10:59.518 [info] > git for-each-ref --sort -committerdate --format %(refname) %(objectname) %(*objectname) [2ms]
2025-03-06 17:10:59.873 [info] > git show --textconv :2015/2015_1/floors.txt [10ms]
2025-03-06 17:10:59.874 [info] > git ls-files --stage -- /home/ben/code/c/AdventCode/2015/2015_1/floors.txt [2ms]
2025-03-06 17:10:59.883 [info] > git cat-file -s 1855a96b947428794bf1897852f77a72776477b9 [1ms]
2025-03-06 17:11:07.815 [info] > git show --textconv :2015/2015_1/main.c [9ms]
2025-03-06 17:11:07.815 [info] > git ls-files --stage -- /home/ben/code/c/AdventCode/2015/2015_1/main.c [1ms]
2025-03-06 17:11:07.823 [info] > git cat-file -s b56283f729c677140517eaa2687fe88f620e1e66 [1ms]
2025-03-06 17:11:08.692 [info] > git config --get commit.template [11ms]
2025-03-06 17:11:08.692 [info] > git for-each-ref --format=%(refname)%00%(upstream:short)%00%(objectname)%00%(upstream:track)%00%(upstream:remotename)%00%(upstream:remoteref) refs/heads/main refs/remotes/main [1ms]
2025-03-06 17:11:08.709 [info] > git status -z -uall [9ms]
2025-03-06 17:11:08.709 [info] > git for-each-ref --sort -committerdate --format %(refname) %(objectname) %(*objectname) [1ms]
2025-03-06 17:11:12.431 [info] > git check-ignore -v -z --stdin [1ms]
2025-03-06 17:11:25.148 [info] > git show --textconv :2015/2015_1/.gitignore [9ms]
2025-03-06 17:11:25.158 [info] > git ls-files --stage -- /home/ben/code/c/AdventCode/2015/2015_1/.gitignore [11ms]
2025-03-06 17:11:25.167 [info] > git hash-object -t tree /dev/null [10ms]
2025-03-06 17:11:25.167 [warning] [GitFileSystemProvider][readFile] File not found - git:/home/ben/code/c/AdventCode/2015/2015_1/.gitignore.git?%7B%22path%22%3A%22%2Fhome%2Fben%2Fcode%2Fc%2FAdventCode%2F2015%2F2015_1%2F.gitignore%22%2C%22ref%22%3A%22%22%7D
2025-03-06 17:11:25.169 [info] > git hash-object -t tree /dev/null [2ms]
2025-03-06 17:11:25.169 [warning] [GitFileSystemProvider][stat] File not found - git:/home/ben/code/c/AdventCode/2015/2015_1/.gitignore.git?%7B%22path%22%3A%22%2Fhome%2Fben%2Fcode%2Fc%2FAdventCode%2F2015%2F2015_1%2F.gitignore%22%2C%22ref%22%3A%22%22%7D
2025-03-06 17:11:25.419 [info] > git check-ignore -v -z --stdin [1ms]
2025-03-06 17:11:25.985 [info] > git config --get commit.template [8ms]
2025-03-06 17:11:25.986 [info] > git for-each-ref --format=%(refname)%00%(upstream:short)%00%(objectname)%00%(upstream:track)%00%(upstream:remotename)%00%(upstream:remoteref) refs/heads/main refs/remotes/main [1ms]
2025-03-06 17:11:26.002 [info] > git status -z -uall [8ms]
2025-03-06 17:11:26.003 [info] > git for-each-ref --sort -committerdate --format %(refname) %(objectname) %(*objectname) [1ms]
2025-03-06 17:11:29.357 [info] > git show --textconv :.gitignore [11ms]
2025-03-06 17:11:29.357 [warning] [GitFileSystemProvider][readFile] File not found - git:/home/ben/code/c/AdventCode/.gitignore.git?%7B%22path%22%3A%22%2Fhome%2Fben%2Fcode%2Fc%2FAdventCode%2F.gitignore%22%2C%22ref%22%3A%22%22%7D
2025-03-06 17:11:29.358 [info] > git ls-files --stage -- /home/ben/code/c/AdventCode/.gitignore [2ms]
2025-03-06 17:11:29.358 [warning] [GitFileSystemProvider][stat] File not found - git:/home/ben/code/c/AdventCode/.gitignore.git?%7B%22path%22%3A%22%2Fhome%2Fben%2Fcode%2Fc%2FAdventCode%2F.gitignore%22%2C%22ref%22%3A%22%22%7D
2025-03-06 17:11:29.623 [info] > git check-ignore -v -z --stdin [1ms]
2025-03-06 17:11:31.023 [info] > git config --get commit.template [9ms]
2025-03-06 17:11:31.024 [info] > git for-each-ref --format=%(refname)%00%(upstream:short)%00%(objectname)%00%(upstream:track)%00%(upstream:remotename)%00%(upstream:remoteref) refs/heads/main refs/remotes/main [2ms]
2025-03-06 17:11:31.039 [info] > git status -z -uall [8ms]
2025-03-06 17:11:31.041 [info] > git for-each-ref --sort -committerdate --format %(refname) %(objectname) %(*objectname) [2ms]
2025-03-06 17:11:34.185 [info] > git check-ignore -v -z --stdin [2ms]
2025-03-06 17:11:36.063 [info] > git config --get commit.template [8ms]
2025-03-06 17:11:36.063 [info] > git for-each-ref --format=%(refname)%00%(upstream:short)%00%(objectname)%00%(upstream:track)%00%(upstream:remotename)%00%(upstream:remoteref) refs/heads/main refs/remotes/main [1ms]
2025-03-06 17:11:36.079 [info] > git status -z -uall [8ms]
2025-03-06 17:11:36.080 [info] > git for-each-ref --sort -committerdate --format %(refname) %(objectname) %(*objectname) [2ms]
2025-03-06 17:11:39.104 [info] > git check-ignore -v -z --stdin [2ms]
2025-03-06 17:11:41.103 [info] > git config --get commit.template [9ms]
2025-03-06 17:11:41.104 [info] > git for-each-ref --format=%(refname)%00%(upstream:short)%00%(objectname)%00%(upstream:track)%00%(upstream:remotename)%00%(upstream:remoteref) refs/heads/main refs/remotes/main [1ms]
2025-03-06 17:11:41.119 [info] > git status -z -uall [8ms]
2025-03-06 17:11:41.120 [info] > git for-each-ref --sort -committerdate --format %(refname) %(objectname) %(*objectname) [1ms]
2025-03-06 17:11:47.506 [info] > git config --get commit.template [10ms]
2025-03-06 17:11:47.507 [info] > git for-each-ref --format=%(refname)%00%(upstream:short)%00%(objectname)%00%(upstream:track)%00%(upstream:remotename)%00%(upstream:remoteref) refs/heads/main refs/remotes/main [1ms]
2025-03-06 17:11:47.524 [info] > git status -z -uall [10ms]
2025-03-06 17:11:47.524 [info] > git for-each-ref --sort -committerdate --format %(refname) %(objectname) %(*objectname) [1ms]
2025-03-06 17:13:37.874 [info] > git check-ignore -v -z --stdin [2ms]
2025-03-06 17:13:38.341 [info] > git config --get commit.template [1ms]
2025-03-06 17:13:38.350 [info] > git for-each-ref --format=%(refname)%00%(upstream:short)%00%(objectname)%00%(upstream:track)%00%(upstream:remotename)%00%(upstream:remoteref) refs/heads/main refs/remotes/main [2ms]
2025-03-06 17:13:38.366 [info] > git status -z -uall [8ms]
2025-03-06 17:13:38.368 [info] > git for-each-ref --sort -committerdate --format %(refname) %(objectname) %(*objectname) [3ms]
2025-03-06 17:13:47.507 [info] > git config --get commit.template [2ms]
2025-03-06 17:13:47.525 [info] > git check-ignore -v -z --stdin [1ms]
2025-03-06 17:13:47.526 [info] > git for-each-ref --format=%(refname)%00%(upstream:short)%00%(objectname)%00%(upstream:track)%00%(upstream:remotename)%00%(upstream:remoteref) refs/heads/main refs/remotes/main [10ms]
2025-03-06 17:13:47.544 [info] > git status -z -uall [9ms]
2025-03-06 17:13:47.545 [info] > git for-each-ref --sort -committerdate --format %(refname) %(objectname) %(*objectname) [2ms]
2025-03-06 17:13:51.311 [info] > git check-ignore -v -z --stdin [2ms]
2025-03-06 17:13:52.564 [info] > git config --get commit.template [8ms]
2025-03-06 17:13:52.564 [info] > git for-each-ref --format=%(refname)%00%(upstream:short)%00%(objectname)%00%(upstream:track)%00%(upstream:remotename)%00%(upstream:remoteref) refs/heads/main refs/remotes/main [1ms]
2025-03-06 17:13:52.581 [info] > git status -z -uall [9ms]
2025-03-06 17:13:52.582 [info] > git for-each-ref --sort -committerdate --format %(refname) %(objectname) %(*objectname) [2ms]
2025-03-06 17:13:59.567 [info] > git config --get commit.template [10ms]
2025-03-06 17:13:59.568 [info] > git for-each-ref --format=%(refname)%00%(upstream:short)%00%(objectname)%00%(upstream:track)%00%(upstream:remotename)%00%(upstream:remoteref) refs/heads/main refs/remotes/main [1ms]
2025-03-06 17:13:59.585 [info] > git status -z -uall [10ms]
2025-03-06 17:13:59.586 [info] > git for-each-ref --sort -committerdate --format %(refname) %(objectname) %(*objectname) [2ms]
2025-03-06 17:14:12.266 [info] > git config --get commit.template [1ms]
2025-03-06 17:14:12.275 [info] > git for-each-ref --format=%(refname)%00%(upstream:short)%00%(objectname)%00%(upstream:track)%00%(upstream:remotename)%00%(upstream:remoteref) refs/heads/main refs/remotes/main [1ms]
2025-03-06 17:14:12.293 [info] > git status -z -uall [9ms]
2025-03-06 17:14:12.294 [info] > git for-each-ref --sort -committerdate --format %(refname) %(objectname) %(*objectname) [1ms]
2025-03-06 17:14:13.317 [info] > git config --get commit.template [10ms]
2025-03-06 17:14:13.318 [info] > git for-each-ref --format=%(refname)%00%(upstream:short)%00%(objectname)%00%(upstream:track)%00%(upstream:remotename)%00%(upstream:remoteref) refs/heads/main refs/remotes/main [2ms]
2025-03-06 17:14:13.334 [info] > git status -z -uall [8ms]
2025-03-06 17:14:13.334 [info] > git for-each-ref --sort -committerdate --format %(refname) %(objectname) %(*objectname) [1ms]
2025-03-06 17:14:38.534 [info] > git show --textconv :2015/2015_1/main.c [25ms]
2025-03-06 17:14:38.534 [info] > git show --textconv HEAD:2015/2015_1/main.c [17ms]
2025-03-06 17:14:38.535 [info] > git ls-files --stage -- /home/ben/code/c/AdventCode/2015/2015_1/main.c [8ms]
2025-03-06 17:14:38.544 [info] > git cat-file -s 104fe165cb455189a1fd0d697119f671d0c7a505 [1ms]
2025-03-06 17:14:38.544 [info] > git ls-tree -l HEAD -- /home/ben/code/c/AdventCode/2015/2015_1/main.c [11ms]
2025-03-06 17:16:40.845 [info] > git config --get commit.template [9ms]
2025-03-06 17:16:40.846 [info] > git for-each-ref --format=%(refname)%00%(upstream:short)%00%(objectname)%00%(upstream:track)%00%(upstream:remotename)%00%(upstream:remoteref) refs/heads/main refs/remotes/main [2ms]
2025-03-06 17:16:40.863 [info] > git status -z -uall [9ms]
2025-03-06 17:16:40.864 [info] > git for-each-ref --sort -committerdate --format %(refname) %(objectname) %(*objectname) [2ms]
2025-03-06 17:16:40.885 [info] > git merge-base refs/heads/main refs/remotes/origin/main [2ms]
2025-03-06 17:16:40.894 [info] > git blame --root --incremental 4c7a8659f94ba8249980b6a8cf167647884863e8 -- /home/ben/code/c/AdventCode/2015/2015_1/main.c [18ms]
2025-03-06 17:16:40.895 [info] > git diff --name-status -z --diff-filter=ADMR 5166cd7a9dcc23ddb9c8f6db90e69e8cc7699e8e...refs/remotes/origin/main [2ms]
2025-03-06 17:16:41.916 [info] > git config --get commit.template [9ms]
2025-03-06 17:16:41.917 [info] > git for-each-ref --format=%(refname)%00%(upstream:short)%00%(objectname)%00%(upstream:track)%00%(upstream:remotename)%00%(upstream:remoteref) refs/heads/main refs/remotes/main [2ms]
2025-03-06 17:16:41.932 [info] > git status -z -uall [7ms]
2025-03-06 17:16:41.933 [info] > git for-each-ref --sort -committerdate --format %(refname) %(objectname) %(*objectname) [1ms]
2025-03-06 17:16:42.008 [info] > git ls-files --stage -- /home/ben/code/c/AdventCode/2015/2015_1/main.c [1ms]
2025-03-06 17:16:42.017 [info] > git cat-file -s 104fe165cb455189a1fd0d697119f671d0c7a505 [1ms]
2025-03-06 17:16:42.027 [info] > git show --textconv :2015/2015_1/main.c [2ms]
2025-03-06 17:17:38.042 [info] > git config --get commit.template [9ms]
2025-03-06 17:17:38.043 [info] > git for-each-ref --format=%(refname)%00%(upstream:short)%00%(objectname)%00%(upstream:track)%00%(upstream:remotename)%00%(upstream:remoteref) refs/heads/main refs/remotes/main [1ms]
2025-03-06 17:17:38.060 [info] > git status -z -uall [9ms]
2025-03-06 17:17:38.061 [info] > git for-each-ref --sort -committerdate --format %(refname) %(objectname) %(*objectname) [1ms]
2025-03-06 17:17:38.402 [info] > git show --textconv :2015/2015_3/main.c [26ms]
2025-03-06 17:17:38.402 [info] > git show --textconv HEAD:2015/2015_3/main.c [18ms]
2025-03-06 17:17:38.402 [info] > git ls-files --stage -- /home/ben/code/c/AdventCode/2015/2015_3/main.c [9ms]
2025-03-06 17:17:38.410 [warning] [GitFileSystemProvider][readFile] File not found - git:/home/ben/code/c/AdventCode/2015/2015_3/main.c.git?%7B%22path%22%3A%22%2Fhome%2Fben%2Fcode%2Fc%2FAdventCode%2F2015%2F2015_3%2Fmain.c%22%2C%22ref%22%3A%22HEAD%22%7D
2025-03-06 17:17:38.412 [info] > git cat-file -s de648797c893390267f56af8bed1d686554b0b7d [2ms]
2025-03-06 17:17:38.412 [info] > git ls-tree -l HEAD -- /home/ben/code/c/AdventCode/2015/2015_3/main.c [11ms]
2025-03-06 17:17:38.412 [warning] [GitFileSystemProvider][stat] File not found - git:/home/ben/code/c/AdventCode/2015/2015_3/main.c.git?%7B%22path%22%3A%22%2Fhome%2Fben%2Fcode%2Fc%2FAdventCode%2F2015%2F2015_3%2Fmain.c%22%2C%22ref%22%3A%22HEAD%22%7D
2025-03-06 17:17:38.443 [info] > git blame --root --incremental 4c7a8659f94ba8249980b6a8cf167647884863e8 -- /home/ben/code/c/AdventCode/2015/2015_3/main.c [1ms]
2025-03-06 17:17:38.443 [info] fatal: no such path 2015/2015_3/main.c in 4c7a8659f94ba8249980b6a8cf167647884863e8
2025-03-06 17:17:39.106 [info] > git config --get commit.template [1ms]
2025-03-06 17:17:39.117 [info] > git for-each-ref --format=%(refname)%00%(upstream:short)%00%(objectname)%00%(upstream:track)%00%(upstream:remotename)%00%(upstream:remoteref) refs/heads/main refs/remotes/main [2ms]
2025-03-06 17:17:39.134 [info] > git status -z -uall [9ms]
2025-03-06 17:17:39.135 [info] > git for-each-ref --sort -committerdate --format %(refname) %(objectname) %(*objectname) [2ms]
2025-03-06 17:17:39.206 [info] > git ls-files --stage -- /home/ben/code/c/AdventCode/2015/2015_3/main.c [1ms]
2025-03-06 17:17:39.215 [info] > git cat-file -s de648797c893390267f56af8bed1d686554b0b7d [1ms]
2025-03-06 17:17:39.225 [info] > git show --textconv :2015/2015_3/main.c [1ms]
2025-03-06 17:18:20.759 [info] > git config --get commit.template [2ms]
2025-03-06 17:18:20.769 [info] > git for-each-ref --format=%(refname)%00%(upstream:short)%00%(objectname)%00%(upstream:track)%00%(upstream:remotename)%00%(upstream:remoteref) refs/heads/main refs/remotes/main [2ms]
2025-03-06 17:18:20.786 [info] > git status -z -uall [9ms]
2025-03-06 17:18:20.787 [info] > git for-each-ref --sort -committerdate --format %(refname) %(objectname) %(*objectname) [2ms]
2025-03-06 17:18:21.832 [info] > git config --get commit.template [9ms]
2025-03-06 17:18:21.833 [info] > git for-each-ref --format=%(refname)%00%(upstream:short)%00%(objectname)%00%(upstream:track)%00%(upstream:remotename)%00%(upstream:remoteref) refs/heads/main refs/remotes/main [1ms]
2025-03-06 17:18:21.851 [info] > git status -z -uall [10ms]
2025-03-06 17:18:21.851 [info] > git for-each-ref --sort -committerdate --format %(refname) %(objectname) %(*objectname) [2ms]
2025-03-06 17:18:21.926 [info] > git ls-files --stage -- /home/ben/code/c/AdventCode/2015/2015_3/main.c [1ms]
2025-03-06 17:18:21.927 [warning] [GitFileSystemProvider][stat] File not found - git:/home/ben/code/c/AdventCode/2015/2015_3/main.c.git?%7B%22path%22%3A%22%2Fhome%2Fben%2Fcode%2Fc%2FAdventCode%2F2015%2F2015_3%2Fmain.c%22%2C%22ref%22%3A%22%22%7D
2025-03-06 17:19:04.625 [info] > git config --get commit.template [9ms]
2025-03-06 17:19:04.625 [info] > git for-each-ref --format=%(refname)%00%(upstream:short)%00%(objectname)%00%(upstream:track)%00%(upstream:remotename)%00%(upstream:remoteref) refs/heads/main refs/remotes/main [1ms]
2025-03-06 17:19:04.643 [info] > git status -z -uall [10ms]
2025-03-06 17:19:04.643 [info] > git for-each-ref --sort -committerdate --format %(refname) %(objectname) %(*objectname) [2ms]
2025-03-06 17:19:05.695 [info] > git config --get commit.template [9ms]
2025-03-06 17:19:05.696 [info] > git for-each-ref --format=%(refname)%00%(upstream:short)%00%(objectname)%00%(upstream:track)%00%(upstream:remotename)%00%(upstream:remoteref) refs/heads/main refs/remotes/main [1ms]
2025-03-06 17:19:05.713 [info] > git status -z -uall [9ms]
2025-03-06 17:19:05.714 [info] > git for-each-ref --sort -committerdate --format %(refname) %(objectname) %(*objectname) [2ms]
2025-03-06 17:19:05.786 [info] > git ls-files --stage -- /home/ben/code/c/AdventCode/2015/2015_3/main.c [1ms]
2025-03-06 17:19:05.786 [warning] [GitFileSystemProvider][stat] File not found - git:/home/ben/code/c/AdventCode/2015/2015_3/main.c.git?%7B%22path%22%3A%22%2Fhome%2Fben%2Fcode%2Fc%2FAdventCode%2F2015%2F2015_3%2Fmain.c%22%2C%22ref%22%3A%22%22%7D
2025-03-06 17:19:51.178 [info] > git config --get commit.template [8ms]
2025-03-06 17:19:51.179 [info] > git for-each-ref --format=%(refname)%00%(upstream:short)%00%(objectname)%00%(upstream:track)%00%(upstream:remotename)%00%(upstream:remoteref) refs/heads/main refs/remotes/main [2ms]
2025-03-06 17:19:51.195 [info] > git status -z -uall [9ms]
2025-03-06 17:19:51.196 [info] > git for-each-ref --sort -committerdate --format %(refname) %(objectname) %(*objectname) [2ms]
2025-03-06 17:19:51.208 [info] > git merge-base refs/heads/main refs/remotes/origin/main [1ms]
2025-03-06 17:19:51.217 [info] > git diff --name-status -z --diff-filter=ADMR 5166cd7a9dcc23ddb9c8f6db90e69e8cc7699e8e...refs/remotes/origin/main [1ms]
2025-03-06 17:19:52.247 [info] > git config --get commit.template [9ms]
2025-03-06 17:19:52.248 [info] > git for-each-ref --format=%(refname)%00%(upstream:short)%00%(objectname)%00%(upstream:track)%00%(upstream:remotename)%00%(upstream:remoteref) refs/heads/main refs/remotes/main [1ms]
2025-03-06 17:19:52.264 [info] > git status -z -uall [8ms]
2025-03-06 17:19:52.265 [info] > git for-each-ref --sort -committerdate --format %(refname) %(objectname) %(*objectname) [2ms]
2025-03-06 17:19:52.340 [info] > git ls-files --stage -- /home/ben/code/c/AdventCode/2015/2015_3/main.c [2ms]
2025-03-06 17:19:52.340 [warning] [GitFileSystemProvider][stat] File not found - git:/home/ben/code/c/AdventCode/2015/2015_3/main.c.git?%7B%22path%22%3A%22%2Fhome%2Fben%2Fcode%2Fc%2FAdventCode%2F2015%2F2015_3%2Fmain.c%22%2C%22ref%22%3A%22%22%7D
2025-03-06 17:20:03.717 [info] > git config --get commit.template [7ms]
2025-03-06 17:20:03.718 [info] > git for-each-ref --format=%(refname)%00%(upstream:short)%00%(objectname)%00%(upstream:track)%00%(upstream:remotename)%00%(upstream:remoteref) refs/heads/main refs/remotes/main [1ms]
2025-03-06 17:20:03.735 [info] > git status -z -uall [9ms]
2025-03-06 17:20:03.736 [info] > git for-each-ref --sort -committerdate --format %(refname) %(objectname) %(*objectname) [1ms]
2025-03-06 17:20:03.748 [info] > git merge-base refs/heads/main refs/remotes/origin/main [3ms]
2025-03-06 17:20:03.757 [info] > git diff --name-status -z --diff-filter=ADMR e1b5a2980e018e54170c43aed31709b4ce52cfd9...refs/remotes/origin/main [1ms]
2025-03-06 17:20:17.498 [info] > git config --get commit.template [11ms]
2025-03-06 17:20:17.509 [info] > git ls-files --stage -- /home/ben/code/c/AdventCode/2015/2015_3/main.c [11ms]
2025-03-06 17:20:17.509 [warning] [GitFileSystemProvider][stat] File not found - git:/home/ben/code/c/AdventCode/2015/2015_3/main.c.git?%7B%22path%22%3A%22%2Fhome%2Fben%2Fcode%2Fc%2FAdventCode%2F2015%2F2015_3%2Fmain.c%22%2C%22ref%22%3A%22%22%7D
2025-03-06 17:20:17.510 [info] > git for-each-ref --format=%(refname)%00%(upstream:short)%00%(objectname)%00%(upstream:track)%00%(upstream:remotename)%00%(upstream:remoteref) refs/heads/main refs/remotes/main [2ms]
2025-03-06 17:20:17.527 [info] > git status -z -uall [10ms]
2025-03-06 17:20:17.527 [info] > git for-each-ref --sort -committerdate --format %(refname) %(objectname) %(*objectname) [1ms]
2025-03-06 17:20:32.831 [info] > git config --get commit.template [10ms]
2025-03-06 17:20:32.832 [info] > git for-each-ref --format=%(refname)%00%(upstream:short)%00%(objectname)%00%(upstream:track)%00%(upstream:remotename)%00%(upstream:remoteref) refs/heads/main refs/remotes/main [1ms]
2025-03-06 17:20:32.849 [info] > git status -z -uall [9ms]
2025-03-06 17:20:32.850 [info] > git for-each-ref --sort -committerdate --format %(refname) %(objectname) %(*objectname) [2ms]
2025-03-06 17:20:46.163 [info] > git config --get commit.template [2ms]
2025-03-06 17:20:46.180 [info] > git for-each-ref --format=%(refname)%00%(upstream:short)%00%(objectname)%00%(upstream:track)%00%(upstream:remotename)%00%(upstream:remoteref) refs/heads/main refs/remotes/main [10ms]
2025-03-06 17:20:46.180 [info] > git check-ignore -v -z --stdin [1ms]
2025-03-06 17:20:46.196 [info] > git status -z -uall [8ms]
2025-03-06 17:20:46.197 [info] > git for-each-ref --sort -committerdate --format %(refname) %(objectname) %(*objectname) [1ms]
