2025-03-02 21:41:46.744 [info] [main] Log level: Info
2025-03-02 21:41:46.744 [info] [main] Validating found git in: "git"
2025-03-02 21:41:46.764 [info] [main] Using git "2.48.1" from "git"
2025-03-02 21:41:46.764 [info] [Model][doInitialScan] Initial repository scan started
2025-03-02 21:41:46.786 [info] > git rev-parse --show-toplevel [8ms]
2025-03-02 21:41:46.786 [info] fatal: not a git repository (or any of the parent directories): .git
2025-03-02 21:41:46.858 [info] > git rev-parse --show-toplevel [61ms]
2025-03-02 21:41:46.858 [info] fatal: not a git repository (or any of the parent directories): .git
2025-03-02 21:41:46.881 [info] > git rev-parse --show-toplevel [3ms]
2025-03-02 21:41:46.881 [info] fatal: not a git repository (or any of the parent directories): .git
2025-03-02 21:41:46.890 [info] > git rev-parse --show-toplevel [2ms]
2025-03-02 21:41:46.890 [info] fatal: not a git repository (or any of the parent directories): .git
2025-03-02 21:41:46.898 [info] > git rev-parse --show-toplevel [2ms]
2025-03-02 21:41:46.898 [info] fatal: not a git repository (or any of the parent directories): .git
2025-03-02 21:41:46.898 [info] [Model][doInitialScan] Initial repository scan completed - repositories (0), closed repositories (0), parent repositories (0), unsafe repositories (0)
2025-03-02 21:41:46.956 [info] > git rev-parse --show-toplevel [2ms]
2025-03-02 21:41:46.956 [info] fatal: not a git repository (or any of the parent directories): .git
2025-03-02 21:41:47.417 [info] > git rev-parse --show-toplevel [1ms]
2025-03-02 21:41:47.417 [info] fatal: not a git repository (or any of the parent directories): .git
2025-03-02 21:41:48.059 [info] > git rev-parse --show-toplevel [1ms]
2025-03-02 21:41:48.059 [info] fatal: not a git repository (or any of the parent directories): .git
2025-03-02 21:42:00.510 [info] [main] Log level: Info
2025-03-02 21:42:00.510 [info] [main] Validating found git in: "git"
2025-03-02 21:42:00.510 [info] [main] Using git "2.48.1" from "git"
2025-03-02 21:42:00.510 [info] [Model][doInitialScan] Initial repository scan started
2025-03-02 21:42:00.510 [info] > git rev-parse --show-toplevel [7ms]
2025-03-02 21:42:00.518 [info] > git rev-parse --git-dir --git-common-dir [1ms]
2025-03-02 21:42:00.531 [info] [Model][openRepository] Opened repository: /home/ben/code/unity_projects/blood-bath
2025-03-02 21:42:00.545 [info] > git config --get commit.template [3ms]
2025-03-02 21:42:00.564 [info] > git rev-parse --show-toplevel [10ms]
2025-03-02 21:42:00.587 [info] > git for-each-ref --format=%(refname)%00%(upstream:short)%00%(objectname)%00%(upstream:track)%00%(upstream:remotename)%00%(upstream:remoteref) refs/heads/main refs/remotes/main [26ms]
2025-03-02 21:42:00.599 [info] > git rev-parse --show-toplevel [12ms]
2025-03-02 21:42:00.623 [info] > git status -z -uall [8ms]
2025-03-02 21:42:00.624 [info] > git rev-parse --show-toplevel [17ms]
2025-03-02 21:42:00.632 [info] > git for-each-ref --sort -committerdate --format %(refname) %(objectname) %(*objectname) [10ms]
2025-03-02 21:42:00.668 [info] > git for-each-ref --format=%(refname)%00%(upstream:short)%00%(objectname)%00%(upstream:track)%00%(upstream:remotename)%00%(upstream:remoteref) refs/heads/main refs/remotes/main [16ms]
2025-03-02 21:42:00.677 [info] > git rev-parse --show-toplevel [46ms]
2025-03-02 21:42:00.686 [info] > git config --get --local branch.main.vscode-merge-base [9ms]
2025-03-02 21:42:00.694 [info] > git config --get commit.template [27ms]
2025-03-02 21:42:00.696 [info] > git for-each-ref --format=%(refname)%00%(upstream:short)%00%(objectname)%00%(upstream:track)%00%(upstream:remotename)%00%(upstream:remoteref) refs/heads/origin/main refs/remotes/origin/main [3ms]
2025-03-02 21:42:00.704 [info] > git rev-parse --show-toplevel [18ms]
2025-03-02 21:42:00.721 [info] > git merge-base refs/heads/main refs/remotes/origin/main [18ms]
2025-03-02 21:42:00.749 [info] > git diff --name-status -z --diff-filter=ADMR 68c80bf1a6365f2989648dc4a7dbba5475122604...refs/remotes/origin/main [21ms]
2025-03-02 21:42:00.750 [info] > git rev-parse --show-toplevel [32ms]
2025-03-02 21:42:00.750 [info] > git for-each-ref --format=%(refname)%00%(upstream:short)%00%(objectname)%00%(upstream:track)%00%(upstream:remotename)%00%(upstream:remoteref) refs/heads/main refs/remotes/main [39ms]
2025-03-02 21:42:00.762 [info] > git rev-parse --show-toplevel [2ms]
2025-03-02 21:42:00.784 [info] > git status -z -uall [15ms]
2025-03-02 21:42:00.784 [info] > git for-each-ref --sort -committerdate --format %(refname) %(objectname) %(*objectname) [7ms]
2025-03-02 21:42:00.799 [info] > git rev-parse --show-toplevel [16ms]
2025-03-02 21:42:00.800 [info] [Model][doInitialScan] Initial repository scan completed - repositories (1), closed repositories (0), parent repositories (0), unsafe repositories (0)
2025-03-02 21:42:01.076 [info] > git check-ignore -v -z --stdin [2ms]
2025-03-02 21:42:29.391 [info] > git config --get commit.template [1ms]
2025-03-02 21:42:29.401 [info] > git for-each-ref --format=%(refname)%00%(upstream:short)%00%(objectname)%00%(upstream:track)%00%(upstream:remotename)%00%(upstream:remoteref) refs/heads/main refs/remotes/main [2ms]
2025-03-02 21:42:29.417 [info] > git status -z -uall [9ms]
2025-03-02 21:42:29.418 [info] > git for-each-ref --sort -committerdate --format %(refname) %(objectname) %(*objectname) [2ms]
2025-03-02 21:42:39.083 [info] > git config --get commit.template [10ms]
2025-03-02 21:42:39.084 [info] > git for-each-ref --format=%(refname)%00%(upstream:short)%00%(objectname)%00%(upstream:track)%00%(upstream:remotename)%00%(upstream:remoteref) refs/heads/main refs/remotes/main [2ms]
2025-03-02 21:42:39.102 [info] > git for-each-ref --sort -committerdate --format %(refname) %(objectname) %(*objectname) [2ms]
2025-03-02 21:42:39.112 [info] > git status -z -uall [19ms]
2025-03-02 21:42:39.125 [info] > git merge-base refs/heads/main refs/remotes/origin/main [2ms]
2025-03-02 21:42:39.135 [info] > git diff --name-status -z --diff-filter=ADMR d7182373fc5fb7b338575e1d256ce239f4981cc3...refs/remotes/origin/main [2ms]
2025-03-02 21:42:40.192 [info] > git config --get commit.template [1ms]
2025-03-02 21:42:40.200 [info] > git for-each-ref --format=%(refname)%00%(upstream:short)%00%(objectname)%00%(upstream:track)%00%(upstream:remotename)%00%(upstream:remoteref) refs/heads/main refs/remotes/main [1ms]
2025-03-02 21:42:40.217 [info] > git for-each-ref --sort -committerdate --format %(refname) %(objectname) %(*objectname) [2ms]
2025-03-02 21:42:40.227 [info] > git status -z -uall [20ms]
2025-03-02 21:42:44.895 [info] > git check-ignore -v -z --stdin [1ms]
2025-03-02 21:42:45.860 [info] > git check-ignore -v -z --stdin [2ms]
2025-03-02 21:42:50.284 [info] > git check-ignore -v -z --stdin [1ms]
2025-03-02 21:42:55.586 [info] > git config --get commit.template [11ms]
2025-03-02 21:42:55.587 [info] > git for-each-ref --format=%(refname)%00%(upstream:short)%00%(objectname)%00%(upstream:track)%00%(upstream:remotename)%00%(upstream:remoteref) refs/heads/main refs/remotes/main [2ms]
2025-03-02 21:42:55.612 [info] > git for-each-ref --sort -committerdate --format %(refname) %(objectname) %(*objectname) [2ms]
2025-03-02 21:42:55.620 [info] > git status -z -uall [22ms]
2025-03-02 21:43:00.639 [info] > git config --get commit.template [9ms]
2025-03-02 21:43:00.640 [info] > git for-each-ref --format=%(refname)%00%(upstream:short)%00%(objectname)%00%(upstream:track)%00%(upstream:remotename)%00%(upstream:remoteref) refs/heads/main refs/remotes/main [1ms]
2025-03-02 21:43:00.655 [info] > git for-each-ref --sort -committerdate --format %(refname) %(objectname) %(*objectname) [1ms]
2025-03-02 21:43:00.666 [info] > git status -z -uall [19ms]
2025-03-02 21:43:05.686 [info] > git config --get commit.template [8ms]
2025-03-02 21:43:05.686 [info] > git for-each-ref --format=%(refname)%00%(upstream:short)%00%(objectname)%00%(upstream:track)%00%(upstream:remotename)%00%(upstream:remoteref) refs/heads/main refs/remotes/main [1ms]
2025-03-02 21:43:05.706 [info] > git for-each-ref --sort -committerdate --format %(refname) %(objectname) %(*objectname) [2ms]
2025-03-02 21:43:05.716 [info] > git status -z -uall [20ms]
2025-03-02 21:43:05.727 [info] > git config --get commit.template [1ms]
2025-03-02 21:43:05.737 [info] > git for-each-ref --format=%(refname)%00%(upstream:short)%00%(objectname)%00%(upstream:track)%00%(upstream:remotename)%00%(upstream:remoteref) refs/heads/main refs/remotes/main [3ms]
2025-03-02 21:43:05.756 [info] > git for-each-ref --sort -committerdate --format %(refname) %(objectname) %(*objectname) [2ms]
2025-03-02 21:43:05.766 [info] > git status -z -uall [20ms]
2025-03-02 21:43:36.033 [info] > git config --get commit.template [9ms]
2025-03-02 21:43:36.034 [info] > git for-each-ref --format=%(refname)%00%(upstream:short)%00%(objectname)%00%(upstream:track)%00%(upstream:remotename)%00%(upstream:remoteref) refs/heads/main refs/remotes/main [2ms]
2025-03-02 21:43:36.055 [info] > git for-each-ref --sort -committerdate --format %(refname) %(objectname) %(*objectname) [2ms]
2025-03-02 21:43:36.064 [info] > git status -z -uall [20ms]
2025-03-02 21:46:27.933 [info] > git config --get commit.template [11ms]
2025-03-02 21:46:27.934 [info] > git for-each-ref --format=%(refname)%00%(upstream:short)%00%(objectname)%00%(upstream:track)%00%(upstream:remotename)%00%(upstream:remoteref) refs/heads/main refs/remotes/main [2ms]
2025-03-02 21:46:27.959 [info] > git for-each-ref --sort -committerdate --format %(refname) %(objectname) %(*objectname) [3ms]
2025-03-02 21:46:27.966 [info] > git status -z -uall [21ms]
2025-03-02 21:46:33.649 [info] > git config --get commit.template [10ms]
2025-03-02 21:46:33.649 [info] > git for-each-ref --format=%(refname)%00%(upstream:short)%00%(objectname)%00%(upstream:track)%00%(upstream:remotename)%00%(upstream:remoteref) refs/heads/main refs/remotes/main [2ms]
2025-03-02 21:46:33.668 [info] > git for-each-ref --sort -committerdate --format %(refname) %(objectname) %(*objectname) [1ms]
2025-03-02 21:46:33.678 [info] > git status -z -uall [20ms]
2025-03-02 21:46:38.703 [info] > git config --get commit.template [9ms]
2025-03-02 21:46:38.703 [info] > git for-each-ref --format=%(refname)%00%(upstream:short)%00%(objectname)%00%(upstream:track)%00%(upstream:remotename)%00%(upstream:remoteref) refs/heads/main refs/remotes/main [1ms]
2025-03-02 21:46:38.720 [info] > git for-each-ref --sort -committerdate --format %(refname) %(objectname) %(*objectname) [2ms]
2025-03-02 21:46:38.730 [info] > git status -z -uall [19ms]
2025-03-02 21:46:43.753 [info] > git config --get commit.template [9ms]
2025-03-02 21:46:43.754 [info] > git for-each-ref --format=%(refname)%00%(upstream:short)%00%(objectname)%00%(upstream:track)%00%(upstream:remotename)%00%(upstream:remoteref) refs/heads/main refs/remotes/main [2ms]
2025-03-02 21:46:43.772 [info] > git for-each-ref --sort -committerdate --format %(refname) %(objectname) %(*objectname) [1ms]
2025-03-02 21:46:43.783 [info] > git status -z -uall [20ms]
2025-03-02 21:46:47.445 [info] > git check-ignore -v -z --stdin [1ms]
2025-03-02 21:47:15.398 [info] > git config --get commit.template [14ms]
2025-03-02 21:47:15.400 [info] > git for-each-ref --format=%(refname)%00%(upstream:short)%00%(objectname)%00%(upstream:track)%00%(upstream:remotename)%00%(upstream:remoteref) refs/heads/main refs/remotes/main [3ms]
2025-03-02 21:47:15.423 [info] > git for-each-ref --sort -committerdate --format %(refname) %(objectname) %(*objectname) [1ms]
2025-03-02 21:47:15.430 [info] > git status -z -uall [22ms]
2025-03-02 21:47:23.583 [info] > git config --get commit.template [9ms]
2025-03-02 21:47:23.584 [info] > git for-each-ref --format=%(refname)%00%(upstream:short)%00%(objectname)%00%(upstream:track)%00%(upstream:remotename)%00%(upstream:remoteref) refs/heads/main refs/remotes/main [1ms]
2025-03-02 21:47:23.603 [info] > git for-each-ref --sort -committerdate --format %(refname) %(objectname) %(*objectname) [1ms]
2025-03-02 21:47:23.614 [info] > git status -z -uall [21ms]
2025-03-02 21:48:15.620 [info] > git config --get commit.template [10ms]
2025-03-02 21:48:15.621 [info] > git for-each-ref --format=%(refname)%00%(upstream:short)%00%(objectname)%00%(upstream:track)%00%(upstream:remotename)%00%(upstream:remoteref) refs/heads/main refs/remotes/main [2ms]
2025-03-02 21:48:15.649 [info] > git for-each-ref --sort -committerdate --format %(refname) %(objectname) %(*objectname) [3ms]
2025-03-02 21:48:15.660 [info] > git status -z -uall [28ms]
2025-03-02 21:52:17.145 [info] > git config --get commit.template [2ms]
2025-03-02 21:52:17.156 [info] > git for-each-ref --format=%(refname)%00%(upstream:short)%00%(objectname)%00%(upstream:track)%00%(upstream:remotename)%00%(upstream:remoteref) refs/heads/main refs/remotes/main [2ms]
2025-03-02 21:52:17.177 [info] > git for-each-ref --sort -committerdate --format %(refname) %(objectname) %(*objectname) [1ms]
2025-03-02 21:52:17.186 [info] > git status -z -uall [21ms]
2025-03-02 21:52:22.213 [info] > git config --get commit.template [12ms]
2025-03-02 21:52:22.215 [info] > git for-each-ref --format=%(refname)%00%(upstream:short)%00%(objectname)%00%(upstream:track)%00%(upstream:remotename)%00%(upstream:remoteref) refs/heads/main refs/remotes/main [3ms]
2025-03-02 21:52:22.241 [info] > git for-each-ref --sort -committerdate --format %(refname) %(objectname) %(*objectname) [2ms]
2025-03-02 21:52:22.248 [info] > git status -z -uall [24ms]
2025-03-02 21:52:22.469 [info] > git show --textconv :Assets/Scripts/playerScripts/evade_script.cs [12ms]
2025-03-02 21:52:22.471 [info] > git ls-files --stage -- /home/ben/code/unity_projects/blood-bath/Assets/Scripts/playerScripts/evade_script.cs [3ms]
2025-03-02 21:52:22.483 [info] > git cat-file -s 3e130acd4f6cd0145434255e1f35f37c1a986135 [2ms]
2025-03-02 21:52:25.091 [info] > git show --textconv :Assets/Scripts/playerScripts/CombatScript.cs [10ms]
2025-03-02 21:52:25.092 [info] > git ls-files --stage -- /home/ben/code/unity_projects/blood-bath/Assets/Scripts/playerScripts/CombatScript.cs [1ms]
2025-03-02 21:52:25.103 [info] > git cat-file -s 63538f480a94f7b82318f1929621e8ddb6af01d1 [2ms]
2025-03-02 21:54:13.022 [info] > git config --get commit.template [8ms]
2025-03-02 21:54:13.023 [info] > git for-each-ref --format=%(refname)%00%(upstream:short)%00%(objectname)%00%(upstream:track)%00%(upstream:remotename)%00%(upstream:remoteref) refs/heads/main refs/remotes/main [2ms]
2025-03-02 21:54:13.042 [info] > git for-each-ref --sort -committerdate --format %(refname) %(objectname) %(*objectname) [2ms]
2025-03-02 21:54:13.051 [info] > git status -z -uall [21ms]
2025-03-02 21:54:21.232 [info] > git config --get commit.template [12ms]
2025-03-02 21:54:21.233 [info] > git for-each-ref --format=%(refname)%00%(upstream:short)%00%(objectname)%00%(upstream:track)%00%(upstream:remotename)%00%(upstream:remoteref) refs/heads/main refs/remotes/main [2ms]
2025-03-02 21:54:21.255 [info] > git for-each-ref --sort -committerdate --format %(refname) %(objectname) %(*objectname) [2ms]
2025-03-02 21:54:21.265 [info] > git status -z -uall [23ms]
2025-03-02 21:55:26.033 [info] > git config --get commit.template [8ms]
2025-03-02 21:55:26.035 [info] > git for-each-ref --format=%(refname)%00%(upstream:short)%00%(objectname)%00%(upstream:track)%00%(upstream:remotename)%00%(upstream:remoteref) refs/heads/main refs/remotes/main [2ms]
2025-03-02 21:55:26.053 [info] > git for-each-ref --sort -committerdate --format %(refname) %(objectname) %(*objectname) [2ms]
2025-03-02 21:55:26.063 [info] > git status -z -uall [20ms]
2025-03-02 21:56:24.785 [info] > git config --get commit.template [9ms]
2025-03-02 21:56:24.786 [info] > git for-each-ref --format=%(refname)%00%(upstream:short)%00%(objectname)%00%(upstream:track)%00%(upstream:remotename)%00%(upstream:remoteref) refs/heads/main refs/remotes/main [2ms]
2025-03-02 21:56:24.805 [info] > git for-each-ref --sort -committerdate --format %(refname) %(objectname) %(*objectname) [2ms]
2025-03-02 21:56:24.815 [info] > git status -z -uall [21ms]
2025-03-02 22:03:05.596 [info] > git config --get commit.template [14ms]
2025-03-02 22:03:05.600 [info] > git for-each-ref --format=%(refname)%00%(upstream:short)%00%(objectname)%00%(upstream:track)%00%(upstream:remotename)%00%(upstream:remoteref) refs/heads/main refs/remotes/main [7ms]
2025-03-02 22:03:05.639 [info] > git for-each-ref --sort -committerdate --format %(refname) %(objectname) %(*objectname) [1ms]
2025-03-02 22:03:05.649 [info] > git status -z -uall [21ms]
2025-03-02 22:03:10.860 [info] > git config --get commit.template [3ms]
2025-03-02 22:03:10.892 [info] > git for-each-ref --format=%(refname)%00%(upstream:short)%00%(objectname)%00%(upstream:track)%00%(upstream:remotename)%00%(upstream:remoteref) refs/heads/main refs/remotes/main [2ms]
2025-03-02 22:03:10.913 [info] > git for-each-ref --sort -committerdate --format %(refname) %(objectname) %(*objectname) [2ms]
2025-03-02 22:03:10.925 [info] > git status -z -uall [23ms]
2025-03-02 22:03:17.263 [info] > git config --get commit.template [11ms]
2025-03-02 22:03:17.263 [info] > git for-each-ref --format=%(refname)%00%(upstream:short)%00%(objectname)%00%(upstream:track)%00%(upstream:remotename)%00%(upstream:remoteref) refs/heads/main refs/remotes/main [1ms]
2025-03-02 22:03:17.288 [info] > git for-each-ref --sort -committerdate --format %(refname) %(objectname) %(*objectname) [2ms]
2025-03-02 22:03:17.297 [info] > git status -z -uall [20ms]
2025-03-02 22:03:22.546 [info] > git config --get commit.template [9ms]
2025-03-02 22:03:22.547 [info] > git for-each-ref --format=%(refname)%00%(upstream:short)%00%(objectname)%00%(upstream:track)%00%(upstream:remotename)%00%(upstream:remoteref) refs/heads/main refs/remotes/main [2ms]
2025-03-02 22:03:22.570 [info] > git for-each-ref --sort -committerdate --format %(refname) %(objectname) %(*objectname) [2ms]
2025-03-02 22:03:22.578 [info] > git status -z -uall [20ms]
2025-03-02 22:03:28.501 [info] > git config --get commit.template [13ms]
2025-03-02 22:03:28.502 [info] > git for-each-ref --format=%(refname)%00%(upstream:short)%00%(objectname)%00%(upstream:track)%00%(upstream:remotename)%00%(upstream:remoteref) refs/heads/main refs/remotes/main [2ms]
2025-03-02 22:03:28.528 [info] > git for-each-ref --sort -committerdate --format %(refname) %(objectname) %(*objectname) [1ms]
2025-03-02 22:03:28.541 [info] > git status -z -uall [26ms]
2025-03-02 22:03:38.070 [info] > git config --get commit.template [9ms]
2025-03-02 22:03:38.071 [info] > git for-each-ref --format=%(refname)%00%(upstream:short)%00%(objectname)%00%(upstream:track)%00%(upstream:remotename)%00%(upstream:remoteref) refs/heads/main refs/remotes/main [2ms]
2025-03-02 22:03:38.091 [info] > git for-each-ref --sort -committerdate --format %(refname) %(objectname) %(*objectname) [2ms]
2025-03-02 22:03:38.100 [info] > git status -z -uall [20ms]
2025-03-02 22:03:45.033 [info] > git config --get commit.template [10ms]
2025-03-02 22:03:45.034 [info] > git for-each-ref --format=%(refname)%00%(upstream:short)%00%(objectname)%00%(upstream:track)%00%(upstream:remotename)%00%(upstream:remoteref) refs/heads/main refs/remotes/main [2ms]
2025-03-02 22:03:45.055 [info] > git for-each-ref --sort -committerdate --format %(refname) %(objectname) %(*objectname) [2ms]
2025-03-02 22:03:45.064 [info] > git status -z -uall [20ms]
2025-03-02 22:03:50.506 [info] > git config --get commit.template [8ms]
2025-03-02 22:03:50.507 [info] > git for-each-ref --format=%(refname)%00%(upstream:short)%00%(objectname)%00%(upstream:track)%00%(upstream:remotename)%00%(upstream:remoteref) refs/heads/main refs/remotes/main [2ms]
2025-03-02 22:03:50.525 [info] > git for-each-ref --sort -committerdate --format %(refname) %(objectname) %(*objectname) [1ms]
2025-03-02 22:03:50.535 [info] > git status -z -uall [20ms]
2025-03-02 22:03:57.536 [info] > git config --get commit.template [12ms]
2025-03-02 22:03:57.537 [info] > git for-each-ref --format=%(refname)%00%(upstream:short)%00%(objectname)%00%(upstream:track)%00%(upstream:remotename)%00%(upstream:remoteref) refs/heads/main refs/remotes/main [2ms]
2025-03-02 22:03:57.564 [info] > git for-each-ref --sort -committerdate --format %(refname) %(objectname) %(*objectname) [1ms]
2025-03-02 22:03:57.574 [info] > git status -z -uall [24ms]
2025-03-02 22:04:44.277 [info] > git config --get commit.template [9ms]
2025-03-02 22:04:44.278 [info] > git for-each-ref --format=%(refname)%00%(upstream:short)%00%(objectname)%00%(upstream:track)%00%(upstream:remotename)%00%(upstream:remoteref) refs/heads/main refs/remotes/main [1ms]
2025-03-02 22:04:44.296 [info] > git for-each-ref --sort -committerdate --format %(refname) %(objectname) %(*objectname) [1ms]
2025-03-02 22:04:44.306 [info] > git status -z -uall [19ms]
2025-03-02 22:04:51.066 [info] > git config --get commit.template [11ms]
2025-03-02 22:04:51.067 [info] > git for-each-ref --format=%(refname)%00%(upstream:short)%00%(objectname)%00%(upstream:track)%00%(upstream:remotename)%00%(upstream:remoteref) refs/heads/main refs/remotes/main [2ms]
2025-03-02 22:04:51.087 [info] > git for-each-ref --sort -committerdate --format %(refname) %(objectname) %(*objectname) [1ms]
2025-03-02 22:04:51.097 [info] > git status -z -uall [20ms]
2025-03-02 22:04:56.120 [info] > git config --get commit.template [13ms]
2025-03-02 22:04:56.122 [info] > git for-each-ref --format=%(refname)%00%(upstream:short)%00%(objectname)%00%(upstream:track)%00%(upstream:remotename)%00%(upstream:remoteref) refs/heads/main refs/remotes/main [2ms]
2025-03-02 22:04:56.148 [info] > git for-each-ref --sort -committerdate --format %(refname) %(objectname) %(*objectname) [2ms]
2025-03-02 22:04:56.157 [info] > git status -z -uall [22ms]
2025-03-02 22:05:32.748 [info] > git config --get commit.template [11ms]
2025-03-02 22:05:32.749 [info] > git for-each-ref --format=%(refname)%00%(upstream:short)%00%(objectname)%00%(upstream:track)%00%(upstream:remotename)%00%(upstream:remoteref) refs/heads/main refs/remotes/main [1ms]
2025-03-02 22:05:32.769 [info] > git for-each-ref --sort -committerdate --format %(refname) %(objectname) %(*objectname) [2ms]
2025-03-02 22:05:32.779 [info] > git status -z -uall [21ms]
2025-03-02 22:05:40.735 [info] > git config --get commit.template [26ms]
2025-03-02 22:05:40.736 [info] > git for-each-ref --format=%(refname)%00%(upstream:short)%00%(objectname)%00%(upstream:track)%00%(upstream:remotename)%00%(upstream:remoteref) refs/heads/main refs/remotes/main [2ms]
2025-03-02 22:05:40.760 [info] > git for-each-ref --sort -committerdate --format %(refname) %(objectname) %(*objectname) [2ms]
2025-03-02 22:05:40.775 [info] > git status -z -uall [28ms]
2025-03-02 22:09:59.664 [info] > git config --get commit.template [11ms]
2025-03-02 22:09:59.665 [info] > git for-each-ref --format=%(refname)%00%(upstream:short)%00%(objectname)%00%(upstream:track)%00%(upstream:remotename)%00%(upstream:remoteref) refs/heads/main refs/remotes/main [2ms]
2025-03-02 22:09:59.684 [info] > git for-each-ref --sort -committerdate --format %(refname) %(objectname) %(*objectname) [2ms]
2025-03-02 22:09:59.693 [info] > git status -z -uall [20ms]
2025-03-02 22:11:36.975 [info] > git config --get commit.template [9ms]
2025-03-02 22:11:36.976 [info] > git for-each-ref --format=%(refname)%00%(upstream:short)%00%(objectname)%00%(upstream:track)%00%(upstream:remotename)%00%(upstream:remoteref) refs/heads/main refs/remotes/main [2ms]
2025-03-02 22:11:37.000 [info] > git for-each-ref --sort -committerdate --format %(refname) %(objectname) %(*objectname) [2ms]
2025-03-02 22:11:37.009 [info] > git status -z -uall [22ms]
2025-03-02 22:13:09.920 [info] > git config --get commit.template [9ms]
2025-03-02 22:13:09.921 [info] > git for-each-ref --format=%(refname)%00%(upstream:short)%00%(objectname)%00%(upstream:track)%00%(upstream:remotename)%00%(upstream:remoteref) refs/heads/main refs/remotes/main [2ms]
2025-03-02 22:13:09.940 [info] > git for-each-ref --sort -committerdate --format %(refname) %(objectname) %(*objectname) [2ms]
2025-03-02 22:13:09.951 [info] > git status -z -uall [21ms]
2025-03-02 22:13:27.353 [info] > git config --get commit.template [9ms]
2025-03-02 22:13:27.354 [info] > git for-each-ref --format=%(refname)%00%(upstream:short)%00%(objectname)%00%(upstream:track)%00%(upstream:remotename)%00%(upstream:remoteref) refs/heads/main refs/remotes/main [2ms]
2025-03-02 22:13:27.371 [info] > git for-each-ref --sort -committerdate --format %(refname) %(objectname) %(*objectname) [1ms]
2025-03-02 22:13:27.402 [info] > git status -z -uall [39ms]
2025-03-02 22:13:32.423 [info] > git config --get commit.template [8ms]
2025-03-02 22:13:32.424 [info] > git for-each-ref --format=%(refname)%00%(upstream:short)%00%(objectname)%00%(upstream:track)%00%(upstream:remotename)%00%(upstream:remoteref) refs/heads/main refs/remotes/main [2ms]
2025-03-02 22:13:32.441 [info] > git for-each-ref --sort -committerdate --format %(refname) %(objectname) %(*objectname) [1ms]
2025-03-02 22:13:32.471 [info] > git status -z -uall [39ms]
2025-03-02 22:13:37.493 [info] > git config --get commit.template [9ms]
2025-03-02 22:13:37.494 [info] > git for-each-ref --format=%(refname)%00%(upstream:short)%00%(objectname)%00%(upstream:track)%00%(upstream:remotename)%00%(upstream:remoteref) refs/heads/main refs/remotes/main [1ms]
2025-03-02 22:13:37.533 [info] > git for-each-ref --sort -committerdate --format %(refname) %(objectname) %(*objectname) [3ms]
2025-03-02 22:13:37.551 [info] > git status -z -uall [49ms]
2025-03-02 22:14:01.890 [info] > git config --get commit.template [9ms]
2025-03-02 22:14:01.891 [info] > git for-each-ref --format=%(refname)%00%(upstream:short)%00%(objectname)%00%(upstream:track)%00%(upstream:remotename)%00%(upstream:remoteref) refs/heads/main refs/remotes/main [1ms]
2025-03-02 22:14:01.906 [info] > git status -z -uall [8ms]
2025-03-02 22:14:01.907 [info] > git for-each-ref --sort -committerdate --format %(refname) %(objectname) %(*objectname) [2ms]
2025-03-02 22:14:01.983 [info] > git ls-files --stage -- /home/ben/code/unity_projects/blood-bath/Assets/Scripts/playerScripts/CombatScript.cs [1ms]
2025-03-02 22:14:01.990 [info] > git cat-file -s 63538f480a94f7b82318f1929621e8ddb6af01d1 [1ms]
2025-03-02 22:14:02.000 [info] > git show --textconv :Assets/Scripts/playerScripts/CombatScript.cs [2ms]
2025-03-02 22:14:34.207 [info] > git config --get commit.template [8ms]
2025-03-02 22:14:34.208 [info] > git for-each-ref --format=%(refname)%00%(upstream:short)%00%(objectname)%00%(upstream:track)%00%(upstream:remotename)%00%(upstream:remoteref) refs/heads/main refs/remotes/main [1ms]
2025-03-02 22:14:34.223 [info] > git status -z -uall [9ms]
2025-03-02 22:14:34.223 [info] > git for-each-ref --sort -committerdate --format %(refname) %(objectname) %(*objectname) [2ms]
2025-03-02 22:14:35.300 [info] > git config --get commit.template [8ms]
2025-03-02 22:14:35.300 [info] > git for-each-ref --format=%(refname)%00%(upstream:short)%00%(objectname)%00%(upstream:track)%00%(upstream:remotename)%00%(upstream:remoteref) refs/heads/main refs/remotes/main [1ms]
2025-03-02 22:14:35.338 [info] > git status -z -uall [18ms]
2025-03-02 22:14:35.339 [info] > git for-each-ref --sort -committerdate --format %(refname) %(objectname) %(*objectname) [2ms]
2025-03-02 22:14:35.391 [info] > git ls-files --stage -- /home/ben/code/unity_projects/blood-bath/Assets/Scripts/playerScripts/CombatScript.cs [1ms]
2025-03-02 22:14:35.400 [info] > git cat-file -s 63538f480a94f7b82318f1929621e8ddb6af01d1 [2ms]
2025-03-02 22:14:35.409 [info] > git show --textconv :Assets/Scripts/playerScripts/CombatScript.cs [1ms]
2025-03-02 22:15:06.322 [info] > git config --get commit.template [1ms]
2025-03-02 22:15:06.345 [info] > git for-each-ref --format=%(refname)%00%(upstream:short)%00%(objectname)%00%(upstream:track)%00%(upstream:remotename)%00%(upstream:remoteref) refs/heads/main refs/remotes/main [7ms]
2025-03-02 22:15:06.368 [info] > git status -z -uall [8ms]
2025-03-02 22:15:06.368 [info] > git for-each-ref --sort -committerdate --format %(refname) %(objectname) %(*objectname) [1ms]
2025-03-02 22:15:06.380 [info] > git merge-base refs/heads/main refs/remotes/origin/main [2ms]
2025-03-02 22:15:06.389 [info] > git diff --name-status -z --diff-filter=ADMR d7182373fc5fb7b338575e1d256ce239f4981cc3...refs/remotes/origin/main [1ms]
2025-03-02 22:15:07.249 [info] > git config --get commit.template [9ms]
2025-03-02 22:15:07.250 [info] > git for-each-ref --format=%(refname)%00%(upstream:short)%00%(objectname)%00%(upstream:track)%00%(upstream:remotename)%00%(upstream:remoteref) refs/heads/main refs/remotes/main [2ms]
2025-03-02 22:15:07.265 [info] > git status -z -uall [8ms]
2025-03-02 22:15:07.266 [info] > git for-each-ref --sort -committerdate --format %(refname) %(objectname) %(*objectname) [2ms]
2025-03-02 22:15:07.368 [info] > git ls-files --stage -- /home/ben/code/unity_projects/blood-bath/Assets/Scripts/playerScripts/CombatScript.cs [6ms]
2025-03-02 22:15:07.376 [info] > git cat-file -s 63538f480a94f7b82318f1929621e8ddb6af01d1 [1ms]
2025-03-02 22:15:07.386 [info] > git show --textconv :Assets/Scripts/playerScripts/CombatScript.cs [1ms]
2025-03-02 22:15:11.408 [info] > git config --get commit.template [8ms]
2025-03-02 22:15:11.409 [info] > git for-each-ref --format=%(refname)%00%(upstream:short)%00%(objectname)%00%(upstream:track)%00%(upstream:remotename)%00%(upstream:remoteref) refs/heads/main refs/remotes/main [1ms]
2025-03-02 22:15:11.428 [info] > git status -z -uall [11ms]
2025-03-02 22:15:11.429 [info] > git for-each-ref --sort -committerdate --format %(refname) %(objectname) %(*objectname) [2ms]
2025-03-02 22:15:11.446 [info] > git merge-base refs/heads/main refs/remotes/origin/main [2ms]
2025-03-02 22:15:11.456 [info] > git diff --name-status -z --diff-filter=ADMR 08fcd2b9ec23552334e6c24ac4b19b9d26d42a08...refs/remotes/origin/main [2ms]
2025-03-02 22:15:12.475 [info] > git config --get commit.template [9ms]
2025-03-02 22:15:12.476 [info] > git for-each-ref --format=%(refname)%00%(upstream:short)%00%(objectname)%00%(upstream:track)%00%(upstream:remotename)%00%(upstream:remoteref) refs/heads/main refs/remotes/main [2ms]
2025-03-02 22:15:12.489 [info] > git status -z -uall [6ms]
2025-03-02 22:15:12.490 [info] > git for-each-ref --sort -committerdate --format %(refname) %(objectname) %(*objectname) [1ms]
2025-03-02 22:15:12.571 [info] > git ls-files --stage -- /home/ben/code/unity_projects/blood-bath/Assets/Scripts/playerScripts/CombatScript.cs [1ms]
2025-03-02 22:15:12.579 [info] > git cat-file -s 63538f480a94f7b82318f1929621e8ddb6af01d1 [2ms]
2025-03-02 22:15:12.607 [info] > git show --textconv :Assets/Scripts/playerScripts/CombatScript.cs [5ms]
