2025-03-01 14:53:42.818 [info] [main] Log level: Info
2025-03-01 14:53:42.818 [info] [main] Validating found git in: "git"
2025-03-01 14:53:42.818 [info] [main] Using git "2.48.1" from "git"
2025-03-01 14:53:42.818 [info] [Model][doInitialScan] Initial repository scan started
2025-03-01 14:53:42.818 [info] > git rev-parse --show-toplevel [13ms]
2025-03-01 14:53:42.818 [info] fatal: not a git repository (or any of the parent directories): .git
2025-03-01 14:53:42.818 [info] > git rev-parse --show-toplevel [68ms]
2025-03-01 14:53:42.818 [info] fatal: not a git repository (or any of the parent directories): .git
2025-03-01 14:53:42.818 [info] [Model][doInitialScan] Initial repository scan completed - repositories (0), closed repositories (0), parent repositories (0), unsafe repositories (0)
2025-03-01 14:53:42.818 [info] > git rev-parse --show-toplevel [4ms]
2025-03-01 14:53:42.818 [info] fatal: not a git repository (or any of the parent directories): .git
2025-03-01 14:53:42.855 [info] > git rev-parse --show-toplevel [1ms]
2025-03-01 14:53:42.855 [info] fatal: not a git repository (or any of the parent directories): .git
2025-03-01 14:53:43.455 [info] > git rev-parse --show-toplevel [1ms]
2025-03-01 14:53:43.455 [info] fatal: not a git repository (or any of the parent directories): .git
2025-03-01 14:53:44.034 [info] > git rev-parse --show-toplevel [1ms]
2025-03-01 14:53:44.034 [info] fatal: not a git repository (or any of the parent directories): .git
2025-03-01 14:55:41.145 [info] > git rev-parse --show-toplevel [1ms]
2025-03-01 14:55:41.145 [info] fatal: not a git repository (or any of the parent directories): .git
2025-03-01 14:56:41.268 [info] > git rev-parse --show-toplevel [2ms]
2025-03-01 14:56:41.268 [info] fatal: not a git repository (or any of the parent directories): .git
2025-03-01 14:57:27.893 [info] > git rev-parse --show-toplevel [1ms]
2025-03-01 14:57:27.893 [info] fatal: not a git repository (or any of the parent directories): .git
2025-03-01 15:00:35.499 [info] > git rev-parse --show-toplevel [1ms]
2025-03-01 15:00:35.499 [info] fatal: not a git repository (or any of the parent directories): .git
2025-03-01 15:00:39.714 [info] > git rev-parse --show-toplevel [2ms]
2025-03-01 15:00:39.714 [info] fatal: not a git repository (or any of the parent directories): .git
2025-03-01 15:00:52.166 [info] > git rev-parse --show-toplevel [1ms]
2025-03-01 15:00:52.166 [info] fatal: not a git repository (or any of the parent directories): .git
2025-03-01 15:00:56.883 [info] > git rev-parse --show-toplevel [1ms]
2025-03-01 15:00:56.883 [info] fatal: not a git repository (or any of the parent directories): .git
2025-03-01 15:01:54.623 [info] > git rev-parse --show-toplevel [1ms]
2025-03-01 15:01:54.623 [info] fatal: not a git repository (or any of the parent directories): .git
2025-03-01 15:02:02.712 [info] > git rev-parse --show-toplevel [2ms]
2025-03-01 15:02:02.712 [info] fatal: not a git repository (or any of the parent directories): .git
2025-03-01 15:03:09.960 [info] > git rev-parse --show-toplevel [1ms]
2025-03-01 15:03:09.960 [info] fatal: not a git repository (or any of the parent directories): .git
2025-03-01 15:03:57.821 [info] > git rev-parse --show-toplevel [2ms]
2025-03-01 15:03:57.821 [info] fatal: not a git repository (or any of the parent directories): .git
2025-03-01 15:04:08.769 [info] > git rev-parse --show-toplevel [1ms]
2025-03-01 15:04:08.769 [info] fatal: not a git repository (or any of the parent directories): .git
2025-03-01 15:04:11.627 [info] > git rev-parse --show-toplevel [1ms]
2025-03-01 15:04:11.627 [info] fatal: not a git repository (or any of the parent directories): .git
2025-03-01 15:04:55.124 [info] > git rev-parse --show-toplevel [2ms]
2025-03-01 15:04:55.124 [info] fatal: not a git repository (or any of the parent directories): .git
2025-03-01 15:04:57.762 [info] > git rev-parse --show-toplevel [1ms]
2025-03-01 15:04:57.762 [info] fatal: not a git repository (or any of the parent directories): .git
2025-03-01 15:04:59.044 [info] > git rev-parse --show-toplevel [1ms]
2025-03-01 15:04:59.044 [info] fatal: not a git repository (or any of the parent directories): .git
2025-03-01 15:05:05.039 [info] > git rev-parse --show-toplevel [1ms]
2025-03-01 15:05:05.039 [info] fatal: not a git repository (or any of the parent directories): .git
2025-03-01 15:05:09.754 [info] > git rev-parse --show-toplevel [2ms]
2025-03-01 15:05:09.754 [info] fatal: not a git repository (or any of the parent directories): .git
2025-03-01 15:05:11.176 [info] > git rev-parse --show-toplevel [0ms]
2025-03-01 15:05:11.176 [info] fatal: not a git repository (or any of the parent directories): .git
2025-03-01 15:05:26.338 [info] > git rev-parse --show-toplevel [1ms]
2025-03-01 15:05:26.338 [info] fatal: not a git repository (or any of the parent directories): .git
2025-03-01 15:05:28.706 [info] > git rev-parse --show-toplevel [2ms]
2025-03-01 15:05:28.706 [info] fatal: not a git repository (or any of the parent directories): .git
2025-03-01 15:05:32.128 [info] > git rev-parse --show-toplevel [1ms]
2025-03-01 15:05:32.128 [info] fatal: not a git repository (or any of the parent directories): .git
2025-03-01 15:05:33.224 [info] > git rev-parse --show-toplevel [1ms]
2025-03-01 15:05:33.224 [info] fatal: not a git repository (or any of the parent directories): .git
2025-03-01 15:05:34.818 [info] > git rev-parse --show-toplevel [1ms]
2025-03-01 15:05:34.818 [info] fatal: not a git repository (or any of the parent directories): .git
2025-03-01 15:05:36.126 [info] > git rev-parse --show-toplevel [1ms]
2025-03-01 15:05:36.126 [info] fatal: not a git repository (or any of the parent directories): .git
2025-03-01 15:05:40.435 [info] > git rev-parse --show-toplevel [1ms]
2025-03-01 15:05:40.435 [info] fatal: not a git repository (or any of the parent directories): .git
2025-03-01 15:05:45.106 [info] > git rev-parse --show-toplevel [1ms]
2025-03-01 15:05:45.106 [info] fatal: not a git repository (or any of the parent directories): .git
2025-03-01 15:06:16.486 [info] > git rev-parse --show-toplevel [1ms]
2025-03-01 15:06:16.486 [info] fatal: not a git repository (or any of the parent directories): .git
2025-03-01 15:06:23.348 [info] > git rev-parse --show-toplevel [1ms]
2025-03-01 15:06:23.348 [info] fatal: not a git repository (or any of the parent directories): .git
2025-03-01 15:06:32.510 [info] > git rev-parse --show-toplevel [1ms]
2025-03-01 15:06:32.510 [info] fatal: not a git repository (or any of the parent directories): .git
2025-03-01 15:06:34.721 [info] > git rev-parse --show-toplevel [1ms]
2025-03-01 15:06:34.721 [info] fatal: not a git repository (or any of the parent directories): .git
2025-03-01 15:06:36.863 [info] > git rev-parse --show-toplevel [1ms]
2025-03-01 15:06:36.863 [info] fatal: not a git repository (or any of the parent directories): .git
2025-03-01 15:06:39.137 [info] > git rev-parse --show-toplevel [1ms]
2025-03-01 15:06:39.137 [info] fatal: not a git repository (or any of the parent directories): .git
2025-03-01 15:08:35.531 [info] > git rev-parse --show-toplevel [1ms]
2025-03-01 15:08:35.531 [info] fatal: not a git repository (or any of the parent directories): .git
2025-03-01 15:12:35.087 [info] > git rev-parse --show-toplevel [1ms]
2025-03-01 15:12:35.087 [info] fatal: not a git repository (or any of the parent directories): .git
2025-03-01 15:29:11.787 [info] > git rev-parse --show-toplevel [2ms]
2025-03-01 15:29:11.787 [info] fatal: not a git repository (or any of the parent directories): .git
2025-03-01 15:29:45.220 [info] > git rev-parse --show-toplevel [1ms]
2025-03-01 15:29:45.220 [info] fatal: not a git repository (or any of the parent directories): .git
2025-03-01 15:29:48.045 [info] > git rev-parse --show-toplevel [1ms]
2025-03-01 15:29:48.045 [info] fatal: not a git repository (or any of the parent directories): .git
2025-03-01 15:29:54.722 [info] > git rev-parse --show-toplevel [1ms]
2025-03-01 15:29:54.723 [info] fatal: not a git repository (or any of the parent directories): .git
2025-03-01 15:30:21.692 [info] > git rev-parse --show-toplevel [2ms]
2025-03-01 15:30:21.692 [info] fatal: not a git repository (or any of the parent directories): .git
2025-03-01 15:30:39.651 [info] > git rev-parse --show-toplevel [1ms]
2025-03-01 15:30:39.651 [info] fatal: not a git repository (or any of the parent directories): .git
2025-03-01 15:30:49.097 [info] > git rev-parse --show-toplevel [1ms]
2025-03-01 15:30:49.097 [info] fatal: not a git repository (or any of the parent directories): .git
2025-03-01 15:30:50.334 [info] > git rev-parse --show-toplevel [1ms]
2025-03-01 15:30:50.334 [info] fatal: not a git repository (or any of the parent directories): .git
2025-03-01 15:38:28.046 [info] > git rev-parse --show-toplevel [1ms]
2025-03-01 15:38:28.046 [info] fatal: not a git repository (or any of the parent directories): .git
