2025-03-06 16:51:20.833 [info] Reading sessions from keychain...
2025-03-06 16:51:20.833 [info] Getting sessions for all scopes...
2025-03-06 16:51:20.833 [info] Getting sessions for all scopes...
2025-03-06 16:51:20.833 [info] Got stored sessions!
2025-03-06 16:51:20.833 [info] Got 1 verified sessions.
2025-03-06 16:51:20.833 [info] Got 1 sessions for ...
2025-03-06 16:51:20.833 [info] Got 1 sessions for ...
2025-03-06 16:51:20.833 [info] Getting sessions for read:user,repo,user:email,workflow...
2025-03-06 16:51:20.833 [info] Got 1 sessions for read:user,repo,user:email,workflow...
2025-03-06 16:51:21.564 [info] Getting sessions for all scopes...
2025-03-06 16:51:21.564 [info] Got 1 sessions for ...
2025-03-06 16:51:21.573 [info] Getting sessions for read:user,repo,user:email,workflow...
2025-03-06 16:51:21.573 [info] Got 1 sessions for read:user,repo,user:email,workflow...
2025-03-06 16:51:29.470 [info] Reading sessions from keychain...
2025-03-06 16:51:29.470 [info] Getting sessions for all scopes...
2025-03-06 16:51:29.470 [info] Getting sessions for all scopes...
2025-03-06 16:51:29.470 [info] Got stored sessions!
2025-03-06 16:51:29.470 [info] Got 1 verified sessions.
2025-03-06 16:51:29.470 [info] Got 1 sessions for ...
2025-03-06 16:51:29.470 [info] Got 1 sessions for ...
2025-03-06 16:51:29.470 [info] Getting sessions for read:user,repo,user:email,workflow...
2025-03-06 16:51:29.470 [info] Got 1 sessions for read:user,repo,user:email,workflow...
2025-03-06 16:51:30.069 [info] Getting sessions for read:user,repo,user:email,workflow...
2025-03-06 16:51:30.070 [info] Got 1 sessions for read:user,repo,user:email,workflow...
2025-03-06 16:51:30.621 [info] Getting sessions for all scopes...
2025-03-06 16:51:30.621 [info] Got 1 sessions for ...
2025-03-06 17:20:02.586 [info] Getting sessions for read:user,repo,user:email,workflow...
2025-03-06 17:20:02.586 [info] Got 1 sessions for read:user,repo,user:email,workflow...
