2025-03-04 23:13:29.042 [info] [main] Log level: Info
2025-03-04 23:13:29.042 [info] [main] Validating found git in: "git"
2025-03-04 23:13:29.065 [info] [main] Using git "2.48.1" from "git"
2025-03-04 23:13:29.065 [info] [Model][doInitialScan] Initial repository scan started
2025-03-04 23:13:29.087 [info] > git rev-parse --show-toplevel [4ms]
2025-03-04 23:13:29.100 [info] > git rev-parse --git-dir --git-common-dir [3ms]
2025-03-04 23:13:29.112 [info] [Model][openRepository] Opened repository: /home/ben/code/unity_projects/blood-bath
2025-03-04 23:13:29.260 [info] > git rev-parse --show-toplevel [133ms]
2025-03-04 23:13:29.261 [info] > git config --get commit.template [140ms]
2025-03-04 23:13:29.331 [info] > git rev-parse --show-toplevel [16ms]
2025-03-04 23:13:29.340 [info] > git for-each-ref --format=%(refname)%00%(upstream:short)%00%(objectname)%00%(upstream:track)%00%(upstream:remotename)%00%(upstream:remoteref) refs/heads/main refs/remotes/main [10ms]
2025-03-04 23:13:29.343 [info] > git rev-parse --show-toplevel [5ms]
2025-03-04 23:13:29.371 [info] > git rev-parse --show-toplevel [21ms]
2025-03-04 23:13:29.381 [info] > git status -z -uall [21ms]
2025-03-04 23:13:29.382 [info] > git for-each-ref --sort -committerdate --format %(refname) %(objectname) %(*objectname) [12ms]
2025-03-04 23:13:29.407 [info] > git for-each-ref --format=%(refname)%00%(upstream:short)%00%(objectname)%00%(upstream:track)%00%(upstream:remotename)%00%(upstream:remoteref) refs/heads/main refs/remotes/main [11ms]
2025-03-04 23:13:29.416 [info] > git rev-parse --show-toplevel [35ms]
2025-03-04 23:13:29.423 [info] > git config --get commit.template [17ms]
2025-03-04 23:13:29.425 [info] > git rev-parse --show-toplevel [3ms]
2025-03-04 23:13:29.425 [info] > git config --get --local branch.main.vscode-merge-base [10ms]
2025-03-04 23:13:29.448 [info] > git for-each-ref --format=%(refname)%00%(upstream:short)%00%(objectname)%00%(upstream:track)%00%(upstream:remotename)%00%(upstream:remoteref) refs/heads/origin/main refs/remotes/origin/main [16ms]
2025-03-04 23:13:29.457 [info] > git rev-parse --show-toplevel [9ms]
2025-03-04 23:13:29.457 [info] > git for-each-ref --format=%(refname)%00%(upstream:short)%00%(objectname)%00%(upstream:track)%00%(upstream:remotename)%00%(upstream:remoteref) refs/heads/main refs/remotes/main [17ms]
2025-03-04 23:13:29.489 [info] > git merge-base refs/heads/main refs/remotes/origin/main [33ms]
2025-03-04 23:13:29.502 [info] > git diff --name-status -z --diff-filter=ADMR 924e725b7b371f360e43b16f33e4adbcd9e7bbca...refs/remotes/origin/main [4ms]
2025-03-04 23:13:29.502 [info] > git rev-parse --show-toplevel [14ms]
2025-03-04 23:13:29.503 [info] [Model][doInitialScan] Initial repository scan completed - repositories (1), closed repositories (0), parent repositories (0), unsafe repositories (0)
2025-03-04 23:13:29.521 [info] > git status -z -uall [8ms]
2025-03-04 23:13:29.540 [info] > git show --textconv :Assets/Scripts/playerScripts/CombatScript.cs [10ms]
2025-03-04 23:13:29.542 [info] > git for-each-ref --sort -committerdate --format %(refname) %(objectname) %(*objectname) [22ms]
2025-03-04 23:13:29.556 [info] > git ls-files --stage -- /home/ben/code/unity_projects/blood-bath/Assets/Scripts/playerScripts/CombatScript.cs [18ms]
2025-03-04 23:13:29.567 [info] > git cat-file -s c3229567632b5685e7fec542e36ab4308ded14f5 [2ms]
2025-03-04 23:13:29.691 [info] > git blame --root --incremental 924e725b7b371f360e43b16f33e4adbcd9e7bbca -- /home/ben/code/unity_projects/blood-bath/Assets/Scripts/playerScripts/CombatScript.cs [15ms]
2025-03-04 23:13:29.768 [info] > git check-ignore -v -z --stdin [2ms]
2025-03-04 23:13:33.367 [info] > git config --get commit.template [1ms]
2025-03-04 23:13:33.375 [info] > git for-each-ref --format=%(refname)%00%(upstream:short)%00%(objectname)%00%(upstream:track)%00%(upstream:remotename)%00%(upstream:remoteref) refs/heads/main refs/remotes/main [2ms]
2025-03-04 23:13:33.390 [info] > git status -z -uall [8ms]
2025-03-04 23:13:33.391 [info] > git for-each-ref --sort -committerdate --format %(refname) %(objectname) %(*objectname) [2ms]
2025-03-04 23:13:34.434 [info] > git config --get commit.template [9ms]
2025-03-04 23:13:34.435 [info] > git for-each-ref --format=%(refname)%00%(upstream:short)%00%(objectname)%00%(upstream:track)%00%(upstream:remotename)%00%(upstream:remoteref) refs/heads/main refs/remotes/main [2ms]
2025-03-04 23:13:34.452 [info] > git status -z -uall [9ms]
2025-03-04 23:13:34.454 [info] > git for-each-ref --sort -committerdate --format %(refname) %(objectname) %(*objectname) [1ms]
2025-03-04 23:13:34.528 [info] > git ls-files --stage -- /home/ben/code/unity_projects/blood-bath/Assets/Scripts/playerScripts/CombatScript.cs [2ms]
2025-03-04 23:13:34.537 [info] > git cat-file -s c3229567632b5685e7fec542e36ab4308ded14f5 [1ms]
2025-03-04 23:13:34.547 [info] > git show --textconv :Assets/Scripts/playerScripts/CombatScript.cs [1ms]
2025-03-04 23:13:37.075 [info] > git config --get commit.template [8ms]
2025-03-04 23:13:37.076 [info] > git for-each-ref --format=%(refname)%00%(upstream:short)%00%(objectname)%00%(upstream:track)%00%(upstream:remotename)%00%(upstream:remoteref) refs/heads/main refs/remotes/main [1ms]
2025-03-04 23:13:37.092 [info] > git status -z -uall [8ms]
2025-03-04 23:13:37.093 [info] > git for-each-ref --sort -committerdate --format %(refname) %(objectname) %(*objectname) [2ms]
2025-03-04 23:13:38.228 [info] > git ls-files --stage -- /home/ben/code/unity_projects/blood-bath/Assets/Scripts/playerScripts/CombatScript.cs [1ms]
2025-03-04 23:13:38.236 [info] > git cat-file -s c3229567632b5685e7fec542e36ab4308ded14f5 [1ms]
2025-03-04 23:13:38.246 [info] > git show --textconv :Assets/Scripts/playerScripts/CombatScript.cs [1ms]
2025-03-04 23:13:39.480 [info] > git config --get commit.template [13ms]
2025-03-04 23:13:39.480 [info] > git for-each-ref --format=%(refname)%00%(upstream:short)%00%(objectname)%00%(upstream:track)%00%(upstream:remotename)%00%(upstream:remoteref) refs/heads/main refs/remotes/main [4ms]
2025-03-04 23:13:39.495 [info] > git status -z -uall [8ms]
2025-03-04 23:13:39.496 [info] > git for-each-ref --sort -committerdate --format %(refname) %(objectname) %(*objectname) [2ms]
2025-03-04 23:13:44.060 [info] > git config --get commit.template [8ms]
2025-03-04 23:13:44.061 [info] > git for-each-ref --format=%(refname)%00%(upstream:short)%00%(objectname)%00%(upstream:track)%00%(upstream:remotename)%00%(upstream:remoteref) refs/heads/main refs/remotes/main [2ms]
2025-03-04 23:13:44.077 [info] > git status -z -uall [8ms]
2025-03-04 23:13:44.079 [info] > git for-each-ref --sort -committerdate --format %(refname) %(objectname) %(*objectname) [3ms]
2025-03-04 23:13:45.124 [info] > git config --get commit.template [9ms]
2025-03-04 23:13:45.124 [info] > git for-each-ref --format=%(refname)%00%(upstream:short)%00%(objectname)%00%(upstream:track)%00%(upstream:remotename)%00%(upstream:remoteref) refs/heads/main refs/remotes/main [1ms]
2025-03-04 23:13:45.146 [info] > git status -z -uall [15ms]
2025-03-04 23:13:45.147 [info] > git for-each-ref --sort -committerdate --format %(refname) %(objectname) %(*objectname) [8ms]
2025-03-04 23:13:45.150 [info] > git check-ignore -v -z --stdin [5ms]
2025-03-04 23:13:45.217 [info] > git ls-files --stage -- /home/ben/code/unity_projects/blood-bath/Assets/Scripts/playerScripts/CombatScript.cs [1ms]
2025-03-04 23:13:45.225 [info] > git cat-file -s c3229567632b5685e7fec542e36ab4308ded14f5 [1ms]
2025-03-04 23:13:45.234 [info] > git show --textconv :Assets/Scripts/playerScripts/CombatScript.cs [1ms]
2025-03-04 23:13:48.241 [info] > git config --get commit.template [8ms]
2025-03-04 23:13:48.242 [info] > git for-each-ref --format=%(refname)%00%(upstream:short)%00%(objectname)%00%(upstream:track)%00%(upstream:remotename)%00%(upstream:remoteref) refs/heads/main refs/remotes/main [1ms]
2025-03-04 23:13:48.257 [info] > git status -z -uall [7ms]
2025-03-04 23:13:48.258 [info] > git for-each-ref --sort -committerdate --format %(refname) %(objectname) %(*objectname) [1ms]
2025-03-04 23:14:01.314 [info] > git config --get commit.template [10ms]
2025-03-04 23:14:01.314 [info] > git for-each-ref --format=%(refname)%00%(upstream:short)%00%(objectname)%00%(upstream:track)%00%(upstream:remotename)%00%(upstream:remoteref) refs/heads/main refs/remotes/main [2ms]
2025-03-04 23:14:01.331 [info] > git status -z -uall [9ms]
2025-03-04 23:14:01.332 [info] > git for-each-ref --sort -committerdate --format %(refname) %(objectname) %(*objectname) [2ms]
2025-03-04 23:14:01.353 [info] > git merge-base refs/heads/main refs/remotes/origin/main [2ms]
2025-03-04 23:14:01.364 [info] > git blame --root --incremental df71db5ab76a08746fb06273b36538581492da5d -- /home/ben/code/unity_projects/blood-bath/Assets/Scripts/playerScripts/CombatScript.cs [19ms]
2025-03-04 23:14:01.367 [info] > git diff --name-status -z --diff-filter=ADMR 924e725b7b371f360e43b16f33e4adbcd9e7bbca...refs/remotes/origin/main [5ms]
2025-03-04 23:14:02.380 [info] > git config --get commit.template [1ms]
2025-03-04 23:14:02.389 [info] > git for-each-ref --format=%(refname)%00%(upstream:short)%00%(objectname)%00%(upstream:track)%00%(upstream:remotename)%00%(upstream:remoteref) refs/heads/main refs/remotes/main [2ms]
2025-03-04 23:14:02.403 [info] > git status -z -uall [7ms]
2025-03-04 23:14:02.404 [info] > git for-each-ref --sort -committerdate --format %(refname) %(objectname) %(*objectname) [1ms]
2025-03-04 23:14:02.480 [info] > git ls-files --stage -- /home/ben/code/unity_projects/blood-bath/Assets/Scripts/playerScripts/CombatScript.cs [2ms]
2025-03-04 23:14:02.489 [info] > git cat-file -s c3229567632b5685e7fec542e36ab4308ded14f5 [1ms]
2025-03-04 23:14:02.499 [info] > git show --textconv :Assets/Scripts/playerScripts/CombatScript.cs [1ms]
2025-03-04 23:14:04.730 [info] > git config --get commit.template [2ms]
2025-03-04 23:14:04.739 [info] > git for-each-ref --format=%(refname)%00%(upstream:short)%00%(objectname)%00%(upstream:track)%00%(upstream:remotename)%00%(upstream:remoteref) refs/heads/main refs/remotes/main [2ms]
2025-03-04 23:14:04.756 [info] > git status -z -uall [9ms]
2025-03-04 23:14:04.757 [info] > git for-each-ref --sort -committerdate --format %(refname) %(objectname) %(*objectname) [2ms]
2025-03-04 23:14:04.770 [info] > git merge-base refs/heads/main refs/remotes/origin/main [2ms]
2025-03-04 23:14:04.779 [info] > git diff --name-status -z --diff-filter=ADMR df71db5ab76a08746fb06273b36538581492da5d...refs/remotes/origin/main [2ms]
2025-03-04 23:14:05.892 [info] > git ls-files --stage -- /home/ben/code/unity_projects/blood-bath/Assets/Scripts/playerScripts/CombatScript.cs [1ms]
2025-03-04 23:14:05.901 [info] > git cat-file -s c3229567632b5685e7fec542e36ab4308ded14f5 [1ms]
2025-03-04 23:14:05.910 [info] > git show --textconv :Assets/Scripts/playerScripts/CombatScript.cs [2ms]
2025-03-04 23:14:07.428 [info] > git config --get commit.template [10ms]
2025-03-04 23:14:07.429 [info] > git for-each-ref --format=%(refname)%00%(upstream:short)%00%(objectname)%00%(upstream:track)%00%(upstream:remotename)%00%(upstream:remoteref) refs/heads/main refs/remotes/main [2ms]
2025-03-04 23:14:07.445 [info] > git status -z -uall [8ms]
2025-03-04 23:14:07.446 [info] > git for-each-ref --sort -committerdate --format %(refname) %(objectname) %(*objectname) [1ms]
