2025-03-04 14:38:05.366 [info] [main] Log level: Info
2025-03-04 14:38:05.366 [info] [main] Validating found git in: "git"
2025-03-04 14:38:05.366 [info] [main] Using git "2.48.1" from "git"
2025-03-04 14:38:05.366 [info] [Model][doInitialScan] Initial repository scan started
2025-03-04 14:38:05.369 [info] > git rev-parse --show-toplevel [5ms]
2025-03-04 14:38:05.380 [info] > git rev-parse --git-dir --git-common-dir [1ms]
2025-03-04 14:38:05.389 [info] [Model][openRepository] Opened repository: /home/ben/code/unity_projects/blood-bath
2025-03-04 14:38:05.479 [info] > git rev-parse --show-toplevel [13ms]
2025-03-04 14:38:05.480 [info] > git config --get commit.template [21ms]
2025-03-04 14:38:05.496 [info] > git rev-parse --show-toplevel [8ms]
2025-03-04 14:38:05.505 [info] > git for-each-ref --format=%(refname)%00%(upstream:short)%00%(objectname)%00%(upstream:track)%00%(upstream:remotename)%00%(upstream:remoteref) refs/heads/main refs/remotes/main [10ms]
2025-03-04 14:38:05.506 [info] > git rev-parse --show-toplevel [2ms]
2025-03-04 14:38:05.530 [info] > git rev-parse --show-toplevel [17ms]
2025-03-04 14:38:05.538 [info] > git for-each-ref --sort -committerdate --format %(refname) %(objectname) %(*objectname) [8ms]
2025-03-04 14:38:05.539 [info] > git status -z -uall [17ms]
2025-03-04 14:38:05.540 [info] > git rev-parse --show-toplevel [2ms]
2025-03-04 14:38:05.579 [info] > git for-each-ref --format=%(refname)%00%(upstream:short)%00%(objectname)%00%(upstream:track)%00%(upstream:remotename)%00%(upstream:remoteref) refs/heads/main refs/remotes/main [16ms]
2025-03-04 14:38:05.588 [info] > git config --get commit.template [10ms]
2025-03-04 14:38:05.588 [info] > git rev-parse --show-toplevel [16ms]
2025-03-04 14:38:05.596 [info] > git config --get --local branch.main.vscode-merge-base [9ms]
2025-03-04 14:38:05.610 [info] > git rev-parse --show-toplevel [15ms]
2025-03-04 14:38:05.639 [info] > git for-each-ref --format=%(refname)%00%(upstream:short)%00%(objectname)%00%(upstream:track)%00%(upstream:remotename)%00%(upstream:remoteref) refs/heads/main refs/remotes/main [30ms]
2025-03-04 14:38:05.639 [info] > git for-each-ref --format=%(refname)%00%(upstream:short)%00%(objectname)%00%(upstream:track)%00%(upstream:remotename)%00%(upstream:remoteref) refs/heads/origin/main refs/remotes/origin/main [36ms]
2025-03-04 14:38:05.655 [info] > git merge-base refs/heads/main refs/remotes/origin/main [8ms]
2025-03-04 14:38:05.662 [info] > git rev-parse --show-toplevel [24ms]
2025-03-04 14:38:05.662 [info] [Model][doInitialScan] Initial repository scan completed - repositories (1), closed repositories (0), parent repositories (0), unsafe repositories (0)
2025-03-04 14:38:05.664 [info] > git diff --name-status -z --diff-filter=ADMR 8c40654fdd079adb1a1a719faa81b3e961c2fee9...refs/remotes/origin/main [2ms]
2025-03-04 14:38:05.679 [info] > git status -z -uall [8ms]
2025-03-04 14:38:05.681 [info] > git for-each-ref --sort -committerdate --format %(refname) %(objectname) %(*objectname) [3ms]
2025-03-04 14:38:05.733 [info] > git show --textconv :Assets/Scripts/playerScripts/CombatScript.cs [8ms]
2025-03-04 14:38:05.736 [info] > git ls-files --stage -- /home/ben/code/unity_projects/blood-bath/Assets/Scripts/playerScripts/CombatScript.cs [3ms]
2025-03-04 14:38:05.743 [info] > git cat-file -s 15053ec00cfa9638f9d35f369726307627b2deda [1ms]
2025-03-04 14:38:05.783 [info] > git blame --root --incremental 8c40654fdd079adb1a1a719faa81b3e961c2fee9 -- /home/ben/code/unity_projects/blood-bath/Assets/Scripts/playerScripts/CombatScript.cs [20ms]
2025-03-04 14:38:05.959 [info] > git check-ignore -v -z --stdin [2ms]
2025-03-04 14:40:28.177 [info] > git config --get commit.template [2ms]
2025-03-04 14:40:28.187 [info] > git for-each-ref --format=%(refname)%00%(upstream:short)%00%(objectname)%00%(upstream:track)%00%(upstream:remotename)%00%(upstream:remoteref) refs/heads/main refs/remotes/main [2ms]
2025-03-04 14:40:28.203 [info] > git status -z -uall [8ms]
2025-03-04 14:40:28.205 [info] > git for-each-ref --sort -committerdate --format %(refname) %(objectname) %(*objectname) [2ms]
2025-03-04 14:40:29.253 [info] > git config --get commit.template [10ms]
2025-03-04 14:40:29.253 [info] > git for-each-ref --format=%(refname)%00%(upstream:short)%00%(objectname)%00%(upstream:track)%00%(upstream:remotename)%00%(upstream:remoteref) refs/heads/main refs/remotes/main [2ms]
2025-03-04 14:40:29.268 [info] > git status -z -uall [8ms]
2025-03-04 14:40:29.269 [info] > git for-each-ref --sort -committerdate --format %(refname) %(objectname) %(*objectname) [2ms]
2025-03-04 14:40:29.346 [info] > git ls-files --stage -- /home/ben/code/unity_projects/blood-bath/Assets/Scripts/playerScripts/CombatScript.cs [2ms]
2025-03-04 14:40:29.354 [info] > git cat-file -s 15053ec00cfa9638f9d35f369726307627b2deda [1ms]
2025-03-04 14:40:29.364 [info] > git show --textconv :Assets/Scripts/playerScripts/CombatScript.cs [2ms]
2025-03-04 14:40:30.649 [info] > git config --get commit.template [8ms]
2025-03-04 14:40:30.650 [info] > git for-each-ref --format=%(refname)%00%(upstream:short)%00%(objectname)%00%(upstream:track)%00%(upstream:remotename)%00%(upstream:remoteref) refs/heads/main refs/remotes/main [1ms]
2025-03-04 14:40:30.666 [info] > git status -z -uall [8ms]
2025-03-04 14:40:30.668 [info] > git for-each-ref --sort -committerdate --format %(refname) %(objectname) %(*objectname) [3ms]
2025-03-04 14:40:31.810 [info] > git ls-files --stage -- /home/ben/code/unity_projects/blood-bath/Assets/Scripts/playerScripts/CombatScript.cs [2ms]
2025-03-04 14:40:31.819 [info] > git cat-file -s 15053ec00cfa9638f9d35f369726307627b2deda [1ms]
2025-03-04 14:40:31.828 [info] > git show --textconv :Assets/Scripts/playerScripts/CombatScript.cs [1ms]
2025-03-04 14:40:41.639 [info] > git config --get commit.template [8ms]
2025-03-04 14:40:41.639 [info] > git for-each-ref --format=%(refname)%00%(upstream:short)%00%(objectname)%00%(upstream:track)%00%(upstream:remotename)%00%(upstream:remoteref) refs/heads/main refs/remotes/main [1ms]
2025-03-04 14:40:41.658 [info] > git status -z -uall [11ms]
2025-03-04 14:40:41.659 [info] > git for-each-ref --sort -committerdate --format %(refname) %(objectname) %(*objectname) [3ms]
2025-03-04 14:40:42.760 [info] > git check-ignore -v -z --stdin [1ms]
2025-03-04 14:40:52.068 [info] > git config --get commit.template [1ms]
2025-03-04 14:40:52.077 [info] > git for-each-ref --format=%(refname)%00%(upstream:short)%00%(objectname)%00%(upstream:track)%00%(upstream:remotename)%00%(upstream:remoteref) refs/heads/main refs/remotes/main [1ms]
2025-03-04 14:40:52.092 [info] > git status -z -uall [7ms]
2025-03-04 14:40:52.093 [info] > git for-each-ref --sort -committerdate --format %(refname) %(objectname) %(*objectname) [2ms]
2025-03-04 14:40:52.169 [info] > git ls-files --stage -- /home/ben/code/unity_projects/blood-bath/Assets/Scripts/playerScripts/CombatScript.cs [1ms]
2025-03-04 14:40:52.178 [info] > git cat-file -s 15053ec00cfa9638f9d35f369726307627b2deda [1ms]
2025-03-04 14:40:52.187 [info] > git show --textconv :Assets/Scripts/playerScripts/CombatScript.cs [1ms]
2025-03-04 14:40:55.482 [info] > git config --get commit.template [1ms]
2025-03-04 14:40:55.491 [info] > git for-each-ref --format=%(refname)%00%(upstream:short)%00%(objectname)%00%(upstream:track)%00%(upstream:remotename)%00%(upstream:remoteref) refs/heads/main refs/remotes/main [1ms]
2025-03-04 14:40:55.507 [info] > git status -z -uall [8ms]
2025-03-04 14:40:55.510 [info] > git for-each-ref --sort -committerdate --format %(refname) %(objectname) %(*objectname) [3ms]
2025-03-04 14:40:55.529 [info] > git blame --root --incremental a1905a99f38a83f92955becc57a9996a140a9141 -- /home/ben/code/unity_projects/blood-bath/Assets/Scripts/playerScripts/CombatScript.cs [10ms]
2025-03-04 14:40:55.530 [info] > git merge-base refs/heads/main refs/remotes/origin/main [3ms]
2025-03-04 14:40:55.540 [info] > git diff --name-status -z --diff-filter=ADMR a1905a99f38a83f92955becc57a9996a140a9141...refs/remotes/origin/main [2ms]
2025-03-04 14:40:56.622 [info] > git ls-files --stage -- /home/ben/code/unity_projects/blood-bath/Assets/Scripts/playerScripts/CombatScript.cs [1ms]
2025-03-04 14:40:56.631 [info] > git cat-file -s 15053ec00cfa9638f9d35f369726307627b2deda [1ms]
2025-03-04 14:40:56.641 [info] > git show --textconv :Assets/Scripts/playerScripts/CombatScript.cs [2ms]
2025-03-04 14:43:06.213 [info] > git show --textconv :Assets/Scripts/playerScripts/CombatScript.cs [8ms]
2025-03-04 14:43:06.214 [info] > git ls-files --stage -- /home/ben/code/unity_projects/blood-bath/Assets/Scripts/playerScripts/CombatScript.cs [2ms]
2025-03-04 14:43:06.223 [info] > git cat-file -s 15053ec00cfa9638f9d35f369726307627b2deda [1ms]
2025-03-04 14:43:40.048 [info] > git config --get commit.template [2ms]
2025-03-04 14:43:40.057 [info] > git for-each-ref --format=%(refname)%00%(upstream:short)%00%(objectname)%00%(upstream:track)%00%(upstream:remotename)%00%(upstream:remoteref) refs/heads/main refs/remotes/main [1ms]
2025-03-04 14:43:40.074 [info] > git status -z -uall [9ms]
2025-03-04 14:43:40.075 [info] > git for-each-ref --sort -committerdate --format %(refname) %(objectname) %(*objectname) [3ms]
2025-03-04 14:44:11.381 [info] > git config --get commit.template [10ms]
2025-03-04 14:44:11.382 [info] > git for-each-ref --format=%(refname)%00%(upstream:short)%00%(objectname)%00%(upstream:track)%00%(upstream:remotename)%00%(upstream:remoteref) refs/heads/main refs/remotes/main [2ms]
2025-03-04 14:44:11.398 [info] > git status -z -uall [8ms]
2025-03-04 14:44:11.400 [info] > git for-each-ref --sort -committerdate --format %(refname) %(objectname) %(*objectname) [2ms]
2025-03-04 14:44:18.986 [info] > git config --get commit.template [1ms]
2025-03-04 14:44:18.994 [info] > git for-each-ref --format=%(refname)%00%(upstream:short)%00%(objectname)%00%(upstream:track)%00%(upstream:remotename)%00%(upstream:remoteref) refs/heads/main refs/remotes/main [1ms]
2025-03-04 14:44:19.008 [info] > git status -z -uall [7ms]
2025-03-04 14:44:19.010 [info] > git for-each-ref --sort -committerdate --format %(refname) %(objectname) %(*objectname) [2ms]
2025-03-04 14:44:24.082 [info] > git config --get commit.template [7ms]
2025-03-04 14:44:24.083 [info] > git for-each-ref --format=%(refname)%00%(upstream:short)%00%(objectname)%00%(upstream:track)%00%(upstream:remotename)%00%(upstream:remoteref) refs/heads/main refs/remotes/main [1ms]
2025-03-04 14:44:24.097 [info] > git status -z -uall [7ms]
2025-03-04 14:44:24.098 [info] > git for-each-ref --sort -committerdate --format %(refname) %(objectname) %(*objectname) [2ms]
2025-03-04 14:44:30.291 [info] > git config --get commit.template [9ms]
2025-03-04 14:44:30.292 [info] > git for-each-ref --format=%(refname)%00%(upstream:short)%00%(objectname)%00%(upstream:track)%00%(upstream:remotename)%00%(upstream:remoteref) refs/heads/main refs/remotes/main [2ms]
2025-03-04 14:44:30.309 [info] > git status -z -uall [10ms]
2025-03-04 14:44:30.310 [info] > git for-each-ref --sort -committerdate --format %(refname) %(objectname) %(*objectname) [2ms]
2025-03-04 14:44:40.813 [info] > git config --get commit.template [8ms]
2025-03-04 14:44:40.814 [info] > git for-each-ref --format=%(refname)%00%(upstream:short)%00%(objectname)%00%(upstream:track)%00%(upstream:remotename)%00%(upstream:remoteref) refs/heads/main refs/remotes/main [2ms]
2025-03-04 14:44:40.829 [info] > git status -z -uall [8ms]
2025-03-04 14:44:40.830 [info] > git for-each-ref --sort -committerdate --format %(refname) %(objectname) %(*objectname) [2ms]
2025-03-04 14:44:45.853 [info] > git config --get commit.template [9ms]
2025-03-04 14:44:45.853 [info] > git for-each-ref --format=%(refname)%00%(upstream:short)%00%(objectname)%00%(upstream:track)%00%(upstream:remotename)%00%(upstream:remoteref) refs/heads/main refs/remotes/main [1ms]
2025-03-04 14:44:45.867 [info] > git status -z -uall [8ms]
2025-03-04 14:44:45.868 [info] > git for-each-ref --sort -committerdate --format %(refname) %(objectname) %(*objectname) [2ms]
2025-03-04 14:44:50.889 [info] > git config --get commit.template [8ms]
2025-03-04 14:44:50.890 [info] > git for-each-ref --format=%(refname)%00%(upstream:short)%00%(objectname)%00%(upstream:track)%00%(upstream:remotename)%00%(upstream:remoteref) refs/heads/main refs/remotes/main [1ms]
2025-03-04 14:44:50.907 [info] > git status -z -uall [9ms]
2025-03-04 14:44:50.908 [info] > git for-each-ref --sort -committerdate --format %(refname) %(objectname) %(*objectname) [2ms]
2025-03-04 14:44:55.930 [info] > git config --get commit.template [9ms]
2025-03-04 14:44:55.931 [info] > git for-each-ref --format=%(refname)%00%(upstream:short)%00%(objectname)%00%(upstream:track)%00%(upstream:remotename)%00%(upstream:remoteref) refs/heads/main refs/remotes/main [1ms]
2025-03-04 14:44:55.945 [info] > git status -z -uall [7ms]
2025-03-04 14:44:55.946 [info] > git for-each-ref --sort -committerdate --format %(refname) %(objectname) %(*objectname) [2ms]
2025-03-04 14:47:37.728 [info] > git config --get commit.template [1ms]
2025-03-04 14:47:37.738 [info] > git for-each-ref --format=%(refname)%00%(upstream:short)%00%(objectname)%00%(upstream:track)%00%(upstream:remotename)%00%(upstream:remoteref) refs/heads/main refs/remotes/main [1ms]
2025-03-04 14:47:37.755 [info] > git status -z -uall [9ms]
2025-03-04 14:47:37.756 [info] > git for-each-ref --sort -committerdate --format %(refname) %(objectname) %(*objectname) [1ms]
2025-03-04 14:47:50.579 [info] > git config --get commit.template [10ms]
2025-03-04 14:47:50.580 [info] > git for-each-ref --format=%(refname)%00%(upstream:short)%00%(objectname)%00%(upstream:track)%00%(upstream:remotename)%00%(upstream:remoteref) refs/heads/main refs/remotes/main [2ms]
2025-03-04 14:47:50.598 [info] > git status -z -uall [9ms]
2025-03-04 14:47:50.599 [info] > git for-each-ref --sort -committerdate --format %(refname) %(objectname) %(*objectname) [2ms]
2025-03-04 14:48:13.427 [info] > git config --get commit.template [9ms]
2025-03-04 14:48:13.427 [info] > git for-each-ref --format=%(refname)%00%(upstream:short)%00%(objectname)%00%(upstream:track)%00%(upstream:remotename)%00%(upstream:remoteref) refs/heads/main refs/remotes/main [1ms]
2025-03-04 14:48:13.446 [info] > git status -z -uall [11ms]
2025-03-04 14:48:13.447 [info] > git for-each-ref --sort -committerdate --format %(refname) %(objectname) %(*objectname) [2ms]
2025-03-04 14:48:36.202 [info] > git config --get commit.template [9ms]
2025-03-04 14:48:36.203 [info] > git for-each-ref --format=%(refname)%00%(upstream:short)%00%(objectname)%00%(upstream:track)%00%(upstream:remotename)%00%(upstream:remoteref) refs/heads/main refs/remotes/main [1ms]
2025-03-04 14:48:36.220 [info] > git status -z -uall [8ms]
2025-03-04 14:48:36.221 [info] > git for-each-ref --sort -committerdate --format %(refname) %(objectname) %(*objectname) [1ms]
2025-03-04 14:48:36.297 [info] > git ls-files --stage -- /home/ben/code/unity_projects/blood-bath/Assets/Scripts/playerScripts/CombatScript.cs [2ms]
2025-03-04 14:48:36.306 [info] > git cat-file -s 15053ec00cfa9638f9d35f369726307627b2deda [1ms]
2025-03-04 14:48:36.317 [info] > git show --textconv :Assets/Scripts/playerScripts/CombatScript.cs [2ms]
2025-03-04 14:48:49.253 [info] > git config --get commit.template [8ms]
2025-03-04 14:48:49.254 [info] > git for-each-ref --format=%(refname)%00%(upstream:short)%00%(objectname)%00%(upstream:track)%00%(upstream:remotename)%00%(upstream:remoteref) refs/heads/main refs/remotes/main [1ms]
2025-03-04 14:48:49.269 [info] > git status -z -uall [7ms]
2025-03-04 14:48:49.271 [info] > git for-each-ref --sort -committerdate --format %(refname) %(objectname) %(*objectname) [2ms]
2025-03-04 14:48:50.286 [info] > git config --get commit.template [2ms]
2025-03-04 14:48:50.295 [info] > git for-each-ref --format=%(refname)%00%(upstream:short)%00%(objectname)%00%(upstream:track)%00%(upstream:remotename)%00%(upstream:remoteref) refs/heads/main refs/remotes/main [2ms]
2025-03-04 14:48:50.311 [info] > git status -z -uall [8ms]
2025-03-04 14:48:50.312 [info] > git for-each-ref --sort -committerdate --format %(refname) %(objectname) %(*objectname) [2ms]
2025-03-04 14:48:50.386 [info] > git ls-files --stage -- /home/ben/code/unity_projects/blood-bath/Assets/Scripts/playerScripts/CombatScript.cs [1ms]
2025-03-04 14:48:50.394 [info] > git cat-file -s 15053ec00cfa9638f9d35f369726307627b2deda [1ms]
2025-03-04 14:48:50.404 [info] > git show --textconv :Assets/Scripts/playerScripts/CombatScript.cs [1ms]
2025-03-04 14:49:20.985 [info] > git config --get commit.template [1ms]
2025-03-04 14:49:20.994 [info] > git for-each-ref --format=%(refname)%00%(upstream:short)%00%(objectname)%00%(upstream:track)%00%(upstream:remotename)%00%(upstream:remoteref) refs/heads/main refs/remotes/main [1ms]
2025-03-04 14:49:21.010 [info] > git status -z -uall [8ms]
2025-03-04 14:49:21.011 [info] > git for-each-ref --sort -committerdate --format %(refname) %(objectname) %(*objectname) [2ms]
2025-03-04 14:49:21.029 [info] > git blame --root --incremental 5c61c8db0a6993dfc7c38a218b0482e5cfc89658 -- /home/ben/code/unity_projects/blood-bath/Assets/Scripts/playerScripts/CombatScript.cs [9ms]
2025-03-04 14:49:21.030 [info] > git merge-base refs/heads/main refs/remotes/origin/main [2ms]
2025-03-04 14:49:21.041 [info] > git diff --name-status -z --diff-filter=ADMR a1905a99f38a83f92955becc57a9996a140a9141...refs/remotes/origin/main [2ms]
2025-03-04 14:49:22.052 [info] > git config --get commit.template [1ms]
2025-03-04 14:49:22.061 [info] > git for-each-ref --format=%(refname)%00%(upstream:short)%00%(objectname)%00%(upstream:track)%00%(upstream:remotename)%00%(upstream:remoteref) refs/heads/main refs/remotes/main [2ms]
2025-03-04 14:49:22.078 [info] > git status -z -uall [8ms]
2025-03-04 14:49:22.079 [info] > git for-each-ref --sort -committerdate --format %(refname) %(objectname) %(*objectname) [2ms]
2025-03-04 14:49:22.153 [info] > git ls-files --stage -- /home/ben/code/unity_projects/blood-bath/Assets/Scripts/playerScripts/CombatScript.cs [1ms]
2025-03-04 14:49:22.163 [info] > git cat-file -s 15053ec00cfa9638f9d35f369726307627b2deda [2ms]
2025-03-04 14:49:22.173 [info] > git show --textconv :Assets/Scripts/playerScripts/CombatScript.cs [1ms]
2025-03-04 14:49:30.774 [info] > git config --get commit.template [8ms]
2025-03-04 14:49:30.775 [info] > git for-each-ref --format=%(refname)%00%(upstream:short)%00%(objectname)%00%(upstream:track)%00%(upstream:remotename)%00%(upstream:remoteref) refs/heads/main refs/remotes/main [2ms]
2025-03-04 14:49:30.791 [info] > git status -z -uall [8ms]
2025-03-04 14:49:30.792 [info] > git for-each-ref --sort -committerdate --format %(refname) %(objectname) %(*objectname) [2ms]
2025-03-04 14:49:30.804 [info] > git merge-base refs/heads/main refs/remotes/origin/main [2ms]
2025-03-04 14:49:30.813 [info] > git diff --name-status -z --diff-filter=ADMR 5c61c8db0a6993dfc7c38a218b0482e5cfc89658...refs/remotes/origin/main [1ms]
2025-03-04 14:49:31.837 [info] > git config --get commit.template [9ms]
2025-03-04 14:49:31.838 [info] > git for-each-ref --format=%(refname)%00%(upstream:short)%00%(objectname)%00%(upstream:track)%00%(upstream:remotename)%00%(upstream:remoteref) refs/heads/main refs/remotes/main [2ms]
2025-03-04 14:49:31.852 [info] > git status -z -uall [7ms]
2025-03-04 14:49:31.853 [info] > git for-each-ref --sort -committerdate --format %(refname) %(objectname) %(*objectname) [1ms]
2025-03-04 14:49:31.930 [info] > git ls-files --stage -- /home/ben/code/unity_projects/blood-bath/Assets/Scripts/playerScripts/CombatScript.cs [2ms]
2025-03-04 14:49:31.939 [info] > git cat-file -s 15053ec00cfa9638f9d35f369726307627b2deda [1ms]
2025-03-04 14:49:31.949 [info] > git show --textconv :Assets/Scripts/playerScripts/CombatScript.cs [1ms]
2025-03-04 14:50:54.949 [info] > git config --get commit.template [8ms]
2025-03-04 14:50:54.950 [info] > git for-each-ref --format=%(refname)%00%(upstream:short)%00%(objectname)%00%(upstream:track)%00%(upstream:remotename)%00%(upstream:remoteref) refs/heads/DialogueTest refs/remotes/DialogueTest [2ms]
2025-03-04 14:50:54.968 [info] > git status -z -uall [10ms]
2025-03-04 14:50:54.968 [info] > git for-each-ref --sort -committerdate --format %(refname) %(objectname) %(*objectname) [2ms]
2025-03-04 14:50:54.979 [info] > git for-each-ref --format=%(refname)%00%(upstream:short)%00%(objectname)%00%(upstream:track)%00%(upstream:remotename)%00%(upstream:remoteref) refs/heads/DialogueTest refs/remotes/DialogueTest [1ms]
2025-03-04 14:50:54.987 [info] > git config --get --local branch.DialogueTest.vscode-merge-base [1ms]
2025-03-04 14:50:54.996 [info] > git for-each-ref --format=%(refname)%00%(upstream:short)%00%(objectname)%00%(upstream:track)%00%(upstream:remotename)%00%(upstream:remoteref) refs/heads/origin/DialogueTest refs/remotes/origin/DialogueTest [2ms]
2025-03-04 14:50:55.004 [info] > git merge-base refs/heads/DialogueTest refs/remotes/origin/DialogueTest [1ms]
2025-03-04 14:50:55.013 [info] > git diff --name-status -z --diff-filter=ADMR 8c40654fdd079adb1a1a719faa81b3e961c2fee9...refs/remotes/origin/DialogueTest [2ms]
2025-03-04 14:50:56.008 [info] > git config --get commit.template [1ms]
2025-03-04 14:50:56.018 [info] > git for-each-ref --format=%(refname)%00%(upstream:short)%00%(objectname)%00%(upstream:track)%00%(upstream:remotename)%00%(upstream:remoteref) refs/heads/DialogueTest refs/remotes/DialogueTest [2ms]
2025-03-04 14:50:56.032 [info] > git status -z -uall [7ms]
2025-03-04 14:50:56.033 [info] > git for-each-ref --sort -committerdate --format %(refname) %(objectname) %(*objectname) [1ms]
2025-03-04 14:50:56.107 [info] > git ls-files --stage -- /home/ben/code/unity_projects/blood-bath/Assets/Scripts/playerScripts/CombatScript.cs [1ms]
2025-03-04 14:50:56.116 [info] > git cat-file -s 15053ec00cfa9638f9d35f369726307627b2deda [1ms]
2025-03-04 14:50:56.126 [info] > git show --textconv :Assets/Scripts/playerScripts/CombatScript.cs [1ms]
2025-03-04 14:51:17.288 [info] > git config --get commit.template [2ms]
2025-03-04 14:51:17.296 [info] > git for-each-ref --format=%(refname)%00%(upstream:short)%00%(objectname)%00%(upstream:track)%00%(upstream:remotename)%00%(upstream:remoteref) refs/heads/DialogueTest refs/remotes/DialogueTest [1ms]
2025-03-04 14:51:17.312 [info] > git status -z -uall [9ms]
2025-03-04 14:51:17.314 [info] > git for-each-ref --sort -committerdate --format %(refname) %(objectname) %(*objectname) [2ms]
2025-03-04 14:51:17.325 [info] > git merge-base refs/heads/DialogueTest refs/remotes/origin/DialogueTest [2ms]
2025-03-04 14:51:17.333 [info] > git diff --name-status -z --diff-filter=ADMR 8c40654fdd079adb1a1a719faa81b3e961c2fee9...refs/remotes/origin/DialogueTest [1ms]
2025-03-04 14:51:18.427 [info] > git ls-files --stage -- /home/ben/code/unity_projects/blood-bath/Assets/Scripts/playerScripts/CombatScript.cs [1ms]
2025-03-04 14:51:18.436 [info] > git cat-file -s 15053ec00cfa9638f9d35f369726307627b2deda [1ms]
2025-03-04 14:51:18.446 [info] > git show --textconv :Assets/Scripts/playerScripts/CombatScript.cs [2ms]
2025-03-04 14:51:32.513 [info] > git config --get commit.template [8ms]
2025-03-04 14:51:32.513 [info] > git for-each-ref --format=%(refname)%00%(upstream:short)%00%(objectname)%00%(upstream:track)%00%(upstream:remotename)%00%(upstream:remoteref) refs/heads/DialogueTest refs/remotes/DialogueTest [1ms]
2025-03-04 14:51:32.528 [info] > git status -z -uall [7ms]
2025-03-04 14:51:32.529 [info] > git for-each-ref --sort -committerdate --format %(refname) %(objectname) %(*objectname) [2ms]
2025-03-04 14:51:32.540 [info] > git merge-base refs/heads/DialogueTest refs/remotes/origin/DialogueTest [1ms]
2025-03-04 14:51:32.549 [info] > git diff --name-status -z --diff-filter=ADMR 5c61c8db0a6993dfc7c38a218b0482e5cfc89658...refs/remotes/origin/DialogueTest [1ms]
2025-03-04 14:51:33.578 [info] > git config --get commit.template [10ms]
2025-03-04 14:51:33.579 [info] > git for-each-ref --format=%(refname)%00%(upstream:short)%00%(objectname)%00%(upstream:track)%00%(upstream:remotename)%00%(upstream:remoteref) refs/heads/DialogueTest refs/remotes/DialogueTest [2ms]
2025-03-04 14:51:33.594 [info] > git status -z -uall [8ms]
2025-03-04 14:51:33.594 [info] > git for-each-ref --sort -committerdate --format %(refname) %(objectname) %(*objectname) [1ms]
2025-03-04 14:51:33.668 [info] > git ls-files --stage -- /home/ben/code/unity_projects/blood-bath/Assets/Scripts/playerScripts/CombatScript.cs [1ms]
2025-03-04 14:51:33.677 [info] > git cat-file -s 15053ec00cfa9638f9d35f369726307627b2deda [1ms]
2025-03-04 14:51:33.687 [info] > git show --textconv :Assets/Scripts/playerScripts/CombatScript.cs [1ms]
2025-03-04 14:52:18.016 [info] > git config --get commit.template [9ms]
2025-03-04 14:52:18.017 [info] > git for-each-ref --format=%(refname)%00%(upstream:short)%00%(objectname)%00%(upstream:track)%00%(upstream:remotename)%00%(upstream:remoteref) refs/heads/DialogueTest refs/remotes/DialogueTest [2ms]
2025-03-04 14:52:18.032 [info] > git status -z -uall [8ms]
2025-03-04 14:52:18.032 [info] > git for-each-ref --sort -committerdate --format %(refname) %(objectname) %(*objectname) [1ms]
2025-03-04 14:52:19.077 [info] > git config --get commit.template [2ms]
2025-03-04 14:52:19.086 [info] > git for-each-ref --format=%(refname)%00%(upstream:short)%00%(objectname)%00%(upstream:track)%00%(upstream:remotename)%00%(upstream:remoteref) refs/heads/DialogueTest refs/remotes/DialogueTest [1ms]
2025-03-04 14:52:19.100 [info] > git status -z -uall [7ms]
2025-03-04 14:52:19.101 [info] > git for-each-ref --sort -committerdate --format %(refname) %(objectname) %(*objectname) [2ms]
2025-03-04 14:52:19.176 [info] > git ls-files --stage -- /home/ben/code/unity_projects/blood-bath/Assets/Scripts/playerScripts/CombatScript.cs [1ms]
2025-03-04 14:52:19.185 [info] > git cat-file -s 15053ec00cfa9638f9d35f369726307627b2deda [1ms]
2025-03-04 14:52:19.195 [info] > git show --textconv :Assets/Scripts/playerScripts/CombatScript.cs [2ms]
2025-03-04 14:52:31.020 [info] > git for-each-ref --format=%(refname)%00%(upstream:short)%00%(objectname)%00%(upstream:track)%00%(upstream:remotename)%00%(upstream:remoteref) refs/heads/main refs/remotes/main [2ms]
2025-03-04 14:52:31.020 [info] > git config --get commit.template [10ms]
2025-03-04 14:52:31.035 [info] > git status -z -uall [8ms]
2025-03-04 14:52:31.036 [info] > git for-each-ref --sort -committerdate --format %(refname) %(objectname) %(*objectname) [2ms]
2025-03-04 14:52:31.047 [info] > git for-each-ref --format=%(refname)%00%(upstream:short)%00%(objectname)%00%(upstream:track)%00%(upstream:remotename)%00%(upstream:remoteref) refs/heads/main refs/remotes/main [2ms]
2025-03-04 14:52:31.056 [info] > git config --get --local branch.main.vscode-merge-base [2ms]
2025-03-04 14:52:31.065 [info] > git for-each-ref --format=%(refname)%00%(upstream:short)%00%(objectname)%00%(upstream:track)%00%(upstream:remotename)%00%(upstream:remoteref) refs/heads/origin/main refs/remotes/origin/main [1ms]
2025-03-04 14:52:31.074 [info] > git merge-base refs/heads/main refs/remotes/origin/main [2ms]
2025-03-04 14:52:31.083 [info] > git diff --name-status -z --diff-filter=ADMR 5c61c8db0a6993dfc7c38a218b0482e5cfc89658...refs/remotes/origin/main [1ms]
2025-03-04 14:52:32.082 [info] > git config --get commit.template [8ms]
2025-03-04 14:52:32.083 [info] > git for-each-ref --format=%(refname)%00%(upstream:short)%00%(objectname)%00%(upstream:track)%00%(upstream:remotename)%00%(upstream:remoteref) refs/heads/main refs/remotes/main [1ms]
2025-03-04 14:52:32.099 [info] > git status -z -uall [9ms]
2025-03-04 14:52:32.100 [info] > git for-each-ref --sort -committerdate --format %(refname) %(objectname) %(*objectname) [2ms]
2025-03-04 14:52:32.219 [info] > git ls-files --stage -- /home/ben/code/unity_projects/blood-bath/Assets/Scripts/playerScripts/CombatScript.cs [3ms]
2025-03-04 14:52:32.233 [info] > git cat-file -s 15053ec00cfa9638f9d35f369726307627b2deda [2ms]
2025-03-04 14:52:32.243 [info] > git show --textconv :Assets/Scripts/playerScripts/CombatScript.cs [2ms]
2025-03-04 14:53:47.604 [info] > git config --get commit.template [10ms]
2025-03-04 14:53:47.605 [info] > git for-each-ref --format=%(refname)%00%(upstream:short)%00%(objectname)%00%(upstream:track)%00%(upstream:remotename)%00%(upstream:remoteref) refs/heads/main refs/remotes/main [2ms]
2025-03-04 14:53:47.624 [info] > git status -z -uall [11ms]
2025-03-04 14:53:47.625 [info] > git for-each-ref --sort -committerdate --format %(refname) %(objectname) %(*objectname) [2ms]
2025-03-04 14:53:55.659 [info] > git config --get commit.template [10ms]
2025-03-04 14:53:55.660 [info] > git for-each-ref --format=%(refname)%00%(upstream:short)%00%(objectname)%00%(upstream:track)%00%(upstream:remotename)%00%(upstream:remoteref) refs/heads/main refs/remotes/main [2ms]
2025-03-04 14:53:55.676 [info] > git status -z -uall [7ms]
2025-03-04 14:53:55.678 [info] > git for-each-ref --sort -committerdate --format %(refname) %(objectname) %(*objectname) [2ms]
2025-03-04 14:54:19.110 [info] > git config --get commit.template [9ms]
2025-03-04 14:54:19.111 [info] > git for-each-ref --format=%(refname)%00%(upstream:short)%00%(objectname)%00%(upstream:track)%00%(upstream:remotename)%00%(upstream:remoteref) refs/heads/temporary refs/remotes/temporary [1ms]
2025-03-04 14:54:19.126 [info] > git status -z -uall [7ms]
2025-03-04 14:54:19.127 [info] > git for-each-ref --sort -committerdate --format %(refname) %(objectname) %(*objectname) [1ms]
2025-03-04 14:54:19.139 [info] > git for-each-ref --format=%(refname)%00%(upstream:short)%00%(objectname)%00%(upstream:track)%00%(upstream:remotename)%00%(upstream:remoteref) refs/heads/temporary refs/remotes/temporary [2ms]
2025-03-04 14:54:19.148 [info] > git config --get --local branch.temporary.vscode-merge-base [1ms]
2025-03-04 14:54:19.158 [info] > git for-each-ref --format=%(refname)%00%(upstream:short)%00%(objectname)%00%(upstream:track)%00%(upstream:remotename)%00%(upstream:remoteref) refs/heads/origin/temporary refs/remotes/origin/temporary [1ms]
2025-03-04 14:54:19.167 [info] > git merge-base refs/heads/temporary refs/remotes/origin/temporary [2ms]
2025-03-04 14:54:19.176 [info] > git diff --name-status -z --diff-filter=ADMR 8c40654fdd079adb1a1a719faa81b3e961c2fee9...refs/remotes/origin/temporary [1ms]
2025-03-04 14:54:20.187 [info] > git config --get commit.template [10ms]
2025-03-04 14:54:20.187 [info] > git for-each-ref --format=%(refname)%00%(upstream:short)%00%(objectname)%00%(upstream:track)%00%(upstream:remotename)%00%(upstream:remoteref) refs/heads/temporary refs/remotes/temporary [1ms]
2025-03-04 14:54:20.204 [info] > git status -z -uall [8ms]
2025-03-04 14:54:20.205 [info] > git for-each-ref --sort -committerdate --format %(refname) %(objectname) %(*objectname) [2ms]
2025-03-04 14:54:20.279 [info] > git ls-files --stage -- /home/ben/code/unity_projects/blood-bath/Assets/Scripts/playerScripts/CombatScript.cs [2ms]
2025-03-04 14:54:20.289 [info] > git cat-file -s 15053ec00cfa9638f9d35f369726307627b2deda [2ms]
2025-03-04 14:54:20.299 [info] > git show --textconv :Assets/Scripts/playerScripts/CombatScript.cs [1ms]
2025-03-04 14:54:29.052 [info] > git config --get commit.template [8ms]
2025-03-04 14:54:29.053 [info] > git for-each-ref --format=%(refname)%00%(upstream:short)%00%(objectname)%00%(upstream:track)%00%(upstream:remotename)%00%(upstream:remoteref) refs/heads/temporary refs/remotes/temporary [1ms]
2025-03-04 14:54:29.067 [info] > git status -z -uall [7ms]
2025-03-04 14:54:29.068 [info] > git for-each-ref --sort -committerdate --format %(refname) %(objectname) %(*objectname) [1ms]
2025-03-04 14:54:29.146 [info] > git ls-files --stage -- /home/ben/code/unity_projects/blood-bath/Assets/Scripts/playerScripts/CombatScript.cs [1ms]
2025-03-04 14:54:29.155 [info] > git cat-file -s 15053ec00cfa9638f9d35f369726307627b2deda [1ms]
2025-03-04 14:54:29.163 [info] > git show --textconv :Assets/Scripts/playerScripts/CombatScript.cs [1ms]
2025-03-04 14:54:32.107 [info] > git config --get commit.template [9ms]
2025-03-04 14:54:32.108 [info] > git for-each-ref --format=%(refname)%00%(upstream:short)%00%(objectname)%00%(upstream:track)%00%(upstream:remotename)%00%(upstream:remoteref) refs/heads/temporary refs/remotes/temporary [1ms]
2025-03-04 14:54:32.123 [info] > git status -z -uall [8ms]
2025-03-04 14:54:32.124 [info] > git for-each-ref --sort -committerdate --format %(refname) %(objectname) %(*objectname) [1ms]
2025-03-04 14:54:32.778 [info] > git ls-files --stage -- /home/ben/code/unity_projects/blood-bath/Assets/Scripts/playerScripts/CombatScript.cs [1ms]
2025-03-04 14:54:32.787 [info] > git cat-file -s 15053ec00cfa9638f9d35f369726307627b2deda [1ms]
2025-03-04 14:54:32.797 [info] > git show --textconv :Assets/Scripts/playerScripts/CombatScript.cs [2ms]
2025-03-04 14:54:34.089 [info] > git config --get commit.template [9ms]
2025-03-04 14:54:34.090 [info] > git for-each-ref --format=%(refname)%00%(upstream:short)%00%(objectname)%00%(upstream:track)%00%(upstream:remotename)%00%(upstream:remoteref) refs/heads/temporary refs/remotes/temporary [1ms]
2025-03-04 14:54:34.104 [info] > git status -z -uall [6ms]
2025-03-04 14:54:34.106 [info] > git for-each-ref --sort -committerdate --format %(refname) %(objectname) %(*objectname) [2ms]
2025-03-04 14:54:46.700 [info] > git config --get commit.template [10ms]
2025-03-04 14:54:46.701 [info] > git for-each-ref --format=%(refname)%00%(upstream:short)%00%(objectname)%00%(upstream:track)%00%(upstream:remotename)%00%(upstream:remoteref) refs/heads/temporary refs/remotes/temporary [1ms]
2025-03-04 14:54:46.718 [info] > git status -z -uall [8ms]
2025-03-04 14:54:46.720 [info] > git for-each-ref --sort -committerdate --format %(refname) %(objectname) %(*objectname) [2ms]
2025-03-04 14:54:46.731 [info] > git merge-base refs/heads/temporary refs/remotes/origin/temporary [1ms]
2025-03-04 14:54:46.742 [info] > git diff --name-status -z --diff-filter=ADMR 8c40654fdd079adb1a1a719faa81b3e961c2fee9...refs/remotes/origin/temporary [2ms]
2025-03-04 14:54:47.827 [info] > git config --get commit.template [10ms]
2025-03-04 14:54:47.828 [info] > git for-each-ref --format=%(refname)%00%(upstream:short)%00%(objectname)%00%(upstream:track)%00%(upstream:remotename)%00%(upstream:remoteref) refs/heads/temporary refs/remotes/temporary [2ms]
2025-03-04 14:54:47.843 [info] > git status -z -uall [8ms]
2025-03-04 14:54:47.844 [info] > git for-each-ref --sort -committerdate --format %(refname) %(objectname) %(*objectname) [2ms]
2025-03-04 14:54:47.918 [info] > git ls-files --stage -- /home/ben/code/unity_projects/blood-bath/Assets/Scripts/playerScripts/CombatScript.cs [1ms]
2025-03-04 14:54:47.927 [info] > git cat-file -s 15053ec00cfa9638f9d35f369726307627b2deda [2ms]
2025-03-04 14:54:47.936 [info] > git show --textconv :Assets/Scripts/playerScripts/CombatScript.cs [2ms]
2025-03-04 14:54:57.938 [info] > git config --get commit.template [7ms]
2025-03-04 14:54:57.938 [info] > git for-each-ref --format=%(refname)%00%(upstream:short)%00%(objectname)%00%(upstream:track)%00%(upstream:remotename)%00%(upstream:remoteref) refs/heads/temporary refs/remotes/temporary [1ms]
2025-03-04 14:54:57.954 [info] > git status -z -uall [7ms]
2025-03-04 14:54:57.955 [info] > git for-each-ref --sort -committerdate --format %(refname) %(objectname) %(*objectname) [2ms]
2025-03-04 14:54:57.966 [info] > git merge-base refs/heads/temporary refs/remotes/origin/temporary [1ms]
2025-03-04 14:54:57.975 [info] > git diff --name-status -z --diff-filter=ADMR 5c61c8db0a6993dfc7c38a218b0482e5cfc89658...refs/remotes/origin/temporary [2ms]
2025-03-04 14:54:58.994 [info] > git config --get commit.template [1ms]
2025-03-04 14:54:59.005 [info] > git for-each-ref --format=%(refname)%00%(upstream:short)%00%(objectname)%00%(upstream:track)%00%(upstream:remotename)%00%(upstream:remoteref) refs/heads/temporary refs/remotes/temporary [2ms]
2025-03-04 14:54:59.021 [info] > git status -z -uall [9ms]
2025-03-04 14:54:59.022 [info] > git for-each-ref --sort -committerdate --format %(refname) %(objectname) %(*objectname) [2ms]
2025-03-04 14:54:59.094 [info] > git ls-files --stage -- /home/ben/code/unity_projects/blood-bath/Assets/Scripts/playerScripts/CombatScript.cs [2ms]
2025-03-04 14:54:59.103 [info] > git cat-file -s 15053ec00cfa9638f9d35f369726307627b2deda [2ms]
2025-03-04 14:54:59.113 [info] > git show --textconv :Assets/Scripts/playerScripts/CombatScript.cs [1ms]
2025-03-04 14:55:21.798 [info] > git config --get commit.template [9ms]
2025-03-04 14:55:21.798 [info] > git for-each-ref --format=%(refname)%00%(upstream:short)%00%(objectname)%00%(upstream:track)%00%(upstream:remotename)%00%(upstream:remoteref) refs/heads/main refs/remotes/main [1ms]
2025-03-04 14:55:21.814 [info] > git status -z -uall [7ms]
2025-03-04 14:55:21.815 [info] > git for-each-ref --sort -committerdate --format %(refname) %(objectname) %(*objectname) [1ms]
2025-03-04 14:55:21.826 [info] > git for-each-ref --format=%(refname)%00%(upstream:short)%00%(objectname)%00%(upstream:track)%00%(upstream:remotename)%00%(upstream:remoteref) refs/heads/main refs/remotes/main [2ms]
2025-03-04 14:55:21.833 [info] > git config --get --local branch.main.vscode-merge-base [1ms]
2025-03-04 14:55:21.843 [info] > git for-each-ref --format=%(refname)%00%(upstream:short)%00%(objectname)%00%(upstream:track)%00%(upstream:remotename)%00%(upstream:remoteref) refs/heads/origin/main refs/remotes/origin/main [2ms]
2025-03-04 14:55:21.851 [info] > git merge-base refs/heads/main refs/remotes/origin/main [2ms]
2025-03-04 14:55:21.859 [info] > git diff --name-status -z --diff-filter=ADMR 5c61c8db0a6993dfc7c38a218b0482e5cfc89658...refs/remotes/origin/main [1ms]
2025-03-04 14:55:22.863 [info] > git config --get commit.template [10ms]
2025-03-04 14:55:22.863 [info] > git for-each-ref --format=%(refname)%00%(upstream:short)%00%(objectname)%00%(upstream:track)%00%(upstream:remotename)%00%(upstream:remoteref) refs/heads/main refs/remotes/main [1ms]
2025-03-04 14:55:22.879 [info] > git status -z -uall [8ms]
2025-03-04 14:55:22.879 [info] > git for-each-ref --sort -committerdate --format %(refname) %(objectname) %(*objectname) [1ms]
2025-03-04 14:55:22.955 [info] > git ls-files --stage -- /home/ben/code/unity_projects/blood-bath/Assets/Scripts/playerScripts/CombatScript.cs [1ms]
2025-03-04 14:55:22.964 [info] > git cat-file -s 15053ec00cfa9638f9d35f369726307627b2deda [1ms]
2025-03-04 14:55:22.974 [info] > git show --textconv :Assets/Scripts/playerScripts/CombatScript.cs [1ms]
2025-03-04 14:55:56.060 [info] > git config --get commit.template [9ms]
2025-03-04 14:55:56.062 [info] > git for-each-ref --format=%(refname)%00%(upstream:short)%00%(objectname)%00%(upstream:track)%00%(upstream:remotename)%00%(upstream:remoteref) refs/heads/main refs/remotes/main [2ms]
2025-03-04 14:55:56.078 [info] > git status -z -uall [8ms]
2025-03-04 14:55:56.079 [info] > git for-each-ref --sort -committerdate --format %(refname) %(objectname) %(*objectname) [1ms]
2025-03-04 14:56:00.080 [info] > git config --get commit.template [2ms]
2025-03-04 14:56:00.098 [info] > git ls-files --stage -- /home/ben/code/unity_projects/blood-bath/Assets/Scripts/playerScripts/CombatScript.cs [8ms]
2025-03-04 14:56:00.105 [info] > git for-each-ref --format=%(refname)%00%(upstream:short)%00%(objectname)%00%(upstream:track)%00%(upstream:remotename)%00%(upstream:remoteref) refs/heads/main refs/remotes/main [8ms]
2025-03-04 14:56:00.120 [info] > git status -z -uall [7ms]
2025-03-04 14:56:00.120 [info] > git cat-file -s 15053ec00cfa9638f9d35f369726307627b2deda [15ms]
2025-03-04 14:56:00.121 [info] > git for-each-ref --sort -committerdate --format %(refname) %(objectname) %(*objectname) [2ms]
2025-03-04 14:56:00.145 [info] > git show --textconv :Assets/Scripts/playerScripts/CombatScript.cs [2ms]
2025-03-04 14:56:05.143 [info] > git config --get commit.template [9ms]
2025-03-04 14:56:05.144 [info] > git for-each-ref --format=%(refname)%00%(upstream:short)%00%(objectname)%00%(upstream:track)%00%(upstream:remotename)%00%(upstream:remoteref) refs/heads/main refs/remotes/main [2ms]
2025-03-04 14:56:05.161 [info] > git status -z -uall [9ms]
2025-03-04 14:56:05.162 [info] > git for-each-ref --sort -committerdate --format %(refname) %(objectname) %(*objectname) [2ms]
2025-03-04 14:56:13.818 [info] > git config --get commit.template [8ms]
2025-03-04 14:56:13.818 [info] > git for-each-ref --format=%(refname)%00%(upstream:short)%00%(objectname)%00%(upstream:track)%00%(upstream:remotename)%00%(upstream:remoteref) refs/heads/main refs/remotes/main [1ms]
2025-03-04 14:56:13.833 [info] > git status -z -uall [8ms]
2025-03-04 14:56:13.834 [info] > git for-each-ref --sort -committerdate --format %(refname) %(objectname) %(*objectname) [2ms]
2025-03-04 14:56:18.852 [info] > git config --get commit.template [8ms]
2025-03-04 14:56:18.852 [info] > git for-each-ref --format=%(refname)%00%(upstream:short)%00%(objectname)%00%(upstream:track)%00%(upstream:remotename)%00%(upstream:remoteref) refs/heads/main refs/remotes/main [1ms]
2025-03-04 14:56:18.870 [info] > git status -z -uall [10ms]
2025-03-04 14:56:18.871 [info] > git for-each-ref --sort -committerdate --format %(refname) %(objectname) %(*objectname) [2ms]
2025-03-04 14:57:05.218 [info] > git config --get commit.template [8ms]
2025-03-04 14:57:05.219 [info] > git for-each-ref --format=%(refname)%00%(upstream:short)%00%(objectname)%00%(upstream:track)%00%(upstream:remotename)%00%(upstream:remoteref) refs/heads/main refs/remotes/main [1ms]
2025-03-04 14:57:05.235 [info] > git status -z -uall [8ms]
2025-03-04 14:57:05.236 [info] > git for-each-ref --sort -committerdate --format %(refname) %(objectname) %(*objectname) [1ms]
2025-03-04 14:57:57.089 [info] > git config --get commit.template [9ms]
2025-03-04 14:57:57.090 [info] > git for-each-ref --format=%(refname)%00%(upstream:short)%00%(objectname)%00%(upstream:track)%00%(upstream:remotename)%00%(upstream:remoteref) refs/heads/main refs/remotes/main [2ms]
2025-03-04 14:57:57.105 [info] > git status -z -uall [8ms]
2025-03-04 14:57:57.106 [info] > git for-each-ref --sort -committerdate --format %(refname) %(objectname) %(*objectname) [1ms]
