2025-03-02 23:01:35.803 [info] [main] Log level: Info
2025-03-02 23:01:35.803 [info] [main] Validating found git in: "git"
2025-03-02 23:01:35.803 [info] [main] Using git "2.48.1" from "git"
2025-03-02 23:01:35.803 [info] [Model][doInitialScan] Initial repository scan started
2025-03-02 23:01:35.803 [info] > git rev-parse --show-toplevel [7ms]
2025-03-02 23:01:35.803 [info] > git rev-parse --git-dir --git-common-dir [3ms]
2025-03-02 23:01:35.803 [info] [Model][openRepository] Opened repository: /home/ben/code/unity_projects/blood-bath
2025-03-02 23:01:35.803 [info] > git rev-parse --show-toplevel [17ms]
2025-03-02 23:01:35.804 [info] > git config --get commit.template [27ms]
2025-03-02 23:01:35.822 [info] > git for-each-ref --format=%(refname)%00%(upstream:short)%00%(objectname)%00%(upstream:track)%00%(upstream:remotename)%00%(upstream:remoteref) refs/heads/main refs/remotes/main [9ms]
2025-03-02 23:01:35.824 [info] > git rev-parse --show-toplevel [4ms]
2025-03-02 23:01:35.849 [info] > git status -z -uall [9ms]
2025-03-02 23:01:35.850 [info] > git rev-parse --show-toplevel [18ms]
2025-03-02 23:01:35.858 [info] > git for-each-ref --sort -committerdate --format %(refname) %(objectname) %(*objectname) [11ms]
2025-03-02 23:01:35.894 [info] > git for-each-ref --format=%(refname)%00%(upstream:short)%00%(objectname)%00%(upstream:track)%00%(upstream:remotename)%00%(upstream:remoteref) refs/heads/main refs/remotes/main [12ms]
2025-03-02 23:01:35.904 [info] > git rev-parse --show-toplevel [46ms]
2025-03-02 23:01:35.913 [info] > git config --get --local branch.main.vscode-merge-base [10ms]
2025-03-02 23:01:35.922 [info] > git config --get commit.template [29ms]
2025-03-02 23:01:35.924 [info] > git for-each-ref --format=%(refname)%00%(upstream:short)%00%(objectname)%00%(upstream:track)%00%(upstream:remotename)%00%(upstream:remoteref) refs/heads/origin/main refs/remotes/origin/main [3ms]
2025-03-02 23:01:35.933 [info] > git rev-parse --show-toplevel [20ms]
2025-03-02 23:01:35.949 [info] > git for-each-ref --format=%(refname)%00%(upstream:short)%00%(objectname)%00%(upstream:track)%00%(upstream:remotename)%00%(upstream:remoteref) refs/heads/main refs/remotes/main [8ms]
2025-03-02 23:01:35.950 [info] > git merge-base refs/heads/main refs/remotes/origin/main [17ms]
2025-03-02 23:01:35.982 [info] > git diff --name-status -z --diff-filter=ADMR 08fcd2b9ec23552334e6c24ac4b19b9d26d42a08...refs/remotes/origin/main [24ms]
2025-03-02 23:01:35.983 [info] > git rev-parse --show-toplevel [34ms]
2025-03-02 23:01:35.997 [info] > git rev-parse --show-toplevel [4ms]
2025-03-02 23:01:36.023 [info] > git status -z -uall [17ms]
2025-03-02 23:01:36.023 [info] > git for-each-ref --sort -committerdate --format %(refname) %(objectname) %(*objectname) [9ms]
2025-03-02 23:01:36.028 [info] > git rev-parse --show-toplevel [7ms]
2025-03-02 23:01:36.029 [info] [Model][doInitialScan] Initial repository scan completed - repositories (1), closed repositories (0), parent repositories (0), unsafe repositories (0)
2025-03-02 23:01:36.062 [info] > git show --textconv :Assets/Scripts/playerScripts/CombatScript.cs [8ms]
2025-03-02 23:01:36.065 [info] > git ls-files --stage -- /home/ben/code/unity_projects/blood-bath/Assets/Scripts/playerScripts/CombatScript.cs [4ms]
2025-03-02 23:01:36.074 [info] > git cat-file -s 63538f480a94f7b82318f1929621e8ddb6af01d1 [2ms]
2025-03-02 23:01:36.297 [info] > git check-ignore -v -z --stdin [2ms]
2025-03-02 23:01:41.574 [info] > git show --textconv :Assets/Scripts/playerScripts/third_person_movement.cs [12ms]
2025-03-02 23:01:41.575 [info] > git ls-files --stage -- /home/ben/code/unity_projects/blood-bath/Assets/Scripts/playerScripts/third_person_movement.cs [2ms]
2025-03-02 23:01:41.585 [info] > git cat-file -s 5ff94f3e5763c834de7d19009eb4ff7ce7fcc7ef [2ms]
2025-03-02 23:01:43.894 [info] > git show --textconv :Assets/Scripts/playerScripts/evade_script.cs [8ms]
2025-03-02 23:01:43.896 [info] > git ls-files --stage -- /home/ben/code/unity_projects/blood-bath/Assets/Scripts/playerScripts/evade_script.cs [2ms]
2025-03-02 23:01:43.904 [info] > git cat-file -s 3e130acd4f6cd0145434255e1f35f37c1a986135 [1ms]
2025-03-02 23:01:44.351 [info] > git show --textconv :Assets/Scripts/playerScripts/ComboSystem.cs [10ms]
2025-03-02 23:01:44.352 [info] > git ls-files --stage -- /home/ben/code/unity_projects/blood-bath/Assets/Scripts/playerScripts/ComboSystem.cs [1ms]
2025-03-02 23:01:44.360 [info] > git cat-file -s 6a307d6ecaf195b6cbba32be2bfa0aca731f2092 [1ms]
2025-03-02 23:02:50.896 [info] > git blame --root --incremental 08fcd2b9ec23552334e6c24ac4b19b9d26d42a08 -- /home/ben/code/unity_projects/blood-bath/Assets/Scripts/playerScripts/ComboSystem.cs [4ms]
