2025-03-02 21:41:46.230 [info] Extension host with pid 3547 started
2025-03-02 21:41:46.230 [info] Skipping acquiring lock for /home/ben/.config/VSCodium/User/workspaceStorage/d9d104ceef60b3555decc414c3e48061.
2025-03-02 21:41:46.402 [info] ExtensionService#_doActivateExtension vscode.emmet, startup: false, activationEvent: 'onLanguage'
2025-03-02 21:41:46.529 [info] ExtensionService#_doActivateExtension vscode.git-base, startup: true, activationEvent: '*', root cause: vscode.git
2025-03-02 21:41:46.621 [info] ExtensionService#_doActivateExtension vscode.git, startup: true, activationEvent: '*'
2025-03-02 21:41:46.696 [info] ExtensionService#_doActivateExtension vscode.github, startup: true, activationEvent: '*'
2025-03-02 21:41:46.768 [info] Eager extensions activated
2025-03-02 21:41:46.798 [info] ExtensionService#_doActivateExtension vscode.debug-auto-launch, startup: false, activationEvent: 'onStartupFinished'
2025-03-02 21:41:46.801 [info] ExtensionService#_doActivateExtension vscode.merge-conflict, startup: false, activationEvent: 'onStartupFinished'
2025-03-02 21:41:46.819 [info] ExtensionService#_doActivateExtension PKief.material-icon-theme, startup: false, activationEvent: 'onStartupFinished'
2025-03-02 21:41:46.834 [info] ExtensionService#_doActivateExtension SaiYs.orion-vscode, startup: false, activationEvent: 'onStartupFinished'
2025-03-02 21:41:57.709 [info] Extension host terminating: renderer closed the MessagePort
2025-03-02 21:41:57.714 [info] Extension host with pid 3547 exiting with code 0
2025-03-02 21:41:58.727 [info] Extension host with pid 3707 started
2025-03-02 21:41:58.727 [info] Skipping acquiring lock for /home/ben/.config/VSCodium/User/workspaceStorage/6405368e27fdea257211a439f57d2e2c.
2025-03-02 21:41:58.856 [info] ExtensionService#_doActivateExtension vscode.git-base, startup: true, activationEvent: '*'
2025-03-02 21:41:58.864 [info] ExtensionService#_doActivateExtension vscode.github, startup: true, activationEvent: '*'
2025-03-02 21:41:58.894 [info] Eager extensions activated
2025-03-02 21:41:58.895 [info] ExtensionService#_doActivateExtension vscode.debug-auto-launch, startup: false, activationEvent: 'onStartupFinished'
2025-03-02 21:41:58.897 [info] ExtensionService#_doActivateExtension vscode.merge-conflict, startup: false, activationEvent: 'onStartupFinished'
2025-03-02 21:41:58.915 [info] ExtensionService#_doActivateExtension PKief.material-icon-theme, startup: false, activationEvent: 'onStartupFinished'
2025-03-02 21:42:00.366 [info] ExtensionService#_doActivateExtension vscode.git, startup: false, activationEvent: 'api', root cause: vscode.github
2025-03-02 21:42:00.435 [info] ExtensionService#_doActivateExtension SaiYs.orion-vscode, startup: false, activationEvent: 'onStartupFinished'
2025-03-02 21:42:00.567 [info] ExtensionService#_doActivateExtension vscode.emmet, startup: false, activationEvent: 'onLanguage'
2025-03-02 21:42:00.729 [info] ExtensionService#_doActivateExtension vscode.github-authentication, startup: false, activationEvent: 'onAuthenticationRequest:github'
